
startup.bin: formato do arquivo binary
startup.bin
arquitetura: UNKNOWN!, sinalizações 0x00000000:

começar o endereço 0x00000000

Seções:
Idx Name          Tam.      VMA       LMA       File off  Algn
  0 .data         000005eb  00000000  00000000  00000000  2**0
                  CONTENTS, ALLOC, LOAD, DATA
SYMBOL TABLE:
nenhum símbolo



Desmontagem da seção .data:

00000000 <.data>:
   0:	e59ff018 	ldr	pc, [pc, #24]	; 0x20
   4:	e59ff018 	ldr	pc, [pc, #24]	; 0x24
   8:	e59ff018 	ldr	pc, [pc, #24]	; 0x28
   c:	e59ff018 	ldr	pc, [pc, #24]	; 0x2c
  10:	e59ff018 	ldr	pc, [pc, #24]	; 0x30
  14:	e1a00000 	nop			; (mov r0, r0)
  18:	e59ff018 	ldr	pc, [pc, #24]	; 0x38
  1c:	e59ff018 	ldr	pc, [pc, #24]	; 0x3c
  20:	80000040 	andhi	r0, r0, r0, asr #32
  24:	4030ce24 	eorsmi	ip, r0, r4, lsr #28
  28:	4030ce28 	eorsmi	ip, r0, r8, lsr #28
  2c:	4030ce2c 	eorsmi	ip, r0, ip, lsr #28
  30:	4030ce30 	eorsmi	ip, r0, r0, lsr lr
  34:	e1a00000 	nop			; (mov r0, r0)
  38:	4030ce38 	eorsmi	ip, r0, r8, lsr lr
  3c:	4030ce3c 	eorsmi	ip, r0, ip, lsr lr
  40:	eb000033 	bl	0x114
  44:	e10f0000 	mrs	r0, CPSR
  48:	e3c0001f 	bic	r0, r0, #31
  4c:	e3800013 	orr	r0, r0, #19
  50:	e38000c0 	orr	r0, r0, #192	; 0xc0
  54:	e129f000 	msr	CPSR_fc, r0
  58:	e3a000d3 	mov	r0, #211	; 0xd3
  5c:	e121f000 	msr	CPSR_c, r0
  60:	e59fd45c 	ldr	sp, [pc, #1116]	; 0x4c4
  64:	e3a000d2 	mov	r0, #210	; 0xd2
  68:	e121f000 	msr	CPSR_c, r0
  6c:	e59fd454 	ldr	sp, [pc, #1108]	; 0x4c8
  70:	e3a000d1 	mov	r0, #209	; 0xd1
  74:	e121f000 	msr	CPSR_c, r0
  78:	e59fd44c 	ldr	sp, [pc, #1100]	; 0x4cc
  7c:	e3a000db 	mov	r0, #219	; 0xdb
  80:	e121f000 	msr	CPSR_c, r0
  84:	e59fd444 	ldr	sp, [pc, #1092]	; 0x4d0
  88:	e3a000d7 	mov	r0, #215	; 0xd7
  8c:	e121f000 	msr	CPSR_c, r0
  90:	e59fd43c 	ldr	sp, [pc, #1084]	; 0x4d4
  94:	e3a000df 	mov	r0, #223	; 0xdf
  98:	e121f000 	msr	CPSR_c, r0
  9c:	e59fd434 	ldr	sp, [pc, #1076]	; 0x4d8
  a0:	e3a00010 	mov	r0, #16
  a4:	e121f000 	msr	CPSR_c, r0
  a8:	e59fd42c 	ldr	sp, [pc, #1068]	; 0x4dc
  ac:	e51f008c 	ldr	r0, [pc, #-140]	; 0x28
  b0:	e59f1428 	ldr	r1, [pc, #1064]	; 0x4e0
  b4:	e5801000 	str	r1, [r0]
  b8:	e59f0424 	ldr	r0, [pc, #1060]	; 0x4e4
  bc:	e59f1424 	ldr	r1, [pc, #1060]	; 0x4e8
  c0:	e5801000 	str	r1, [r0]
  c4:	eb000019 	bl	0x130
  c8:	eb00009d 	bl	0x344
  cc:	eb000064 	bl	0x264
  d0:	eb000080 	bl	0x2d8
  d4:	e10f0000 	mrs	r0, CPSR
  d8:	e3c00080 	bic	r0, r0, #128	; 0x80
  dc:	e129f000 	msr	CPSR_fc, r0
  e0:	e59f0404 	ldr	r0, [pc, #1028]	; 0x4ec
  e4:	eb000019 	bl	0x150
  e8:	eb0000b5 	bl	0x3c4
  ec:	e2055000 	and	r5, r5, #0
  f0:	e59f03f8 	ldr	r0, [pc, #1016]	; 0x4f0
  f4:	e3a01602 	mov	r1, #2097152	; 0x200000
  f8:	e5801000 	str	r1, [r0]
  fc:	eb000021 	bl	0x188
 100:	e59f03ec 	ldr	r0, [pc, #1004]	; 0x4f4
 104:	e3a01602 	mov	r1, #2097152	; 0x200000
 108:	e5801000 	str	r1, [r0]
 10c:	eb00001d 	bl	0x188
 110:	eafffff6 	b	0xf0
 114:	e92d4007 	push	{r0, r1, r2, lr}
 118:	ee110f10 	mrc	15, 0, r0, cr1, cr0, {0}
 11c:	e3c00a02 	bic	r0, r0, #8192	; 0x2000
 120:	ee010f10 	mcr	15, 0, r0, cr1, cr0, {0}
 124:	e59f03cc 	ldr	r0, [pc, #972]	; 0x4f8
 128:	ee0c0f10 	mcr	15, 0, r0, cr12, cr0, {0}
 12c:	e8bd8007 	pop	{r0, r1, r2, pc}
 130:	e59f03c4 	ldr	r0, [pc, #964]	; 0x4fc
 134:	e59f13c4 	ldr	r1, [pc, #964]	; 0x500
 138:	e5801000 	str	r1, [r0]
 13c:	e59f03c0 	ldr	r0, [pc, #960]	; 0x504
 140:	e5901000 	ldr	r1, [r0]
 144:	e3c1161e 	bic	r1, r1, #31457280	; 0x1e00000
 148:	e5801000 	str	r1, [r0]
 14c:	e12fff1e 	bx	lr
 150:	e92d4007 	push	{r0, r1, r2, lr}
 154:	e1a01000 	mov	r1, r0
 158:	e4d10001 	ldrb	r0, [r1], #1
 15c:	e20000ff 	and	r0, r0, #255	; 0xff
 160:	e3500000 	cmp	r0, #0
 164:	0a000001 	beq	0x170
 168:	eb000065 	bl	0x304
 16c:	eafffff9 	b	0x158
 170:	e8bd8007 	pop	{r0, r1, r2, pc}
 174:	e3e0120f 	mvn	r1, #-268435456	; 0xf0000000
 178:	e2411001 	sub	r1, r1, #1
 17c:	e3510000 	cmp	r1, #0
 180:	1afffffc 	bne	0x178
 184:	e12fff1e 	bx	lr
 188:	e92d4007 	push	{r0, r1, r2, lr}
 18c:	e59f0374 	ldr	r0, [pc, #884]	; 0x508
 190:	e5d01000 	ldrb	r1, [r0]
 194:	e5d02000 	ldrb	r2, [r0]
 198:	e1520001 	cmp	r2, r1
 19c:	0afffffc 	beq	0x194
 1a0:	e8bd8007 	pop	{r0, r1, r2, pc}
 1a4:	e1a02000 	mov	r2, r0
 1a8:	e1a03001 	mov	r3, r1
 1ac:	e3a00000 	mov	r0, #0
 1b0:	e1520003 	cmp	r2, r3
 1b4:	ba000002 	blt	0x1c4
 1b8:	e0422003 	sub	r2, r2, r3
 1bc:	e2800001 	add	r0, r0, #1
 1c0:	eafffffa 	b	0x1b0
 1c4:	e12fff1e 	bx	lr
 1c8:	e92d4007 	push	{r0, r1, r2, lr}
 1cc:	e0811000 	add	r1, r1, r0
 1d0:	e3a02000 	mov	r2, #0
 1d4:	e1500001 	cmp	r0, r1
 1d8:	b4802004 	strlt	r2, [r0], #4
 1dc:	bafffffc 	blt	0x1d4
 1e0:	e8bd8007 	pop	{r0, r1, r2, pc}
 1e4:	e92d4007 	push	{r0, r1, r2, lr}
 1e8:	e1a02000 	mov	r2, r0
 1ec:	e4d20001 	ldrb	r0, [r2], #1
 1f0:	eb000043 	bl	0x304
 1f4:	e2511001 	subs	r1, r1, #1
 1f8:	0affffdc 	beq	0x170
 1fc:	eafffffa 	b	0x1ec
 200:	e8bd8007 	pop	{r0, r1, r2, pc}
 204:	e92d400f 	push	{r0, r1, r2, r3, lr}
 208:	e1a01000 	mov	r1, r0
 20c:	e3a00000 	mov	r0, #0
 210:	e3a0301c 	mov	r3, #28
 214:	e59f22f0 	ldr	r2, [pc, #752]	; 0x50c
 218:	e1a00331 	lsr	r0, r1, r3
 21c:	e200000f 	and	r0, r0, #15
 220:	e7d20000 	ldrb	r0, [r2, r0]
 224:	eb000036 	bl	0x304
 228:	e2533004 	subs	r3, r3, #4
 22c:	1afffff9 	bne	0x218
 230:	e1a00001 	mov	r0, r1
 234:	e200000f 	and	r0, r0, #15
 238:	e7d20000 	ldrb	r0, [r2, r0]
 23c:	eb000030 	bl	0x304
 240:	e8bd800f 	pop	{r0, r1, r2, r3, pc}
 244:	e92d4007 	push	{r0, r1, r2, lr}
 248:	e3a0100a 	mov	r1, #10
 24c:	ebffffd4 	bl	0x1a4
 250:	e2800030 	add	r0, r0, #48	; 0x30
 254:	eb00002a 	bl	0x304
 258:	e2820030 	add	r0, r2, #48	; 0x30
 25c:	eb000028 	bl	0x304
 260:	e8bd8007 	pop	{r0, r1, r2, pc}
 264:	e92d4003 	push	{r0, r1, lr}
 268:	e59f02a0 	ldr	r0, [pc, #672]	; 0x510
 26c:	e3a01002 	mov	r1, #2
 270:	e5801000 	str	r1, [r0]
 274:	e59f0298 	ldr	r0, [pc, #664]	; 0x514
 278:	e5801000 	str	r1, [r0]
 27c:	e59f0284 	ldr	r0, [pc, #644]	; 0x508
 280:	e59f1290 	ldr	r1, [pc, #656]	; 0x518
 284:	e580106c 	str	r1, [r0, #108]	; 0x6c
 288:	e59f128c 	ldr	r1, [pc, #652]	; 0x51c
 28c:	e5801070 	str	r1, [r0, #112]	; 0x70
 290:	e3a01048 	mov	r1, #72	; 0x48
 294:	e5801054 	str	r1, [r0, #84]	; 0x54
 298:	e3a01004 	mov	r1, #4
 29c:	e5801048 	str	r1, [r0, #72]	; 0x48
 2a0:	e59f0260 	ldr	r0, [pc, #608]	; 0x508
 2a4:	e3a01001 	mov	r1, #1
 2a8:	e5801040 	str	r1, [r0, #64]	; 0x40
 2ac:	e5901044 	ldr	r1, [r0, #68]	; 0x44
 2b0:	e2011001 	and	r1, r1, #1
 2b4:	e3510000 	cmp	r1, #0
 2b8:	1afffffb 	bne	0x2ac
 2bc:	e59f025c 	ldr	r0, [pc, #604]	; 0x520
 2c0:	e3a01000 	mov	r1, #0
 2c4:	e5c0104b 	strb	r1, [r0, #75]	; 0x4b
 2c8:	e59f0254 	ldr	r0, [pc, #596]	; 0x524
 2cc:	e3a01b02 	mov	r1, #2048	; 0x800
 2d0:	e58010c8 	str	r1, [r0, #200]	; 0xc8
 2d4:	e8bd8003 	pop	{r0, r1, pc}
 2d8:	e92d4003 	push	{r0, r1, lr}
 2dc:	e59f0244 	ldr	r0, [pc, #580]	; 0x528
 2e0:	e3a01001 	mov	r1, #1
 2e4:	e5c01000 	strb	r1, [r0]
 2e8:	e59f0230 	ldr	r0, [pc, #560]	; 0x520
 2ec:	e3a01000 	mov	r1, #0
 2f0:	e5c01048 	strb	r1, [r0, #72]	; 0x48
 2f4:	e59f0228 	ldr	r0, [pc, #552]	; 0x524
 2f8:	e3a01c01 	mov	r1, #256	; 0x100
 2fc:	e58010c8 	str	r1, [r0, #200]	; 0xc8
 300:	e8bd8003 	pop	{r0, r1, pc}
 304:	e92d4006 	push	{r1, r2, lr}
 308:	e59f121c 	ldr	r1, [pc, #540]	; 0x52c
 30c:	e5912014 	ldr	r2, [r1, #20]
 310:	e2022020 	and	r2, r2, #32
 314:	e3520000 	cmp	r2, #0
 318:	0afffffb 	beq	0x30c
 31c:	e5c10000 	strb	r0, [r1]
 320:	e8bd8006 	pop	{r1, r2, pc}
 324:	e92d4006 	push	{r1, r2, lr}
 328:	e59f11fc 	ldr	r1, [pc, #508]	; 0x52c
 32c:	e5912014 	ldr	r2, [r1, #20]
 330:	e2022001 	and	r2, r2, #1
 334:	e3520000 	cmp	r2, #0
 338:	0afffffb 	beq	0x32c
 33c:	e5d10000 	ldrb	r0, [r1]
 340:	e8bd8006 	pop	{r1, r2, pc}
 344:	e92d4003 	push	{r0, r1, lr}
 348:	e59f01e0 	ldr	r0, [pc, #480]	; 0x530
 34c:	e59f11e0 	ldr	r1, [pc, #480]	; 0x534
 350:	e5801048 	str	r1, [r0, #72]	; 0x48
 354:	eb000003 	bl	0x368
 358:	e59f11d8 	ldr	r1, [pc, #472]	; 0x538
 35c:	e5801048 	str	r1, [r0, #72]	; 0x48
 360:	eb000000 	bl	0x368
 364:	e8bd8003 	pop	{r0, r1, pc}
 368:	e5901034 	ldr	r1, [r0, #52]	; 0x34
 36c:	e2011010 	and	r1, r1, #16
 370:	e3510000 	cmp	r1, #0
 374:	1afffffb 	bne	0x368
 378:	e12fff1e 	bx	lr
 37c:	e2400030 	sub	r0, r0, #48	; 0x30
 380:	e12fff1e 	bx	lr
 384:	e2800030 	add	r0, r0, #48	; 0x30
 388:	e12fff1e 	bx	lr
 38c:	e92d4007 	push	{r0, r1, r2, lr}
 390:	e59f1174 	ldr	r1, [pc, #372]	; 0x50c
 394:	e7d10000 	ldrb	r0, [r1, r0]
 398:	e8bd8007 	pop	{r0, r1, r2, pc}
 39c:	e92d4007 	push	{r0, r1, r2, lr}
 3a0:	e1a02000 	mov	r2, r0
 3a4:	e2020070 	and	r0, r2, #112	; 0x70
 3a8:	e1a00220 	lsr	r0, r0, #4
 3ac:	ebfffff4 	bl	0x384
 3b0:	ebffffd3 	bl	0x304
 3b4:	e202000f 	and	r0, r2, #15
 3b8:	e2800030 	add	r0, r0, #48	; 0x30
 3bc:	ebffffd0 	bl	0x304
 3c0:	e8bd8007 	pop	{r0, r1, r2, pc}
 3c4:	e92d4007 	push	{r0, r1, r2, lr}
 3c8:	e59f1138 	ldr	r1, [pc, #312]	; 0x508
 3cc:	e5910008 	ldr	r0, [r1, #8]
 3d0:	ebfffff1 	bl	0x39c
 3d4:	e3a0003a 	mov	r0, #58	; 0x3a
 3d8:	ebffffc9 	bl	0x304
 3dc:	e5910004 	ldr	r0, [r1, #4]
 3e0:	ebffffed 	bl	0x39c
 3e4:	e3a0003a 	mov	r0, #58	; 0x3a
 3e8:	ebffffc5 	bl	0x304
 3ec:	e5910000 	ldr	r0, [r1]
 3f0:	ebffffe9 	bl	0x39c
 3f4:	e3a0000d 	mov	r0, #13
 3f8:	ebffffc1 	bl	0x304
 3fc:	e8bd8007 	pop	{r0, r1, r2, pc}
 400:	e92d4007 	push	{r0, r1, r2, lr}
 404:	ebffffee 	bl	0x3c4
 408:	e8bd8007 	pop	{r0, r1, r2, pc}
 40c:	e59f10f4 	ldr	r1, [pc, #244]	; 0x508
 410:	e3c554ff 	bic	r5, r5, #-16777216	; 0xff000000
 414:	e5c15000 	strb	r5, [r1]
 418:	e1a05425 	lsr	r5, r5, #8
 41c:	e5c15004 	strb	r5, [r1, #4]
 420:	e1a05425 	lsr	r5, r5, #8
 424:	e5c15008 	strb	r5, [r1, #8]
 428:	eb000007 	bl	0x44c
 42c:	e92d4007 	push	{r0, r1, r2, lr}
 430:	ebffffbb 	bl	0x324
 434:	e350000d 	cmp	r0, #13
 438:	0bfffff3 	bleq	0x40c
 43c:	ebffffce 	bl	0x37c
 440:	e200000f 	and	r0, r0, #15
 444:	e1a05205 	lsl	r5, r5, #4
 448:	e0855000 	add	r5, r5, r0
 44c:	e8bd8007 	pop	{r0, r1, r2, pc}
 450:	e92d480f 	push	{r0, r1, r2, r3, fp, lr}
 454:	e14fb000 	mrs	fp, SPSR
 458:	e59f00c4 	ldr	r0, [pc, #196]	; 0x524
 45c:	e5901040 	ldr	r1, [r0, #64]	; 0x40
 460:	e201107f 	and	r1, r1, #127	; 0x7f
 464:	e351004b 	cmp	r1, #75	; 0x4b
 468:	0bffffe4 	bleq	0x400
 46c:	e3510048 	cmp	r1, #72	; 0x48
 470:	0bffffed 	bleq	0x42c
 474:	e59f00a8 	ldr	r0, [pc, #168]	; 0x524
 478:	e3a01001 	mov	r1, #1
 47c:	e5801048 	str	r1, [r0, #72]	; 0x48
 480:	f57ff04f 	dsb	sy
 484:	e169f00b 	msr	SPSR_fc, fp
 488:	e8fd880f 	ldm	sp!, {r0, r1, r2, r3, fp, pc}^
 48c:	e92d4007 	push	{r0, r1, r2, lr}
 490:	e59f005c 	ldr	r0, [pc, #92]	; 0x4f4
 494:	e3a01401 	mov	r1, #16777216	; 0x1000000
 498:	e5801000 	str	r1, [r0]
 49c:	ebffff39 	bl	0x188
 4a0:	e59f0048 	ldr	r0, [pc, #72]	; 0x4f0
 4a4:	e3a01401 	mov	r1, #16777216	; 0x1000000
 4a8:	e5801000 	str	r1, [r0]
 4ac:	e8bd8007 	pop	{r0, r1, r2, pc}
 4b0:	eafffffe 	b	0x4b0
 4b4:	eafffffe 	b	0x4b4
 4b8:	eafffffe 	b	0x4b8
 4bc:	eafffffe 	b	0x4bc
 4c0:	eafffffe 	b	0x4c0
 4c4:	80000b00 	andhi	r0, r0, r0, lsl #22
 4c8:	80000c00 	andhi	r0, r0, r0, lsl #24
 4cc:	80000d00 	andhi	r0, r0, r0, lsl #26
 4d0:	80000900 	andhi	r0, r0, r0, lsl #18
 4d4:	80000a00 	andhi	r0, r0, r0, lsl #20
 4d8:	80000800 	andhi	r0, r0, r0, lsl #16
 4dc:	80000e00 	andhi	r0, r0, r0, lsl #28
 4e0:	800004b8 			; <UNDEFINED> instruction: 0x800004b8
 4e4:	80000038 	andhi	r0, r0, r8, lsr r0
 4e8:	80000450 	andhi	r0, r0, r0, asr r4
 4ec:	8000053c 	andhi	r0, r0, ip, lsr r5
 4f0:	4804c190 	stmdami	r4, {r4, r7, r8, lr, pc}
 4f4:	4804c194 	stmdami	r4, {r2, r4, r7, r8, lr, pc}
 4f8:	80000000 	andhi	r0, r0, r0
 4fc:	44e000ac 	strbtmi	r0, [r0], #172	; 0xac
 500:	00040002 	andeq	r0, r4, r2
 504:	4804c134 	stmdami	r4, {r2, r4, r5, r8, lr, pc}
 508:	44e3e000 	strbtmi	lr, [r3], #0
 50c:	800005b2 			; <UNDEFINED> instruction: 0x800005b2
 510:	44e00804 	strbtmi	r0, [r0], #2052	; 0x804
 514:	44e00800 	strbtmi	r0, [r0], #2048	; 0x800
 518:	83e70b13 	mvnhi	r0, #19456	; 0x4c00
 51c:	95a4f1e0 	strls	pc, [r4, #480]!	; 0x1e0
 520:	48200100 	stmdami	r0!, {r8}
 524:	48200000 	stmdami	r0!, {}	; <UNPREDICTABLE>
 528:	44e09004 	strbtmi	r9, [r0], #4
 52c:	44e09000 	strbtmi	r9, [r0], #0
 530:	44e35000 	strbtmi	r5, [r3], #0
 534:	0000aaaa 	andeq	sl, r0, sl, lsr #21
 538:	00005555 	andeq	r5, r0, r5, asr r5
 53c:	6c6c6548 	cfstr64vs	mvdx6, [ip], #-288	; 0xfffffee0
 540:	6f77206f 	svcvs	0x0077206f
 544:	21646c72 	smccs	18114	; 0x46c2
 548:	0d0a2121 	stfeqs	f2, [sl, #-132]	; 0xffffff7c
 54c:	51524900 	cmppl	r2, r0, lsl #18
 550:	646f4d20 	strbtvs	r4, [pc], #-3360	; 0x558
 554:	0d0a2165 	stfeqs	f2, [sl, #-404]	; 0xfffffe6c
 558:	51494600 	cmppl	r9, r0, lsl #12
 55c:	646f4d20 	strbtvs	r4, [pc], #-3360	; 0x564
 560:	0d0a2165 	stfeqs	f2, [sl, #-404]	; 0xfffffe6c
 564:	65725000 	ldrbvs	r5, [r2, #-0]!
 568:	63746566 	cmnvs	r4, #427819008	; 0x19800000
 56c:	62412068 	subvs	r2, r1, #104	; 0x68
 570:	2174726f 	cmncs	r4, pc, ror #4
 574:	44000d0a 	strmi	r0, [r0], #-3338	; 0xfffff2f6
 578:	20617461 	rsbcs	r7, r1, r1, ror #8
 57c:	726f6241 	rsbvc	r6, pc, #268435460	; 0x10000004
 580:	0d0a2174 	stfeqs	f2, [sl, #-464]	; 0xfffffe30
 584:	646e5500 	strbtvs	r5, [lr], #-1280	; 0xfffffb00
 588:	6e696665 	cdpvs	6, 6, cr6, cr9, cr5, {3}
 58c:	45206465 	strmi	r6, [r0, #-1125]!	; 0xfffffb9b
 590:	70656378 	rsbvc	r6, r5, r8, ror r3
 594:	6e6f6974 			; <UNDEFINED> instruction: 0x6e6f6974
 598:	000d0a21 	andeq	r0, sp, r1, lsr #20
 59c:	74666f53 	strbtvc	r6, [r6], #-3923	; 0xfffff0ad
 5a0:	65726177 	ldrbvs	r6, [r2, #-375]!	; 0xfffffe89
 5a4:	746e4920 	strbtvc	r4, [lr], #-2336	; 0xfffff6e0
 5a8:	75727265 	ldrbvc	r7, [r2, #-613]!	; 0xfffffd9b
 5ac:	0a217470 	beq	0x85d774
 5b0:	3130000d 	teqcc	r0, sp
 5b4:	35343332 	ldrcc	r3, [r4, #-818]!	; 0xfffffcce
 5b8:	39383736 	ldmdbcc	r8!, {r1, r2, r4, r5, r8, r9, sl, ip, sp}
 5bc:	44434241 	strbmi	r4, [r3], #-577	; 0xfffffdbf
 5c0:	2d004645 	stccs	6, cr4, [r0, #-276]	; 0xfffffeec
 5c4:	2d2d2d2d 	stccs	13, cr2, [sp, #-180]!	; 0xffffff4c
 5c8:	2d2d2d2d 	stccs	13, cr2, [sp, #-180]!	; 0xffffff4c
 5cc:	2d2d2d2d 	stccs	13, cr2, [sp, #-180]!	; 0xffffff4c
 5d0:	2d2d2d2d 	stccs	13, cr2, [sp, #-180]!	; 0xffffff4c
 5d4:	2d2d2d2d 	stccs	13, cr2, [sp, #-180]!	; 0xffffff4c
 5d8:	2d2d2d2d 	stccs	13, cr2, [sp, #-180]!	; 0xffffff4c
 5dc:	30000d0a 	andcc	r0, r0, sl, lsl #26
 5e0:	0d0a0078 	stceq	0, cr0, [sl, #-480]	; 0xfffffe20
 5e4:	3a202000 	bcc	0x8085ec
 5e8:	Address 0x5e8 is out of bounds.

