
startup.bin: formato do arquivo binary
startup.bin
arquitetura: UNKNOWN!, sinalizações 0x00000000:

começar o endereço 0x00000000

Seções:
Idx Name          Tam.      VMA       LMA       File off  Algn
  0 .data         00000717  00000000  00000000  00000000  2**0
                  CONTENTS, ALLOC, LOAD, DATA
SYMBOL TABLE:
nenhum símbolo



Desmontagem da seção .data:

00000000 <.data>:
   0:	e59ff018 	ldr	pc, [pc, #24]	; 0x20
   4:	e59ff018 	ldr	pc, [pc, #24]	; 0x24
   8:	e59ff018 	ldr	pc, [pc, #24]	; 0x28
   c:	e59ff018 	ldr	pc, [pc, #24]	; 0x2c
  10:	e59ff018 	ldr	pc, [pc, #24]	; 0x30
  14:	e1a00000 	nop			; (mov r0, r0)
  18:	e59ff018 	ldr	pc, [pc, #24]	; 0x38
  1c:	e59ff018 	ldr	pc, [pc, #24]	; 0x3c
  20:	80000040 	andhi	r0, r0, r0, asr #32
  24:	4030ce24 	eorsmi	ip, r0, r4, lsr #28
  28:	4030ce28 	eorsmi	ip, r0, r8, lsr #28
  2c:	4030ce2c 	eorsmi	ip, r0, ip, lsr #28
  30:	4030ce30 	eorsmi	ip, r0, r0, lsr lr
  34:	e1a00000 	nop			; (mov r0, r0)
  38:	4030ce38 	eorsmi	ip, r0, r8, lsr lr
  3c:	4030ce3c 	eorsmi	ip, r0, ip, lsr lr
  40:	eb000112 	bl	0x490
  44:	e10f0000 	mrs	r0, CPSR
  48:	e3c0001f 	bic	r0, r0, #31
  4c:	e3800013 	orr	r0, r0, #19
  50:	e38000c0 	orr	r0, r0, #192	; 0xc0
  54:	e129f000 	msr	CPSR_fc, r0
  58:	e3a000d3 	mov	r0, #211	; 0xd3
  5c:	e121f000 	msr	CPSR_c, r0
  60:	e59fd12c 	ldr	sp, [pc, #300]	; 0x194
  64:	e3a000d2 	mov	r0, #210	; 0xd2
  68:	e121f000 	msr	CPSR_c, r0
  6c:	e59fd124 	ldr	sp, [pc, #292]	; 0x198
  70:	e3a000d1 	mov	r0, #209	; 0xd1
  74:	e121f000 	msr	CPSR_c, r0
  78:	e59fd11c 	ldr	sp, [pc, #284]	; 0x19c
  7c:	e3a000db 	mov	r0, #219	; 0xdb
  80:	e121f000 	msr	CPSR_c, r0
  84:	e59fd114 	ldr	sp, [pc, #276]	; 0x1a0
  88:	e3a000d7 	mov	r0, #215	; 0xd7
  8c:	e121f000 	msr	CPSR_c, r0
  90:	e59fd10c 	ldr	sp, [pc, #268]	; 0x1a4
  94:	e3a000df 	mov	r0, #223	; 0xdf
  98:	e121f000 	msr	CPSR_c, r0
  9c:	e59fd104 	ldr	sp, [pc, #260]	; 0x1a8
  a0:	e3a00010 	mov	r0, #16
  a4:	e121f000 	msr	CPSR_c, r0
  a8:	e59fd0fc 	ldr	sp, [pc, #252]	; 0x1ac
  ac:	e59f00fc 	ldr	r0, [pc, #252]	; 0x1b0
  b0:	e59f10fc 	ldr	r1, [pc, #252]	; 0x1b4
  b4:	e5801000 	str	r1, [r0]
  b8:	e59f00f8 	ldr	r0, [pc, #248]	; 0x1b8
  bc:	e59f10f8 	ldr	r1, [pc, #248]	; 0x1bc
  c0:	e5801000 	str	r1, [r0]
  c4:	eb0000f9 	bl	0x4b0
  c8:	eb0000dc 	bl	0x440
  cc:	eb00010f 	bl	0x510
  d0:	e10f0000 	mrs	r0, CPSR
  d4:	e3c00080 	bic	r0, r0, #128	; 0x80
  d8:	e129f000 	msr	CPSR_fc, r0
  dc:	fa00015a 	blx	0x64c
  e0:	e59f00d8 	ldr	r0, [pc, #216]	; 0x1c0
  e4:	eb0000be 	bl	0x3e4
  e8:	ef000250 	svc	0x00000250
  ec:	e3a00061 	mov	r0, #97	; 0x61
  f0:	e3a01062 	mov	r1, #98	; 0x62
  f4:	e3a02063 	mov	r2, #99	; 0x63
  f8:	e3a03064 	mov	r3, #100	; 0x64
  fc:	e3a0400a 	mov	r4, #10
 100:	e3a05066 	mov	r5, #102	; 0x66
 104:	e92d0010 	stmfd	sp!, {r4}
 108:	e92d0020 	stmfd	sp!, {r5}
 10c:	fa00013f 	blx	0x610
 110:	eafffffe 	b	0x110
 114:	eb0000f1 	bl	0x4e0
 118:	eb00006b 	bl	0x2cc
 11c:	eb0000eb 	bl	0x4d0
 120:	eb000069 	bl	0x2cc
 124:	eafffffa 	b	0x114
 128:	e92d480f 	push	{r0, r1, r2, r3, fp, lr}
 12c:	e14fb000 	mrs	fp, SPSR
 130:	e59f008c 	ldr	r0, [pc, #140]	; 0x1c4
 134:	e5901040 	ldr	r1, [r0, #64]	; 0x40
 138:	e201107f 	and	r1, r1, #127	; 0x7f
 13c:	e351004b 	cmp	r1, #75	; 0x4b
 140:	0b000128 	bleq	0x5e8
 144:	e59f0078 	ldr	r0, [pc, #120]	; 0x1c4
 148:	e3a01001 	mov	r1, #1
 14c:	e5801048 	str	r1, [r0, #72]	; 0x48
 150:	f57ff04f 	dsb	sy
 154:	e169f00b 	msr	SPSR_fc, fp
 158:	e8fd880f 	ldm	sp!, {r0, r1, r2, r3, fp, pc}^
 15c:	eafffffe 	b	0x15c
 160:	eafffffe 	b	0x160
 164:	e92d5fff 	push	{r0, r1, r2, r3, r4, r5, r6, r7, r8, r9, sl, fp, ip, lr}
 168:	e51e0004 	ldr	r0, [lr, #-4]
 16c:	e3c014ff 	bic	r1, r0, #-16777216	; 0xff000000
 170:	e59f0050 	ldr	r0, [pc, #80]	; 0x1c8
 174:	eb00009a 	bl	0x3e4
 178:	e1a00001 	mov	r0, r1
 17c:	eb000067 	bl	0x320
 180:	e59f0044 	ldr	r0, [pc, #68]	; 0x1cc
 184:	eb000096 	bl	0x3e4
 188:	e8fd9fff 	ldm	sp!, {r0, r1, r2, r3, r4, r5, r6, r7, r8, r9, sl, fp, ip, pc}^
 18c:	eafffffe 	b	0x18c
 190:	eafffffe 	b	0x190
 194:	80000d00 	andhi	r0, r0, r0, lsl #26
 198:	80000e00 	andhi	r0, r0, r0, lsl #28
 19c:	80000f00 	andhi	r0, r0, r0, lsl #30
 1a0:	80000b00 	andhi	r0, r0, r0, lsl #22
 1a4:	80000c00 	andhi	r0, r0, r0, lsl #24
 1a8:	80000a00 	andhi	r0, r0, r0, lsl #20
 1ac:	80001000 	andhi	r1, r0, r0
 1b0:	80000038 	andhi	r0, r0, r8, lsr r0
 1b4:	80000128 	andhi	r0, r0, r8, lsr #2
 1b8:	80000028 	andhi	r0, r0, r8, lsr #32
 1bc:	80000164 	andhi	r0, r0, r4, ror #2
 1c0:	80000660 	andhi	r0, r0, r0, ror #12
 1c4:	48200000 	stmdami	r0!, {}	; <UNPREDICTABLE>
 1c8:	800006c0 	andhi	r0, r0, r0, asr #13
 1cc:	8000070e 	andhi	r0, r0, lr, lsl #14
 1d0:	e92d4007 	push	{r0, r1, r2, lr}
 1d4:	e59f1034 	ldr	r1, [pc, #52]	; 0x210
 1d8:	e5912014 	ldr	r2, [r1, #20]
 1dc:	e2022020 	and	r2, r2, #32
 1e0:	e3520000 	cmp	r2, #0
 1e4:	0afffffb 	beq	0x1d8
 1e8:	e5c10000 	strb	r0, [r1]
 1ec:	e8bd8007 	pop	{r0, r1, r2, pc}
 1f0:	e92d4006 	push	{r1, r2, lr}
 1f4:	e59f1014 	ldr	r1, [pc, #20]	; 0x210
 1f8:	e5912014 	ldr	r2, [r1, #20]
 1fc:	e2022001 	and	r2, r2, #1
 200:	e3520000 	cmp	r2, #0
 204:	0afffffb 	beq	0x1f8
 208:	e5d10000 	ldrb	r0, [r1]
 20c:	e8bd8006 	pop	{r1, r2, pc}
 210:	44e09000 	strbtmi	r9, [r0], #0
	...
 220:	e1a02000 	mov	r2, r0
 224:	e1a03001 	mov	r3, r1
 228:	e3a00000 	mov	r0, #0
 22c:	e1520003 	cmp	r2, r3
 230:	ba000002 	blt	0x240
 234:	e0422003 	sub	r2, r2, r3
 238:	e2800001 	add	r0, r0, #1
 23c:	eafffffa 	b	0x22c
 240:	e12fff1e 	bx	lr
 244:	e92d4007 	push	{r0, r1, r2, lr}
 248:	e0811000 	add	r1, r1, r0
 24c:	e3a02000 	mov	r2, #0
 250:	e1500001 	cmp	r0, r1
 254:	b4802004 	strlt	r2, [r0], #4
 258:	bafffffc 	blt	0x250
 25c:	e8bd8007 	pop	{r0, r1, r2, pc}
 260:	e92d400f 	push	{r0, r1, r2, r3, lr}
 264:	e1a02000 	mov	r2, r0
 268:	e1a03001 	mov	r3, r1
 26c:	e59f01b4 	ldr	r0, [pc, #436]	; 0x428
 270:	e3a01002 	mov	r1, #2
 274:	eb000063 	bl	0x408
 278:	e1a00002 	mov	r0, r2
 27c:	eb000027 	bl	0x320
 280:	e59f01a4 	ldr	r0, [pc, #420]	; 0x42c
 284:	e3a01005 	mov	r1, #5
 288:	eb00005e 	bl	0x408
 28c:	e59f0194 	ldr	r0, [pc, #404]	; 0x428
 290:	e3a01002 	mov	r1, #2
 294:	eb00005b 	bl	0x408
 298:	e4920004 	ldr	r0, [r2], #4
 29c:	eb00001f 	bl	0x320
 2a0:	e59f0188 	ldr	r0, [pc, #392]	; 0x430
 2a4:	e3a01002 	mov	r1, #2
 2a8:	eb000056 	bl	0x408
 2ac:	e2533004 	subs	r3, r3, #4
 2b0:	1affffed 	bne	0x26c
 2b4:	e8bd800f 	pop	{r0, r1, r2, r3, pc}
 2b8:	e3e0120f 	mvn	r1, #-268435456	; 0xf0000000
 2bc:	e2411001 	sub	r1, r1, #1
 2c0:	e3510000 	cmp	r1, #0
 2c4:	1afffffc 	bne	0x2bc
 2c8:	e12fff1e 	bx	lr
 2cc:	e92d4007 	push	{r0, r1, r2, lr}
 2d0:	e59f015c 	ldr	r0, [pc, #348]	; 0x434
 2d4:	e5d01000 	ldrb	r1, [r0]
 2d8:	e5d02000 	ldrb	r2, [r0]
 2dc:	e1520001 	cmp	r2, r1
 2e0:	0afffffc 	beq	0x2d8
 2e4:	e8bd8007 	pop	{r0, r1, r2, pc}
 2e8:	e2800030 	add	r0, r0, #48	; 0x30
 2ec:	e12fff1e 	bx	lr
 2f0:	e92d4007 	push	{r0, r1, r2, lr}
 2f4:	e59f113c 	ldr	r1, [pc, #316]	; 0x438
 2f8:	e7d10000 	ldrb	r0, [r1, r0]
 2fc:	e8bd8007 	pop	{r0, r1, r2, pc}
 300:	e92d4007 	push	{r0, r1, r2, lr}
 304:	e3a0100a 	mov	r1, #10
 308:	ebffffc4 	bl	0x220
 30c:	e2800030 	add	r0, r0, #48	; 0x30
 310:	ebffffae 	bl	0x1d0
 314:	e2820030 	add	r0, r2, #48	; 0x30
 318:	ebffffac 	bl	0x1d0
 31c:	e8bd8007 	pop	{r0, r1, r2, pc}
 320:	e92d400f 	push	{r0, r1, r2, r3, lr}
 324:	e1a01000 	mov	r1, r0
 328:	e3a00000 	mov	r0, #0
 32c:	e3a0301c 	mov	r3, #28
 330:	e59f2100 	ldr	r2, [pc, #256]	; 0x438
 334:	e1a00331 	lsr	r0, r1, r3
 338:	e200000f 	and	r0, r0, #15
 33c:	e7d20000 	ldrb	r0, [r2, r0]
 340:	ebffffa2 	bl	0x1d0
 344:	e2533004 	subs	r3, r3, #4
 348:	1afffff9 	bne	0x334
 34c:	e1a00001 	mov	r0, r1
 350:	e200000f 	and	r0, r0, #15
 354:	e7d20000 	ldrb	r0, [r2, r0]
 358:	ebffff9c 	bl	0x1d0
 35c:	e8bd800f 	pop	{r0, r1, r2, r3, pc}
 360:	e92d400e 	push	{r1, r2, r3, lr}
 364:	e1a02000 	mov	r2, r0
 368:	e3a00000 	mov	r0, #0
 36c:	e3510000 	cmp	r1, #0
 370:	0a000003 	beq	0x384
 374:	e4d23001 	ldrb	r3, [r2], #1
 378:	e0800003 	add	r0, r0, r3
 37c:	e2411001 	sub	r1, r1, #1
 380:	eafffff9 	b	0x36c
 384:	e8bd800e 	pop	{r1, r2, r3, pc}
 388:	e92d401e 	push	{r1, r2, r3, r4, lr}
 38c:	e1a04001 	mov	r4, r1
 390:	e1a01002 	mov	r1, r2
 394:	ebfffff1 	bl	0x360
 398:	e1a03000 	mov	r3, r0
 39c:	e1a00004 	mov	r0, r4
 3a0:	ebffffee 	bl	0x360
 3a4:	e0430000 	sub	r0, r3, r0
 3a8:	e8bd801e 	pop	{r1, r2, r3, r4, pc}
 3ac:	e92d407e 	push	{r1, r2, r3, r4, r5, r6, lr}
 3b0:	e1a03000 	mov	r3, r0
 3b4:	e1a04001 	mov	r4, r1
 3b8:	e1a00002 	mov	r0, r2
 3bc:	e3520000 	cmp	r2, #0
 3c0:	0a000006 	beq	0x3e0
 3c4:	e4d35001 	ldrb	r5, [r3], #1
 3c8:	e4d46001 	ldrb	r6, [r4], #1
 3cc:	e1550006 	cmp	r5, r6
 3d0:	1a000002 	bne	0x3e0
 3d4:	e2400001 	sub	r0, r0, #1
 3d8:	e2422001 	sub	r2, r2, #1
 3dc:	eafffff6 	b	0x3bc
 3e0:	e8bd807e 	pop	{r1, r2, r3, r4, r5, r6, pc}
 3e4:	e92d4007 	push	{r0, r1, r2, lr}
 3e8:	e1a01000 	mov	r1, r0
 3ec:	e4d10001 	ldrb	r0, [r1], #1
 3f0:	e20000ff 	and	r0, r0, #255	; 0xff
 3f4:	e3500000 	cmp	r0, #0
 3f8:	0a000001 	beq	0x404
 3fc:	ebffff73 	bl	0x1d0
 400:	eafffff9 	b	0x3ec
 404:	e8bd8007 	pop	{r0, r1, r2, pc}
 408:	e92d4007 	push	{r0, r1, r2, lr}
 40c:	e1a02000 	mov	r2, r0
 410:	e4d20001 	ldrb	r0, [r2], #1
 414:	ebffff6d 	bl	0x1d0
 418:	e2511001 	subs	r1, r1, #1
 41c:	0afffff8 	beq	0x404
 420:	eafffffa 	b	0x410
 424:	e8bd8007 	pop	{r0, r1, r2, pc}
 428:	8000070b 	andhi	r0, r0, fp, lsl #14
 42c:	80000711 	andhi	r0, r0, r1, lsl r7
 430:	8000070e 	andhi	r0, r0, lr, lsl #14
 434:	44e3e000 	strbtmi	lr, [r3], #0
 438:	800006de 	ldrdhi	r0, [r0], -lr
 43c:	00000000 	andeq	r0, r0, r0
 440:	e92d4003 	push	{r0, r1, lr}
 444:	e59f002c 	ldr	r0, [pc, #44]	; 0x478
 448:	e59f102c 	ldr	r1, [pc, #44]	; 0x47c
 44c:	e5801048 	str	r1, [r0, #72]	; 0x48
 450:	eb000003 	bl	0x464
 454:	e59f1024 	ldr	r1, [pc, #36]	; 0x480
 458:	e5801048 	str	r1, [r0, #72]	; 0x48
 45c:	eb000000 	bl	0x464
 460:	e8bd8003 	pop	{r0, r1, pc}
 464:	e5901034 	ldr	r1, [r0, #52]	; 0x34
 468:	e2011010 	and	r1, r1, #16
 46c:	e3510000 	cmp	r1, #0
 470:	1afffffb 	bne	0x464
 474:	e12fff1e 	bx	lr
 478:	44e35000 	strbtmi	r5, [r3], #0
 47c:	0000aaaa 	andeq	sl, r0, sl, lsr #21
 480:	00005555 	andeq	r5, r0, r5, asr r5
	...
 490:	e92d4007 	push	{r0, r1, r2, lr}
 494:	ee110f10 	mrc	15, 0, r0, cr1, cr0, {0}
 498:	e3c00a02 	bic	r0, r0, #8192	; 0x2000
 49c:	ee010f10 	mcr	15, 0, r0, cr1, cr0, {0}
 4a0:	e59f0004 	ldr	r0, [pc, #4]	; 0x4ac
 4a4:	ee0c0f10 	mcr	15, 0, r0, cr12, cr0, {0}
 4a8:	e8bd8007 	pop	{r0, r1, r2, pc}
 4ac:	80000000 	andhi	r0, r0, r0
 4b0:	e59f0038 	ldr	r0, [pc, #56]	; 0x4f0
 4b4:	e59f1038 	ldr	r1, [pc, #56]	; 0x4f4
 4b8:	e5801000 	str	r1, [r0]
 4bc:	e59f0034 	ldr	r0, [pc, #52]	; 0x4f8
 4c0:	e5901000 	ldr	r1, [r0]
 4c4:	e3c1161e 	bic	r1, r1, #31457280	; 0x1e00000
 4c8:	e5801000 	str	r1, [r0]
 4cc:	e12fff1e 	bx	lr
 4d0:	e59f0024 	ldr	r0, [pc, #36]	; 0x4fc
 4d4:	e3a01602 	mov	r1, #2097152	; 0x200000
 4d8:	e5801000 	str	r1, [r0]
 4dc:	e12fff1e 	bx	lr
 4e0:	e59f0018 	ldr	r0, [pc, #24]	; 0x500
 4e4:	e3a01602 	mov	r1, #2097152	; 0x200000
 4e8:	e5801000 	str	r1, [r0]
 4ec:	e12fff1e 	bx	lr
 4f0:	44e000ac 	strbtmi	r0, [r0], #172	; 0xac
 4f4:	00040002 	andeq	r0, r4, r2
 4f8:	4804c134 	stmdami	r4, {r2, r4, r5, r8, lr, pc}
 4fc:	4804c194 	stmdami	r4, {r2, r4, r7, r8, lr, pc}
 500:	4804c190 	stmdami	r4, {r4, r7, r8, lr, pc}
	...
 510:	e92d4003 	push	{r0, r1, lr}
 514:	e59f00d8 	ldr	r0, [pc, #216]	; 0x5f4
 518:	e3a01002 	mov	r1, #2
 51c:	e5801000 	str	r1, [r0]
 520:	e59f00d0 	ldr	r0, [pc, #208]	; 0x5f8
 524:	e5801000 	str	r1, [r0]
 528:	e59f00cc 	ldr	r0, [pc, #204]	; 0x5fc
 52c:	e59f10cc 	ldr	r1, [pc, #204]	; 0x600
 530:	e580106c 	str	r1, [r0, #108]	; 0x6c
 534:	e59f10c8 	ldr	r1, [pc, #200]	; 0x604
 538:	e5801070 	str	r1, [r0, #112]	; 0x70
 53c:	e3a01048 	mov	r1, #72	; 0x48
 540:	e5801054 	str	r1, [r0, #84]	; 0x54
 544:	e3a01004 	mov	r1, #4
 548:	e5801048 	str	r1, [r0, #72]	; 0x48
 54c:	e59f00a8 	ldr	r0, [pc, #168]	; 0x5fc
 550:	e3a01001 	mov	r1, #1
 554:	e5801040 	str	r1, [r0, #64]	; 0x40
 558:	e5901044 	ldr	r1, [r0, #68]	; 0x44
 55c:	e2011001 	and	r1, r1, #1
 560:	e3510000 	cmp	r1, #0
 564:	1afffffb 	bne	0x558
 568:	e59f0098 	ldr	r0, [pc, #152]	; 0x608
 56c:	e3a01000 	mov	r1, #0
 570:	e5c0104b 	strb	r1, [r0, #75]	; 0x4b
 574:	e59f0090 	ldr	r0, [pc, #144]	; 0x60c
 578:	e3a01b02 	mov	r1, #2048	; 0x800
 57c:	e58010c8 	str	r1, [r0, #200]	; 0xc8
 580:	e8bd8003 	pop	{r0, r1, pc}
 584:	e92d4007 	push	{r0, r1, r2, lr}
 588:	e1a02000 	mov	r2, r0
 58c:	e2020070 	and	r0, r2, #112	; 0x70
 590:	e1a00220 	lsr	r0, r0, #4
 594:	ebffff53 	bl	0x2e8
 598:	ebffff0c 	bl	0x1d0
 59c:	e202000f 	and	r0, r2, #15
 5a0:	e2800030 	add	r0, r0, #48	; 0x30
 5a4:	ebffff09 	bl	0x1d0
 5a8:	e8bd8007 	pop	{r0, r1, r2, pc}
 5ac:	e92d4007 	push	{r0, r1, r2, lr}
 5b0:	e59f1044 	ldr	r1, [pc, #68]	; 0x5fc
 5b4:	e5910008 	ldr	r0, [r1, #8]
 5b8:	ebfffff1 	bl	0x584
 5bc:	e3a0003a 	mov	r0, #58	; 0x3a
 5c0:	ebffff02 	bl	0x1d0
 5c4:	e5910004 	ldr	r0, [r1, #4]
 5c8:	ebffffed 	bl	0x584
 5cc:	e3a0003a 	mov	r0, #58	; 0x3a
 5d0:	ebfffefe 	bl	0x1d0
 5d4:	e5910000 	ldr	r0, [r1]
 5d8:	ebffffe9 	bl	0x584
 5dc:	e3a0000d 	mov	r0, #13
 5e0:	ebfffefa 	bl	0x1d0
 5e4:	e8bd8007 	pop	{r0, r1, r2, pc}
 5e8:	e92d4007 	push	{r0, r1, r2, lr}
 5ec:	ebffffee 	bl	0x5ac
 5f0:	e8bd8007 	pop	{r0, r1, r2, pc}
 5f4:	44e00804 	strbtmi	r0, [r0], #2052	; 0x804
 5f8:	44e00800 	strbtmi	r0, [r0], #2048	; 0x800
 5fc:	44e3e000 	strbtmi	lr, [r3], #0
 600:	83e70b13 	mvnhi	r0, #19456	; 0x4c00
 604:	95a4f1e0 	strls	pc, [r4, #480]!	; 0x1e0
 608:	48200100 	stmdami	r0!, {r8}
 60c:	48200000 	stmdami	r0!, {}	; <UNPREDICTABLE>
 610:	b084b580 	addlt	fp, r4, r0, lsl #11
 614:	60f8af00 	rscsvs	sl, r8, r0, lsl #30
 618:	607a60b9 	ldrhtvs	r6, [sl], #-9
 61c:	68f8603b 	ldmvs	r8!, {r0, r1, r3, r4, r5, sp, lr}^
 620:	edd6f7ff 	ldcl	7, cr15, [r6, #1020]	; 0x3fc
 624:	f7ff68b8 			; <UNDEFINED> instruction: 0xf7ff68b8
 628:	6878edd4 	ldmdavs	r8!, {r2, r4, r6, r7, r8, sl, fp, sp, lr, pc}^
 62c:	edd0f7ff 	ldcl	7, cr15, [r0, #1020]	; 0x3fc
 630:	f7ff6838 			; <UNDEFINED> instruction: 0xf7ff6838
 634:	69b8edce 	ldmibvs	r8!, {r1, r2, r3, r6, r7, r8, sl, fp, sp, lr, pc}
 638:	edcaf7ff 	stcl	7, cr15, [sl, #1020]	; 0x3fc
 63c:	f7ff69f8 			; <UNDEFINED> instruction: 0xf7ff69f8
 640:	2300edc8 	movwcs	lr, #3528	; 0xdc8
 644:	37104618 			; <UNDEFINED> instruction: 0x37104618
 648:	bd8046bd 	stclt	6, cr4, [r0, #756]	; 0x2f4
 64c:	af00b580 	svcge	0x0000b580
 650:	ed46f7ff 	stcl	7, cr15, [r6, #-1020]	; 0xfffffc04
 654:	46182300 	ldrmi	r2, [r8], -r0, lsl #6
 658:	0000bd80 	andeq	fp, r0, r0, lsl #27
 65c:	00000000 	andeq	r0, r0, r0
 660:	6c6c6548 	cfstr64vs	mvdx6, [ip], #-288	; 0xfffffee0
 664:	6f77206f 	svcvs	0x0077206f
 668:	21646c72 	smccs	18114	; 0x46c2
 66c:	0d0a2121 	stfeqs	f2, [sl, #-132]	; 0xffffff7c
 670:	51524900 	cmppl	r2, r0, lsl #18
 674:	646f4d20 	strbtvs	r4, [pc], #-3360	; 0x67c
 678:	0d0a2165 	stfeqs	f2, [sl, #-404]	; 0xfffffe6c
 67c:	51494600 	cmppl	r9, r0, lsl #12
 680:	646f4d20 	strbtvs	r4, [pc], #-3360	; 0x688
 684:	0d0a2165 	stfeqs	f2, [sl, #-404]	; 0xfffffe6c
 688:	65725000 	ldrbvs	r5, [r2, #-0]!
 68c:	63746566 	cmnvs	r4, #427819008	; 0x19800000
 690:	62412068 	subvs	r2, r1, #104	; 0x68
 694:	2174726f 	cmncs	r4, pc, ror #4
 698:	44000d0a 	strmi	r0, [r0], #-3338	; 0xfffff2f6
 69c:	20617461 	rsbcs	r7, r1, r1, ror #8
 6a0:	726f6241 	rsbvc	r6, pc, #268435460	; 0x10000004
 6a4:	0d0a2174 	stfeqs	f2, [sl, #-464]	; 0xfffffe30
 6a8:	646e5500 	strbtvs	r5, [lr], #-1280	; 0xfffffb00
 6ac:	6e696665 	cdpvs	6, 6, cr6, cr9, cr5, {3}
 6b0:	45206465 	strmi	r6, [r0, #-1125]!	; 0xfffffb9b
 6b4:	70656378 	rsbvc	r6, r5, r8, ror r3
 6b8:	6e6f6974 			; <UNDEFINED> instruction: 0x6e6f6974
 6bc:	000d0a21 	andeq	r0, sp, r1, lsr #20
 6c0:	74666f53 	strbtvc	r6, [r6], #-3923	; 0xfffff0ad
 6c4:	65726177 	ldrbvs	r6, [r2, #-375]!	; 0xfffffe89
 6c8:	746e4920 	strbtvc	r4, [lr], #-2336	; 0xfffff6e0
 6cc:	75727265 	ldrbvc	r7, [r2, #-613]!	; 0xfffffd9b
 6d0:	4e207470 	mcrmi	4, 1, r7, cr0, cr0, {3}
 6d4:	65626d75 	strbvs	r6, [r2, #-3445]!	; 0xfffff28b
 6d8:	0a203a72 	beq	0x80f0a8
 6dc:	3130000d 	teqcc	r0, sp
 6e0:	35343332 	ldrcc	r3, [r4, #-818]!	; 0xfffffcce
 6e4:	39383736 	ldmdbcc	r8!, {r1, r2, r4, r5, r8, r9, sl, ip, sp}
 6e8:	44434241 	strbmi	r4, [r3], #-577	; 0xfffffdbf
 6ec:	2d004645 	stccs	6, cr4, [r0, #-276]	; 0xfffffeec
 6f0:	2d2d2d2d 	stccs	13, cr2, [sp, #-180]!	; 0xffffff4c
 6f4:	2d2d2d2d 	stccs	13, cr2, [sp, #-180]!	; 0xffffff4c
 6f8:	2d2d2d2d 	stccs	13, cr2, [sp, #-180]!	; 0xffffff4c
 6fc:	2d2d2d2d 	stccs	13, cr2, [sp, #-180]!	; 0xffffff4c
 700:	2d2d2d2d 	stccs	13, cr2, [sp, #-180]!	; 0xffffff4c
 704:	2d2d2d2d 	stccs	13, cr2, [sp, #-180]!	; 0xffffff4c
 708:	30000d0a 	andcc	r0, r0, sl, lsl #26
 70c:	0d0a0078 	stceq	0, cr0, [sl, #-480]	; 0xfffffe20
 710:	3a202000 	bcc	0x808718
 714:	Address 0x714 is out of bounds.

