
startup.bin: formato do arquivo binary
startup.bin
arquitetura: UNKNOWN!, sinalizações 0x00000000:

começar o endereço 0x00000000

Seções:
Idx Name          Tam.      VMA       LMA       File off  Algn
  0 .data         00000c88  00000000  00000000  00000000  2**0
                  CONTENTS, ALLOC, LOAD, DATA
SYMBOL TABLE:
nenhum símbolo



Desmontagem da seção .data:

00000000 <.data>:
   0:	e59ff018 	ldr	pc, [pc, #24]	; 0x20
   4:	e59ff018 	ldr	pc, [pc, #24]	; 0x24
   8:	e59ff018 	ldr	pc, [pc, #24]	; 0x28
   c:	e59ff018 	ldr	pc, [pc, #24]	; 0x2c
  10:	e59ff018 	ldr	pc, [pc, #24]	; 0x30
  14:	e1a00000 	nop			; (mov r0, r0)
  18:	e59ff018 	ldr	pc, [pc, #24]	; 0x38
  1c:	e59ff018 	ldr	pc, [pc, #24]	; 0x3c
  20:	80000040 	andhi	r0, r0, r0, asr #32
  24:	4030ce24 	eorsmi	ip, r0, r4, lsr #28
  28:	4030ce28 	eorsmi	ip, r0, r8, lsr #28
  2c:	4030ce2c 	eorsmi	ip, r0, ip, lsr #28
  30:	4030ce30 	eorsmi	ip, r0, r0, lsr lr
  34:	e1a00000 	nop			; (mov r0, r0)
  38:	4030ce38 	eorsmi	ip, r0, r8, lsr lr
  3c:	4030ce3c 	eorsmi	ip, r0, ip, lsr lr
  40:	e59f0204 	ldr	r0, [pc, #516]	; 0x24c
  44:	e3a01000 	mov	r1, #0
  48:	e5c01000 	strb	r1, [r0]
  4c:	e59f01fc 	ldr	r0, [pc, #508]	; 0x250
  50:	eb00014d 	bl	0x58c
  54:	eb0001a1 	bl	0x6e0
  58:	e10f0000 	mrs	r0, CPSR
  5c:	e3c0001f 	bic	r0, r0, #31
  60:	e3800013 	orr	r0, r0, #19
  64:	e38000c0 	orr	r0, r0, #192	; 0xc0
  68:	e129f000 	msr	CPSR_fc, r0
  6c:	e3a000d3 	mov	r0, #211	; 0xd3
  70:	e121f000 	msr	CPSR_c, r0
  74:	e59fd1d8 	ldr	sp, [pc, #472]	; 0x254
  78:	e3a000d2 	mov	r0, #210	; 0xd2
  7c:	e121f000 	msr	CPSR_c, r0
  80:	e59fd1d0 	ldr	sp, [pc, #464]	; 0x258
  84:	e3a000d1 	mov	r0, #209	; 0xd1
  88:	e121f000 	msr	CPSR_c, r0
  8c:	e59fd1c8 	ldr	sp, [pc, #456]	; 0x25c
  90:	e3a000db 	mov	r0, #219	; 0xdb
  94:	e121f000 	msr	CPSR_c, r0
  98:	e59fd1c0 	ldr	sp, [pc, #448]	; 0x260
  9c:	e3a000d7 	mov	r0, #215	; 0xd7
  a0:	e121f000 	msr	CPSR_c, r0
  a4:	e59fd1b8 	ldr	sp, [pc, #440]	; 0x264
  a8:	e3a000df 	mov	r0, #223	; 0xdf
  ac:	e121f000 	msr	CPSR_c, r0
  b0:	e59fd1b0 	ldr	sp, [pc, #432]	; 0x268
  b4:	e3a00010 	mov	r0, #16
  b8:	e121f000 	msr	CPSR_c, r0
  bc:	e59fd1a8 	ldr	sp, [pc, #424]	; 0x26c
  c0:	e59f01a8 	ldr	r0, [pc, #424]	; 0x270
  c4:	e59f11a8 	ldr	r1, [pc, #424]	; 0x274
  c8:	e5801000 	str	r1, [r0]
  cc:	e59f01a4 	ldr	r0, [pc, #420]	; 0x278
  d0:	e59f11a4 	ldr	r1, [pc, #420]	; 0x27c
  d4:	e5801000 	str	r1, [r0]
  d8:	eb000188 	bl	0x700
  dc:	eb00016b 	bl	0x690
  e0:	eb0001b6 	bl	0x7c0
  e4:	eb000071 	bl	0x2b0
  e8:	eb000021 	bl	0x174
  ec:	e10f0000 	mrs	r0, CPSR
  f0:	e3c00080 	bic	r0, r0, #128	; 0x80
  f4:	e129f000 	msr	CPSR_fc, r0
  f8:	ebffffff 	bl	0xfc
  fc:	e59f017c 	ldr	r0, [pc, #380]	; 0x280
 100:	eb000121 	bl	0x58c
 104:	e92d480f 	push	{r0, r1, r2, r3, fp, lr}
 108:	e14fb000 	mrs	fp, SPSR
 10c:	e59f0170 	ldr	r0, [pc, #368]	; 0x284
 110:	e5901040 	ldr	r1, [r0, #64]	; 0x40
 114:	e201107f 	and	r1, r1, #127	; 0x7f
 118:	e351004b 	cmp	r1, #75	; 0x4b
 11c:	e3510048 	cmp	r1, #72	; 0x48
 120:	0b00007f 	bleq	0x324
 124:	e59f0158 	ldr	r0, [pc, #344]	; 0x284
 128:	e3a01001 	mov	r1, #1
 12c:	e5801048 	str	r1, [r0, #72]	; 0x48
 130:	f57ff04f 	dsb	sy
 134:	e169f00b 	msr	SPSR_fc, fp
 138:	e8fd880f 	ldm	sp!, {r0, r1, r2, r3, fp, pc}^
 13c:	eafffffe 	b	0x13c
 140:	eafffffe 	b	0x140
 144:	e92d5fff 	push	{r0, r1, r2, r3, r4, r5, r6, r7, r8, r9, sl, fp, ip, lr}
 148:	e51e0004 	ldr	r0, [lr, #-4]
 14c:	e3c014ff 	bic	r1, r0, #-16777216	; 0xff000000
 150:	e59f0130 	ldr	r0, [pc, #304]	; 0x288
 154:	eb00010c 	bl	0x58c
 158:	e1a00001 	mov	r0, r1
 15c:	eb0000d7 	bl	0x4c0
 160:	e59f0124 	ldr	r0, [pc, #292]	; 0x28c
 164:	eb000108 	bl	0x58c
 168:	e8fd9fff 	ldm	sp!, {r0, r1, r2, r3, r4, r5, r6, r7, r8, r9, sl, fp, ip, pc}^
 16c:	eafffffe 	b	0x16c
 170:	eafffffe 	b	0x170
 174:	e92d4003 	push	{r0, r1, lr}
 178:	e59f0110 	ldr	r0, [pc, #272]	; 0x290
 17c:	e5901000 	ldr	r1, [r0]
 180:	e3811002 	orr	r1, r1, #2
 184:	e5801000 	str	r1, [r0]
 188:	e59f0104 	ldr	r0, [pc, #260]	; 0x294
 18c:	e5901000 	ldr	r1, [r0]
 190:	e3811102 	orr	r1, r1, #-2147483648	; 0x80000000
 194:	e5801000 	str	r1, [r0]
 198:	e8bd8003 	pop	{r0, r1, pc}
 19c:	e92d4003 	push	{r0, r1, lr}
 1a0:	e59f40f0 	ldr	r4, [pc, #240]	; 0x298
 1a4:	e5943000 	ldr	r3, [r4]
 1a8:	e3833001 	orr	r3, r3, #1
 1ac:	e5843000 	str	r3, [r4]
 1b0:	e8bd8003 	pop	{r0, r1, pc}
 1b4:	e92d4003 	push	{r0, r1, lr}
 1b8:	e59f40d8 	ldr	r4, [pc, #216]	; 0x298
 1bc:	e5943000 	ldr	r3, [r4]
 1c0:	e3c33001 	bic	r3, r3, #1
 1c4:	e5843000 	str	r3, [r4]
 1c8:	e8bd8003 	pop	{r0, r1, pc}
 1cc:	e92d4003 	push	{r0, r1, lr}
 1d0:	ebfffff7 	bl	0x1b4
 1d4:	e59f40c0 	ldr	r4, [pc, #192]	; 0x29c
 1d8:	e3a01002 	mov	r1, #2
 1dc:	e5841000 	str	r1, [r4]
 1e0:	e8bd8003 	pop	{r0, r1, pc}
 1e4:	e92d4003 	push	{r0, r1, lr}
 1e8:	e3051dc0 	movw	r1, #24000	; 0x5dc0
 1ec:	e3020710 	movw	r0, #10000	; 0x2710
 1f0:	e0020091 	mul	r2, r1, r0
 1f4:	e3e01000 	mvn	r1, #0
 1f8:	e0410002 	sub	r0, r1, r2
 1fc:	e59f409c 	ldr	r4, [pc, #156]	; 0x2a0
 200:	e5840000 	str	r0, [r4]
 204:	e59f0098 	ldr	r0, [pc, #152]	; 0x2a4
 208:	e3a01002 	mov	r1, #2
 20c:	e5801000 	str	r1, [r0]
 210:	ebffffe1 	bl	0x19c
 214:	e3a0000b 	mov	r0, #11
 218:	eb000093 	bl	0x46c
 21c:	e2400001 	sub	r0, r0, #1
 220:	eb00009e 	bl	0x4a0
 224:	e1a01000 	mov	r1, r0
 228:	e59f0078 	ldr	r0, [pc, #120]	; 0x2a8
 22c:	eb0000d6 	bl	0x58c
 230:	e1a00001 	mov	r0, r1
 234:	e3500001 	cmp	r0, #1
 238:	0b000138 	bleq	0x720
 23c:	ebfffff5 	bl	0x218
 240:	e92d4003 	push	{r0, r1, lr}
 244:	30000d0a 	andcc	r0, r0, sl, lsl #26
 248:	00000078 	andeq	r0, r0, r8, ror r0
 24c:	80000cc0 	andhi	r0, r0, r0, asr #25
 250:	80000247 	andhi	r0, r0, r7, asr #4
 254:	80001200 	andhi	r1, r0, r0, lsl #4
 258:	80001300 	andhi	r1, r0, r0, lsl #6
 25c:	80001400 	andhi	r1, r0, r0, lsl #8
 260:	80001000 	andhi	r1, r0, r0
 264:	80001100 	andhi	r1, r0, r0, lsl #2
 268:	80000f00 	andhi	r0, r0, r0, lsl #30
 26c:	80001500 	andhi	r1, r0, r0, lsl #10
 270:	80000038 	andhi	r0, r0, r8, lsr r0
 274:	80000104 	andhi	r0, r0, r4, lsl #2
 278:	80000028 	andhi	r0, r0, r8, lsr #32
 27c:	80000144 	andhi	r0, r0, r4, asr #2
 280:	80000bd0 	ldrdhi	r0, [r0], -r0	; <UNPREDICTABLE>
 284:	48200000 	stmdami	r0!, {}	; <UNPREDICTABLE>
 288:	80000c31 	andhi	r0, r0, r1, lsr ip
 28c:	80000c7f 	andhi	r0, r0, pc, ror ip
 290:	44e0007c 	strbtmi	r0, [r0], #124	; 0x7c
 294:	482000c8 	stmdami	r0!, {r3, r6, r7}
 298:	4804a038 	stmdami	r4, {r3, r4, r5, sp, pc}
 29c:	4804a030 	stmdami	r4, {r4, r5, sp, pc}
 2a0:	4804a03c 	stmdami	r4, {r2, r3, r4, r5, sp, pc}
 2a4:	4804a02c 	stmdami	r4, {r2, r3, r5, sp, pc}
 2a8:	80000244 	andhi	r0, r0, r4, asr #4
 2ac:	00000000 	andeq	r0, r0, r0
 2b0:	e92d4003 	push	{r0, r1, lr}
 2b4:	e59f00d0 	ldr	r0, [pc, #208]	; 0x38c
 2b8:	e3a01001 	mov	r1, #1
 2bc:	e5c01000 	strb	r1, [r0]
 2c0:	e3a01002 	mov	r1, #2
 2c4:	e5c01000 	strb	r1, [r0]
 2c8:	e59f00c0 	ldr	r0, [pc, #192]	; 0x390
 2cc:	e3a01000 	mov	r1, #0
 2d0:	e5c01048 	strb	r1, [r0, #72]	; 0x48
 2d4:	e59f00b8 	ldr	r0, [pc, #184]	; 0x394
 2d8:	e3a01c01 	mov	r1, #256	; 0x100
 2dc:	e58010c8 	str	r1, [r0, #200]	; 0xc8
 2e0:	e8bd8003 	pop	{r0, r1, pc}
 2e4:	e92d4006 	push	{r1, r2, lr}
 2e8:	e59f10a8 	ldr	r1, [pc, #168]	; 0x398
 2ec:	e5912014 	ldr	r2, [r1, #20]
 2f0:	e2022020 	and	r2, r2, #32
 2f4:	e3520000 	cmp	r2, #0
 2f8:	0afffffb 	beq	0x2ec
 2fc:	e5c10000 	strb	r0, [r1]
 300:	e8bd8006 	pop	{r1, r2, pc}
 304:	e92d4006 	push	{r1, r2, lr}
 308:	e59f1088 	ldr	r1, [pc, #136]	; 0x398
 30c:	e5912014 	ldr	r2, [r1, #20]
 310:	e2022001 	and	r2, r2, #1
 314:	e3520000 	cmp	r2, #0
 318:	0afffffb 	beq	0x30c
 31c:	e5d10000 	ldrb	r0, [r1]
 320:	e8bd8006 	pop	{r1, r2, pc}
 324:	e92d4006 	push	{r1, r2, lr}
 328:	ebfffff5 	bl	0x304
 32c:	e350000d 	cmp	r0, #13
 330:	0b000007 	bleq	0x354
 334:	ebffffea 	bl	0x2e4
 338:	e59f305c 	ldr	r3, [pc, #92]	; 0x39c
 33c:	e5d32000 	ldrb	r2, [r3]
 340:	e59f4058 	ldr	r4, [pc, #88]	; 0x3a0
 344:	e7c40002 	strb	r0, [r4, r2]
 348:	e2822001 	add	r2, r2, #1
 34c:	e5c32000 	strb	r2, [r3]
 350:	e8bd8006 	pop	{r1, r2, pc}
 354:	e59f0048 	ldr	r0, [pc, #72]	; 0x3a4
 358:	eb00008b 	bl	0x58c
 35c:	e59f3038 	ldr	r3, [pc, #56]	; 0x39c
 360:	e5d32000 	ldrb	r2, [r3]
 364:	e59f4034 	ldr	r4, [pc, #52]	; 0x3a0
 368:	eb0000aa 	bl	0x618
 36c:	e59f0034 	ldr	r0, [pc, #52]	; 0x3a8
 370:	e3a01002 	mov	r1, #2
 374:	e5801000 	str	r1, [r0]
 378:	e1a0e00f 	mov	lr, pc
 37c:	e1a0f003 	mov	pc, r3
 380:	e2811000 	add	r1, r1, #0
 384:	ebffff2d 	bl	0x40
 388:	00000d0a 	andeq	r0, r0, sl, lsl #26
 38c:	44e09004 	strbtmi	r9, [r0], #4
 390:	48200100 	stmdami	r0!, {r8}
 394:	48200000 	stmdami	r0!, {}	; <UNPREDICTABLE>
 398:	44e09000 	strbtmi	r9, [r0], #0
 39c:	80000cc0 	andhi	r0, r0, r0, asr #25
 3a0:	80000cb0 			; <UNDEFINED> instruction: 0x80000cb0
 3a4:	80000388 	andhi	r0, r0, r8, lsl #7
 3a8:	4804a02c 	stmdami	r4, {r2, r3, r5, sp, pc}
 3ac:	00000000 	andeq	r0, r0, r0
 3b0:	e1a02000 	mov	r2, r0
 3b4:	e1a03001 	mov	r3, r1
 3b8:	e3a00000 	mov	r0, #0
 3bc:	e1520003 	cmp	r2, r3
 3c0:	ba000002 	blt	0x3d0
 3c4:	e0422003 	sub	r2, r2, r3
 3c8:	e2800001 	add	r0, r0, #1
 3cc:	eafffffa 	b	0x3bc
 3d0:	e12fff1e 	bx	lr
 3d4:	e92d4007 	push	{r0, r1, r2, lr}
 3d8:	e0811000 	add	r1, r1, r0
 3dc:	e3a02000 	mov	r2, #0
 3e0:	e1500001 	cmp	r0, r1
 3e4:	b4802004 	strlt	r2, [r0], #4
 3e8:	bafffffc 	blt	0x3e0
 3ec:	e8bd8007 	pop	{r0, r1, r2, pc}
 3f0:	e92d400f 	push	{r0, r1, r2, r3, lr}
 3f4:	e1a02000 	mov	r2, r0
 3f8:	e1a03001 	mov	r3, r1
 3fc:	e59f0270 	ldr	r0, [pc, #624]	; 0x674
 400:	e3a01002 	mov	r1, #2
 404:	eb000069 	bl	0x5b0
 408:	e1a00002 	mov	r0, r2
 40c:	eb00002b 	bl	0x4c0
 410:	e59f0260 	ldr	r0, [pc, #608]	; 0x678
 414:	e3a01005 	mov	r1, #5
 418:	eb000064 	bl	0x5b0
 41c:	e59f0250 	ldr	r0, [pc, #592]	; 0x674
 420:	e3a01002 	mov	r1, #2
 424:	eb000061 	bl	0x5b0
 428:	e4920004 	ldr	r0, [r2], #4
 42c:	eb000023 	bl	0x4c0
 430:	e59f0244 	ldr	r0, [pc, #580]	; 0x67c
 434:	e3a01002 	mov	r1, #2
 438:	eb00005c 	bl	0x5b0
 43c:	e2533004 	subs	r3, r3, #4
 440:	1affffed 	bne	0x3fc
 444:	e8bd800f 	pop	{r0, r1, r2, r3, pc}
 448:	e3e014ff 	mvn	r1, #-16777216	; 0xff000000
 44c:	e2411001 	sub	r1, r1, #1
 450:	e3510000 	cmp	r1, #0
 454:	1afffffc 	bne	0x44c
 458:	e12fff1e 	bx	lr
 45c:	e92d4007 	push	{r0, r1, r2, lr}
 460:	e3e0120f 	mvn	r1, #-268435456	; 0xf0000000
 464:	ebfffff8 	bl	0x44c
 468:	e8bd8007 	pop	{r0, r1, r2, pc}
 46c:	e92d4007 	push	{r0, r1, r2, lr}
 470:	e59f0208 	ldr	r0, [pc, #520]	; 0x680
 474:	e5d01000 	ldrb	r1, [r0]
 478:	e5d02000 	ldrb	r2, [r0]
 47c:	e1520001 	cmp	r2, r1
 480:	0afffffc 	beq	0x478
 484:	e8bd8007 	pop	{r0, r1, r2, pc}
 488:	e2800030 	add	r0, r0, #48	; 0x30
 48c:	e12fff1e 	bx	lr
 490:	e92d4007 	push	{r0, r1, r2, lr}
 494:	e59f11e8 	ldr	r1, [pc, #488]	; 0x684
 498:	e7d10000 	ldrb	r0, [r1, r0]
 49c:	e8bd8007 	pop	{r0, r1, r2, pc}
 4a0:	e92d4007 	push	{r0, r1, r2, lr}
 4a4:	e3a0100a 	mov	r1, #10
 4a8:	ebffffc0 	bl	0x3b0
 4ac:	e2800030 	add	r0, r0, #48	; 0x30
 4b0:	ebffff8b 	bl	0x2e4
 4b4:	e2820030 	add	r0, r2, #48	; 0x30
 4b8:	ebffff89 	bl	0x2e4
 4bc:	e8bd8007 	pop	{r0, r1, r2, pc}
 4c0:	e92d400f 	push	{r0, r1, r2, r3, lr}
 4c4:	e1a01000 	mov	r1, r0
 4c8:	e3a00000 	mov	r0, #0
 4cc:	e3a0301c 	mov	r3, #28
 4d0:	e59f21ac 	ldr	r2, [pc, #428]	; 0x684
 4d4:	e1a00331 	lsr	r0, r1, r3
 4d8:	e200000f 	and	r0, r0, #15
 4dc:	e7d20000 	ldrb	r0, [r2, r0]
 4e0:	ebffff7f 	bl	0x2e4
 4e4:	e2533004 	subs	r3, r3, #4
 4e8:	1afffff9 	bne	0x4d4
 4ec:	e1a00001 	mov	r0, r1
 4f0:	e200000f 	and	r0, r0, #15
 4f4:	e7d20000 	ldrb	r0, [r2, r0]
 4f8:	ebffff79 	bl	0x2e4
 4fc:	e8bd800f 	pop	{r0, r1, r2, r3, pc}
 500:	e92d400e 	push	{r1, r2, r3, lr}
 504:	e1a02000 	mov	r2, r0
 508:	e3a00000 	mov	r0, #0
 50c:	e3510000 	cmp	r1, #0
 510:	0a000003 	beq	0x524
 514:	e4d23001 	ldrb	r3, [r2], #1
 518:	e0800003 	add	r0, r0, r3
 51c:	e2411001 	sub	r1, r1, #1
 520:	eafffff9 	b	0x50c
 524:	e8bd800e 	pop	{r1, r2, r3, pc}
 528:	e92d401e 	push	{r1, r2, r3, r4, lr}
 52c:	e1a04001 	mov	r4, r1
 530:	e1a01002 	mov	r1, r2
 534:	ebfffff1 	bl	0x500
 538:	e1a03000 	mov	r3, r0
 53c:	e1a00004 	mov	r0, r4
 540:	ebffffee 	bl	0x500
 544:	e0430000 	sub	r0, r3, r0
 548:	e8bd801e 	pop	{r1, r2, r3, r4, pc}
 54c:	e92d407e 	push	{r1, r2, r3, r4, r5, r6, lr}
 550:	e1a03000 	mov	r3, r0
 554:	e1a04001 	mov	r4, r1
 558:	e3a00000 	mov	r0, #0
 55c:	e7d35000 	ldrb	r5, [r3, r0]
 560:	e7d46000 	ldrb	r6, [r4, r0]
 564:	e1550006 	cmp	r5, r6
 568:	1a000003 	bne	0x57c
 56c:	e2800001 	add	r0, r0, #1
 570:	e1520000 	cmp	r2, r0
 574:	0a000002 	beq	0x584
 578:	eafffff7 	b	0x55c
 57c:	e3a00001 	mov	r0, #1
 580:	e8bd807e 	pop	{r1, r2, r3, r4, r5, r6, pc}
 584:	e3a00000 	mov	r0, #0
 588:	e8bd807e 	pop	{r1, r2, r3, r4, r5, r6, pc}
 58c:	e92d4007 	push	{r0, r1, r2, lr}
 590:	e1a01000 	mov	r1, r0
 594:	e4d10001 	ldrb	r0, [r1], #1
 598:	e20000ff 	and	r0, r0, #255	; 0xff
 59c:	e3500000 	cmp	r0, #0
 5a0:	0a000001 	beq	0x5ac
 5a4:	ebffff4e 	bl	0x2e4
 5a8:	eafffff9 	b	0x594
 5ac:	e8bd8007 	pop	{r0, r1, r2, pc}
 5b0:	e92d4007 	push	{r0, r1, r2, lr}
 5b4:	e1a02000 	mov	r2, r0
 5b8:	e4d20001 	ldrb	r0, [r2], #1
 5bc:	ebffff48 	bl	0x2e4
 5c0:	e2511001 	subs	r1, r1, #1
 5c4:	0afffff8 	beq	0x5ac
 5c8:	eafffffa 	b	0x5b8
 5cc:	e8bd8007 	pop	{r0, r1, r2, pc}
 5d0:	e92d403e 	push	{r1, r2, r3, r4, r5, lr}
 5d4:	e3a02001 	mov	r2, #1
 5d8:	e3a0300a 	mov	r3, #10
 5dc:	e3a05000 	mov	r5, #0
 5e0:	e3a08000 	mov	r8, #0
 5e4:	e1a04001 	mov	r4, r1
 5e8:	e204400f 	and	r4, r4, #15
 5ec:	e0060294 	mul	r6, r4, r2
 5f0:	e1a04006 	mov	r4, r6
 5f4:	e0070392 	mul	r7, r2, r3
 5f8:	e1a02007 	mov	r2, r7
 5fc:	e0855004 	add	r5, r5, r4
 600:	e1a01221 	lsr	r1, r1, #4
 604:	e2888001 	add	r8, r8, #1
 608:	e3580007 	cmp	r8, #7
 60c:	1afffff4 	bne	0x5e4
 610:	e1a00005 	mov	r0, r5
 614:	e8bd803e 	pop	{r1, r2, r3, r4, r5, pc}
 618:	e92d41c0 	push	{r6, r7, r8, lr}
 61c:	e3a05000 	mov	r5, #0
 620:	e3a03000 	mov	r3, #0
 624:	e7d40005 	ldrb	r0, [r4, r5]
 628:	e350003a 	cmp	r0, #58	; 0x3a
 62c:	ba000006 	blt	0x64c
 630:	e2400057 	sub	r0, r0, #87	; 0x57
 634:	e1a03203 	lsl	r3, r3, #4
 638:	e0833000 	add	r3, r3, r0
 63c:	e2855001 	add	r5, r5, #1
 640:	e1520005 	cmp	r2, r5
 644:	1afffff6 	bne	0x624
 648:	e8bd81c0 	pop	{r6, r7, r8, pc}
 64c:	e2400030 	sub	r0, r0, #48	; 0x30
 650:	ebfffff7 	bl	0x634
 654:	e92d4070 	push	{r4, r5, r6, lr}
 658:	e3a05000 	mov	r5, #0
 65c:	e7c43005 	strb	r3, [r4, r5]
 660:	e1a03423 	lsr	r3, r3, #8
 664:	e2855001 	add	r5, r5, #1
 668:	e1520005 	cmp	r2, r5
 66c:	1afffffa 	bne	0x65c
 670:	e8bd8070 	pop	{r4, r5, r6, pc}
 674:	80000c7c 	andhi	r0, r0, ip, ror ip
 678:	80000c82 	andhi	r0, r0, r2, lsl #25
 67c:	80000c7f 	andhi	r0, r0, pc, ror ip
 680:	44e3e000 	strbtmi	lr, [r3], #0
 684:	80000c4f 	andhi	r0, r0, pc, asr #24
	...
 690:	e92d4003 	push	{r0, r1, lr}
 694:	e59f002c 	ldr	r0, [pc, #44]	; 0x6c8
 698:	e59f102c 	ldr	r1, [pc, #44]	; 0x6cc
 69c:	e5801048 	str	r1, [r0, #72]	; 0x48
 6a0:	eb000003 	bl	0x6b4
 6a4:	e59f1024 	ldr	r1, [pc, #36]	; 0x6d0
 6a8:	e5801048 	str	r1, [r0, #72]	; 0x48
 6ac:	eb000000 	bl	0x6b4
 6b0:	e8bd8003 	pop	{r0, r1, pc}
 6b4:	e5901034 	ldr	r1, [r0, #52]	; 0x34
 6b8:	e2011010 	and	r1, r1, #16
 6bc:	e3510000 	cmp	r1, #0
 6c0:	1afffffb 	bne	0x6b4
 6c4:	e12fff1e 	bx	lr
 6c8:	44e35000 	strbtmi	r5, [r3], #0
 6cc:	0000aaaa 	andeq	sl, r0, sl, lsr #21
 6d0:	00005555 	andeq	r5, r0, r5, asr r5
	...
 6e0:	e92d4007 	push	{r0, r1, r2, lr}
 6e4:	ee110f10 	mrc	15, 0, r0, cr1, cr0, {0}
 6e8:	e3c00a02 	bic	r0, r0, #8192	; 0x2000
 6ec:	ee010f10 	mcr	15, 0, r0, cr1, cr0, {0}
 6f0:	e59f0004 	ldr	r0, [pc, #4]	; 0x6fc
 6f4:	ee0c0f10 	mcr	15, 0, r0, cr12, cr0, {0}
 6f8:	e8bd8007 	pop	{r0, r1, r2, pc}
 6fc:	80000000 	andhi	r0, r0, r0
 700:	e59f0098 	ldr	r0, [pc, #152]	; 0x7a0
 704:	e59f1098 	ldr	r1, [pc, #152]	; 0x7a4
 708:	e5801000 	str	r1, [r0]
 70c:	e59f0094 	ldr	r0, [pc, #148]	; 0x7a8
 710:	e5901000 	ldr	r1, [r0]
 714:	e3c1161e 	bic	r1, r1, #31457280	; 0x1e00000
 718:	e5801000 	str	r1, [r0]
 71c:	e12fff1e 	bx	lr
 720:	e92d401f 	push	{r0, r1, r2, r3, r4, lr}
 724:	e59f0080 	ldr	r0, [pc, #128]	; 0x7ac
 728:	e3a01602 	mov	r1, #2097152	; 0x200000
 72c:	e5801000 	str	r1, [r0]
 730:	e8bd801f 	pop	{r0, r1, r2, r3, r4, pc}
 734:	e92d401f 	push	{r0, r1, r2, r3, r4, lr}
 738:	e59f0070 	ldr	r0, [pc, #112]	; 0x7b0
 73c:	e3a01602 	mov	r1, #2097152	; 0x200000
 740:	e5801000 	str	r1, [r0]
 744:	e8bd801f 	pop	{r0, r1, r2, r3, r4, pc}
 748:	e92d401f 	push	{r0, r1, r2, r3, r4, lr}
 74c:	e1a04000 	mov	r4, r0
 750:	ebfffff2 	bl	0x720
 754:	ebffff3b 	bl	0x448
 758:	ebfffff5 	bl	0x734
 75c:	ebffff39 	bl	0x448
 760:	e2444001 	sub	r4, r4, #1
 764:	e3540000 	cmp	r4, #0
 768:	1afffff8 	bne	0x750
 76c:	e8bd801f 	pop	{r0, r1, r2, r3, r4, pc}
 770:	e92d401f 	push	{r0, r1, r2, r3, r4, lr}
 774:	e59f0034 	ldr	r0, [pc, #52]	; 0x7b0
 778:	e3a0161e 	mov	r1, #31457280	; 0x1e00000
 77c:	e5801000 	str	r1, [r0]
 780:	e59f0024 	ldr	r0, [pc, #36]	; 0x7ac
 784:	e1a01a83 	lsl	r1, r3, #21
 788:	e5801000 	str	r1, [r0]
 78c:	ebffff32 	bl	0x45c
 790:	e59f0018 	ldr	r0, [pc, #24]	; 0x7b0
 794:	e3a0161e 	mov	r1, #31457280	; 0x1e00000
 798:	e5801000 	str	r1, [r0]
 79c:	e8bd801f 	pop	{r0, r1, r2, r3, r4, pc}
 7a0:	44e000ac 	strbtmi	r0, [r0], #172	; 0xac
 7a4:	00040002 	andeq	r0, r4, r2
 7a8:	4804c134 	stmdami	r4, {r2, r4, r5, r8, lr, pc}
 7ac:	4804c194 	stmdami	r4, {r2, r4, r7, r8, lr, pc}
 7b0:	4804c190 	stmdami	r4, {r4, r7, r8, lr, pc}
	...
 7c0:	e92d4003 	push	{r0, r1, lr}
 7c4:	e59f00f8 	ldr	r0, [pc, #248]	; 0x8c4
 7c8:	e3a01002 	mov	r1, #2
 7cc:	e5801000 	str	r1, [r0]
 7d0:	e59f00f0 	ldr	r0, [pc, #240]	; 0x8c8
 7d4:	e5801000 	str	r1, [r0]
 7d8:	e59f00ec 	ldr	r0, [pc, #236]	; 0x8cc
 7dc:	e59f10ec 	ldr	r1, [pc, #236]	; 0x8d0
 7e0:	e580106c 	str	r1, [r0, #108]	; 0x6c
 7e4:	e59f10e8 	ldr	r1, [pc, #232]	; 0x8d4
 7e8:	e5801070 	str	r1, [r0, #112]	; 0x70
 7ec:	e3a01048 	mov	r1, #72	; 0x48
 7f0:	e5801054 	str	r1, [r0, #84]	; 0x54
 7f4:	e59f00d0 	ldr	r0, [pc, #208]	; 0x8cc
 7f8:	e3a01001 	mov	r1, #1
 7fc:	e5801040 	str	r1, [r0, #64]	; 0x40
 800:	e5901044 	ldr	r1, [r0, #68]	; 0x44
 804:	e2011001 	and	r1, r1, #1
 808:	e3510000 	cmp	r1, #0
 80c:	1afffffb 	bne	0x800
 810:	e59f00c0 	ldr	r0, [pc, #192]	; 0x8d8
 814:	e3a01000 	mov	r1, #0
 818:	e5c0104b 	strb	r1, [r0, #75]	; 0x4b
 81c:	e59f00b8 	ldr	r0, [pc, #184]	; 0x8dc
 820:	e3a01b02 	mov	r1, #2048	; 0x800
 824:	e58010c8 	str	r1, [r0, #200]	; 0xc8
 828:	e8bd8003 	pop	{r0, r1, pc}
 82c:	e92d4007 	push	{r0, r1, r2, lr}
 830:	e1a02000 	mov	r2, r0
 834:	e2020070 	and	r0, r2, #112	; 0x70
 838:	e1a00220 	lsr	r0, r0, #4
 83c:	ebffff11 	bl	0x488
 840:	ebfffea7 	bl	0x2e4
 844:	e202000f 	and	r0, r2, #15
 848:	e2800030 	add	r0, r0, #48	; 0x30
 84c:	ebfffea4 	bl	0x2e4
 850:	e8bd8007 	pop	{r0, r1, r2, pc}
 854:	e92d4007 	push	{r0, r1, r2, lr}
 858:	e59f106c 	ldr	r1, [pc, #108]	; 0x8cc
 85c:	e5910008 	ldr	r0, [r1, #8]
 860:	ebfffff1 	bl	0x82c
 864:	e3a0003a 	mov	r0, #58	; 0x3a
 868:	ebfffe9d 	bl	0x2e4
 86c:	e5910004 	ldr	r0, [r1, #4]
 870:	ebffffed 	bl	0x82c
 874:	e3a0003a 	mov	r0, #58	; 0x3a
 878:	ebfffe99 	bl	0x2e4
 87c:	e5910000 	ldr	r0, [r1]
 880:	ebffffe9 	bl	0x82c
 884:	e59f0054 	ldr	r0, [pc, #84]	; 0x8e0
 888:	ebffff3f 	bl	0x58c
 88c:	e8bd8007 	pop	{r0, r1, r2, pc}
 890:	e92d4007 	push	{r0, r1, r2, lr}
 894:	ebffffee 	bl	0x854
 898:	e8bd8007 	pop	{r0, r1, r2, pc}
 89c:	e92d403e 	push	{r1, r2, r3, r4, r5, lr}
 8a0:	e59f1024 	ldr	r1, [pc, #36]	; 0x8cc
 8a4:	e3c554ff 	bic	r5, r5, #-16777216	; 0xff000000
 8a8:	e5c15000 	strb	r5, [r1]
 8ac:	e1a05425 	lsr	r5, r5, #8
 8b0:	e5c15004 	strb	r5, [r1, #4]
 8b4:	e1a05425 	lsr	r5, r5, #8
 8b8:	e5c15008 	strb	r5, [r1, #8]
 8bc:	e8bd803e 	pop	{r1, r2, r3, r4, r5, pc}
 8c0:	00000d0a 	andeq	r0, r0, sl, lsl #26
 8c4:	44e00804 	strbtmi	r0, [r0], #2052	; 0x804
 8c8:	44e00800 	strbtmi	r0, [r0], #2048	; 0x800
 8cc:	44e3e000 	strbtmi	lr, [r3], #0
 8d0:	83e70b13 	mvnhi	r0, #19456	; 0x4c00
 8d4:	95a4f1e0 	strls	pc, [r4, #480]!	; 0x1e0
 8d8:	48200100 	stmdami	r0!, {r8}
 8dc:	48200000 	stmdami	r0!, {}	; <UNPREDICTABLE>
 8e0:	800008c0 	andhi	r0, r0, r0, asr #17
 8e4:	43f0e92d 	mvnsmi	lr, #737280	; 0xb4000
 8e8:	af00b089 	svcge	0x0000b089
 8ec:	71fb4603 	mvnsvc	r4, r3, lsl #12
 8f0:	461e466b 	ldrmi	r4, [lr], -fp, ror #12
 8f4:	77fb79fb 			; <UNDEFINED> instruction: 0x77fb79fb
 8f8:	61bb2300 			; <UNDEFINED> instruction: 0x61bb2300
 8fc:	7ffae00b 	svcvc	0x00fae00b
 900:	43cdf64c 	bicmi	pc, sp, #76, 12	; 0x4c00000
 904:	43ccf6cc 	bicmi	pc, ip, #204, 12	; 0xcc00000
 908:	2302fba3 	movwcs	pc, #11171	; 0x2ba3	; <UNPREDICTABLE>
 90c:	77fb08db 	ubfxvc	r0, fp, #17, #28
 910:	330169bb 	movwcc	r6, #6587	; 0x19bb
 914:	7ffb61bb 	svcvc	0x00fb61bb
 918:	d1f02b00 	mvnsle	r2, r0, lsl #22
 91c:	1e4b69b9 			; <UNDEFINED> instruction: 0x1e4b69b9
 920:	460a60fb 			; <UNDEFINED> instruction: 0x460a60fb
 924:	46902300 	ldrmi	r2, [r0], r0, lsl #6
 928:	f04f4699 			; <UNDEFINED> instruction: 0xf04f4699
 92c:	f04f0200 			; <UNDEFINED> instruction: 0xf04f0200
 930:	ea4f0300 	b	0x13c1538
 934:	ea4303c9 	b	0x10c1860
 938:	ea4f7358 	b	0x13dd6a0
 93c:	460a02c8 	strmi	r0, [sl], -r8, asr #5
 940:	46142300 	ldrmi	r2, [r4], -r0, lsl #6
 944:	f04f461d 			; <UNDEFINED> instruction: 0xf04f461d
 948:	f04f0200 			; <UNDEFINED> instruction: 0xf04f0200
 94c:	00eb0300 	rsceq	r0, fp, r0, lsl #6
 950:	7354ea43 	cmpvc	r4, #274432	; 0x43000
 954:	460b00e2 	strmi	r0, [fp], -r2, ror #1
 958:	08db3307 	ldmeq	fp, {r0, r1, r2, r8, r9, ip, sp}^
 95c:	ebad00db 	bl	0xfeb40cd0
 960:	466b0d03 	strbtmi	r0, [fp], -r3, lsl #26
 964:	60bb3300 	adcsvs	r3, fp, r0, lsl #6
 968:	617b2300 	cmnvs	fp, r0, lsl #6
 96c:	79fae020 	ldmibvc	sl!, {r5, sp, lr, pc}^
 970:	43cdf64c 	bicmi	pc, sp, #76, 12	; 0x4c00000
 974:	43ccf6cc 	bicmi	pc, ip, #204, 12	; 0xcc00000
 978:	1302fba3 	movwne	pc, #11171	; 0x2ba3	; <UNPREDICTABLE>
 97c:	460b08d9 			; <UNDEFINED> instruction: 0x460b08d9
 980:	440b009b 	strmi	r0, [fp], #-155	; 0xffffff65
 984:	1ad3005b 	bne	0xff4c0af8
 988:	3330b2db 	teqcc	r0, #-1342177267	; 0xb000000d
 98c:	68bab2d9 	ldmvs	sl!, {r0, r3, r4, r6, r7, r9, ip, sp, pc}
 990:	4413697b 	ldrmi	r6, [r3], #-2427	; 0xfffff685
 994:	701a460a 	andsvc	r4, sl, sl, lsl #12
 998:	f64c79fa 			; <UNDEFINED> instruction: 0xf64c79fa
 99c:	f6cc43cd 			; <UNDEFINED> instruction: 0xf6cc43cd
 9a0:	fba343cc 	blx	0xfe8d18da
 9a4:	08db2302 	ldmeq	fp, {r1, r8, r9, sp}^
 9a8:	697b71fb 	ldmdbvs	fp!, {r0, r1, r3, r4, r5, r6, r7, r8, ip, sp, lr}^
 9ac:	617b3301 	cmnvs	fp, r1, lsl #6
 9b0:	69bb697a 	ldmibvs	fp!, {r1, r3, r4, r5, r6, r8, fp, sp, lr}
 9b4:	dbda429a 	blle	0xff691424
 9b8:	3b0169bb 	blcc	0x5b0ac
 9bc:	e009613b 	and	r6, r9, fp, lsr r1
 9c0:	693b68ba 	ldmdbvs	fp!, {r1, r3, r4, r5, r7, fp, sp, lr}
 9c4:	781b4413 	ldmdavc	fp, {r0, r1, r4, sl, lr}
 9c8:	f7ff4618 			; <UNDEFINED> instruction: 0xf7ff4618
 9cc:	693bec8c 	ldmdbvs	fp!, {r2, r3, r7, sl, fp, sp, lr, pc}
 9d0:	613b3b01 	teqvs	fp, r1, lsl #22
 9d4:	2b00693b 	blcs	0x1aec8
 9d8:	2300daf2 	movwcs	sp, #2802	; 0xaf2
 9dc:	461846b5 			; <UNDEFINED> instruction: 0x461846b5
 9e0:	46bd3724 	ldrtmi	r3, [sp], r4, lsr #14
 9e4:	83f0e8bd 	mvnshi	lr, #12386304	; 0xbd0000
 9e8:	43f0e92d 	mvnsmi	lr, #737280	; 0xb4000
 9ec:	af00b08f 	svcge	0x0000b08f
 9f0:	60b960f8 	ldrshtvs	r6, [r9], r8
 9f4:	71fb4613 	mvnsvc	r4, r3, lsl r6
 9f8:	461e466b 	ldrmi	r4, [lr], -fp, ror #12
 9fc:	f8872301 			; <UNDEFINED> instruction: 0xf8872301
 a00:	23003037 	movwcs	r3, #55	; 0x37
 a04:	3036f887 	eorscc	pc, r6, r7, lsl #17
 a08:	1e4b68b9 	mcrne	8, 2, r6, cr11, cr9, {5}
 a0c:	460a61fb 			; <UNDEFINED> instruction: 0x460a61fb
 a10:	46902300 	ldrmi	r2, [r0], r0, lsl #6
 a14:	f04f4699 			; <UNDEFINED> instruction: 0xf04f4699
 a18:	f04f0200 			; <UNDEFINED> instruction: 0xf04f0200
 a1c:	ea4f0300 	b	0x13c1624
 a20:	ea431349 	b	0x10c574c
 a24:	ea4f63d8 	b	0x13d998c
 a28:	460a1248 	strmi	r1, [sl], -r8, asr #4
 a2c:	46142300 	ldrmi	r2, [r4], -r0, lsl #6
 a30:	f04f461d 			; <UNDEFINED> instruction: 0xf04f461d
 a34:	f04f0200 			; <UNDEFINED> instruction: 0xf04f0200
 a38:	016b0300 	cmneq	fp, r0, lsl #6
 a3c:	63d4ea43 	bicsvs	lr, r4, #274432	; 0x43000
 a40:	460b0162 	strmi	r0, [fp], -r2, ror #2
 a44:	3307009b 	movwcc	r0, #28827	; 0x709b
 a48:	00db08db 	ldrsbeq	r0, [fp], #139	; 0x8b
 a4c:	0d03ebad 	vstreq	d14, [r3, #-692]	; 0xfffffd4c
 a50:	3303466b 	movwcc	r4, #13931	; 0x366b
 a54:	009b089b 	umullseq	r0, fp, fp, r8
 a58:	230061bb 	movwcs	r6, #443	; 0x1bb
 a5c:	e025633b 	eor	r6, r5, fp, lsr r3
 a60:	68fa6b3b 	ldmvs	sl!, {r0, r1, r3, r4, r5, r8, r9, fp, sp, lr}^
 a64:	781b4413 	ldmdavc	fp, {r0, r1, r4, sl, lr}
 a68:	69bb4619 	ldmibvs	fp!, {r0, r3, r4, r9, sl, lr}
 a6c:	f8436b3a 			; <UNDEFINED> instruction: 0xf8436b3a
 a70:	f8971022 			; <UNDEFINED> instruction: 0xf8971022
 a74:	79fb2037 	ldmibvc	fp!, {r0, r1, r2, r4, r5, sp}^
 a78:	b2db4013 	sbcslt	r4, fp, #19
 a7c:	d00d2b00 	andle	r2, sp, r0, lsl #22
 a80:	6b3a69bb 	blvs	0xe9b174
 a84:	3022f853 	eorcc	pc, r2, r3, asr r8	; <UNPREDICTABLE>
 a88:	69bb4259 	ldmibvs	fp!, {r0, r3, r4, r6, r9, lr}
 a8c:	f8436b3a 			; <UNDEFINED> instruction: 0xf8436b3a
 a90:	f8971022 			; <UNDEFINED> instruction: 0xf8971022
 a94:	33013036 	movwcc	r3, #4150	; 0x1036
 a98:	3036f887 	eorscc	pc, r6, r7, lsl #17
 a9c:	3037f897 	mlascc	r7, r7, r8, pc	; <UNPREDICTABLE>
 aa0:	f887005b 			; <UNDEFINED> instruction: 0xf887005b
 aa4:	6b3b3037 	blvs	0xeccb88
 aa8:	633b3301 	teqvs	fp, #67108864	; 0x4000000
 aac:	68bb6b3a 	ldmvs	fp!, {r1, r3, r4, r5, r8, r9, fp, sp, lr}
 ab0:	dbd5429a 	blle	0xff551520
 ab4:	62bb2301 	adcsvs	r2, fp, #67108864	; 0x4000000
 ab8:	69bbe027 	ldmibvs	fp!, {r0, r1, r2, r5, sp, lr, pc}
 abc:	f8536aba 			; <UNDEFINED> instruction: 0xf8536aba
 ac0:	617b3022 	cmnvs	fp, r2, lsr #32
 ac4:	3b016abb 	blcc	0x5b5b8
 ac8:	e00b62fb 	strd	r6, [fp], -fp
 acc:	1c5a6afb 	mrrcne	10, 15, r6, sl, cr11
 ad0:	6af969bb 	bvs	0xffe5b1c4
 ad4:	1021f853 	eorne	pc, r1, r3, asr r8	; <UNPREDICTABLE>
 ad8:	f84369bb 			; <UNDEFINED> instruction: 0xf84369bb
 adc:	6afb1022 	bvs	0xffec4b6c
 ae0:	62fb3b01 	rscsvs	r3, fp, #1024	; 0x400
 ae4:	2b006afb 	blcs	0x1b6d8
 ae8:	69bbdb06 	ldmibvs	fp!, {r1, r2, r8, r9, fp, ip, lr, pc}
 aec:	f8536afa 			; <UNDEFINED> instruction: 0xf8536afa
 af0:	697a3022 	ldmdbvs	sl!, {r1, r5, ip, sp}^
 af4:	dbe9429a 	blle	0xffa51564
 af8:	1c5a6afb 	mrrcne	10, 15, r6, sl, cr11
 afc:	697969bb 	ldmdbvs	r9!, {r0, r1, r3, r4, r5, r7, r8, fp, sp, lr}^
 b00:	1022f843 	eorne	pc, r2, r3, asr #16
 b04:	33016abb 	movwcc	r6, #6843	; 0x1abb
 b08:	6aba62bb 	bvs	0xfee995fc
 b0c:	429a68bb 	addsmi	r6, sl, #12255232	; 0xbb0000
 b10:	2300dbd3 	movwcs	sp, #3027	; 0xbd3
 b14:	e01a627b 	ands	r6, sl, fp, ror r2
 b18:	6a7a69bb 	bvs	0x1e9b20c
 b1c:	3022f853 	eorcc	pc, r2, r3, asr r8	; <UNPREDICTABLE>
 b20:	da082b00 	ble	0x20b728
 b24:	6a7a69bb 	bvs	0x1e9b218
 b28:	3022f853 	eorcc	pc, r2, r3, asr r8	; <UNPREDICTABLE>
 b2c:	69bb4259 	ldmibvs	fp!, {r0, r3, r4, r6, r9, lr}
 b30:	f8436a7a 			; <UNDEFINED> instruction: 0xf8436a7a
 b34:	69bb1022 	ldmibvs	fp!, {r1, r5, ip}
 b38:	f8536a7a 			; <UNDEFINED> instruction: 0xf8536a7a
 b3c:	6a7b1022 	bvs	0x1ec4bcc
 b40:	441368fa 	ldrmi	r6, [r3], #-2298	; 0xfffff706
 b44:	701ab2ca 	andsvc	fp, sl, sl, asr #5
 b48:	33016a7b 	movwcc	r6, #6779	; 0x1a7b
 b4c:	6a7a627b 	bvs	0x1e99540
 b50:	429a68bb 	addsmi	r6, sl, #12255232	; 0xbb0000
 b54:	2301dbe0 	movwcs	sp, #7136	; 0x1be0
 b58:	3037f887 	eorscc	pc, r7, r7, lsl #17
 b5c:	f7ff207b 			; <UNDEFINED> instruction: 0xf7ff207b
 b60:	2300ebc2 	movwcs	lr, #3010	; 0xbc2
 b64:	e025623b 	eor	r6, r5, fp, lsr r2
 b68:	3036f897 	mlascc	r6, r7, r8, pc	; <UNPREDICTABLE>
 b6c:	d0072b00 	andle	r2, r7, r0, lsl #22
 b70:	f7ff202d 			; <UNDEFINED> instruction: 0xf7ff202d
 b74:	f897ebb8 			; <UNDEFINED> instruction: 0xf897ebb8
 b78:	3b013036 	blcc	0x4cc58
 b7c:	3036f887 	eorscc	pc, r6, r7, lsl #17
 b80:	3037f897 	mlascc	r7, r7, r8, pc	; <UNPREDICTABLE>
 b84:	f887005b 			; <UNDEFINED> instruction: 0xf887005b
 b88:	6a3b3037 	bvs	0xeccc6c
 b8c:	441368fa 	ldrmi	r6, [r3], #-2298	; 0xfffff706
 b90:	4618781b 			; <UNDEFINED> instruction: 0x4618781b
 b94:	fea6f7ff 	mcr2	7, 5, pc, cr6, cr15, {7}	; <UNPREDICTABLE>
 b98:	3b0168bb 	blcc	0x5ae8c
 b9c:	429a6a3a 	addsmi	r6, sl, #237568	; 0x3a000
 ba0:	202cd005 	eorcs	sp, ip, r5
 ba4:	eb9ef7ff 	bl	0xfe7beba8
 ba8:	f7ff2020 			; <UNDEFINED> instruction: 0xf7ff2020
 bac:	6a3beb9c 	bvs	0xefba24
 bb0:	623b3301 	eorsvs	r3, fp, #67108864	; 0x4000000
 bb4:	68bb6a3a 	ldmvs	fp!, {r1, r3, r4, r5, r9, fp, sp, lr}
 bb8:	dbd5429a 	blle	0xff551628
 bbc:	f7ff207d 			; <UNDEFINED> instruction: 0xf7ff207d
 bc0:	2300eb92 	movwcs	lr, #2962	; 0xb92
 bc4:	461846b5 			; <UNDEFINED> instruction: 0x461846b5
 bc8:	46bd373c 			; <UNDEFINED> instruction: 0x46bd373c
 bcc:	83f0e8bd 	mvnshi	lr, #12386304	; 0xbd0000
 bd0:	6c6c6548 	cfstr64vs	mvdx6, [ip], #-288	; 0xfffffee0
 bd4:	6f77206f 	svcvs	0x0077206f
 bd8:	21646c72 	smccs	18114	; 0x46c2
 bdc:	0d0a2121 	stfeqs	f2, [sl, #-132]	; 0xffffff7c
 be0:	52490000 	subpl	r0, r9, #0
 be4:	6f4d2051 	svcvs	0x004d2051
 be8:	0a216564 	beq	0x85a180
 bec:	4946000d 	stmdbmi	r6, {r0, r2, r3}^
 bf0:	6f4d2051 	svcvs	0x004d2051
 bf4:	0a216564 	beq	0x85a18c
 bf8:	7250000d 	subsvc	r0, r0, #13
 bfc:	74656665 	strbtvc	r6, [r5], #-1637	; 0xfffff99b
 c00:	41206863 			; <UNDEFINED> instruction: 0x41206863
 c04:	74726f62 	ldrbtvc	r6, [r2], #-3938	; 0xfffff09e
 c08:	000d0a21 	andeq	r0, sp, r1, lsr #20
 c0c:	61746144 	cmnvs	r4, r4, asr #2
 c10:	6f624120 	svcvs	0x00624120
 c14:	0a217472 	beq	0x85dde4
 c18:	6e55000d 	cdpvs	0, 5, cr0, cr5, cr13, {0}
 c1c:	69666564 	stmdbvs	r6!, {r2, r5, r6, r8, sl, sp, lr}^
 c20:	2064656e 	rsbcs	r6, r4, lr, ror #10
 c24:	65637845 	strbvs	r7, [r3, #-2117]!	; 0xfffff7bb
 c28:	6f697470 	svcvs	0x00697470
 c2c:	0d0a216e 	stfeqs	f2, [sl, #-440]	; 0xfffffe48
 c30:	666f5300 	strbtvs	r5, [pc], -r0, lsl #6
 c34:	72617774 	rsbvc	r7, r1, #116, 14	; 0x1d00000
 c38:	6e492065 	cdpvs	0, 4, cr2, cr9, cr5, {3}
 c3c:	72726574 	rsbsvc	r6, r2, #116, 10	; 0x1d000000
 c40:	20747075 	rsbscs	r7, r4, r5, ror r0
 c44:	626d754e 	rsbvs	r7, sp, #327155712	; 0x13800000
 c48:	203a7265 	eorscs	r7, sl, r5, ror #4
 c4c:	30000d0a 	andcc	r0, r0, sl, lsl #26
 c50:	34333231 	ldrtcc	r3, [r3], #-561	; 0xfffffdcf
 c54:	38373635 	ldmdacc	r7!, {r0, r2, r4, r5, r9, sl, ip, sp}
 c58:	43424139 	movtmi	r4, #8505	; 0x2139
 c5c:	00464544 	subeq	r4, r6, r4, asr #10
 c60:	2d2d2d2d 	stccs	13, cr2, [sp, #-180]!	; 0xffffff4c
 c64:	2d2d2d2d 	stccs	13, cr2, [sp, #-180]!	; 0xffffff4c
 c68:	2d2d2d2d 	stccs	13, cr2, [sp, #-180]!	; 0xffffff4c
 c6c:	2d2d2d2d 	stccs	13, cr2, [sp, #-180]!	; 0xffffff4c
 c70:	2d2d2d2d 	stccs	13, cr2, [sp, #-180]!	; 0xffffff4c
 c74:	2d2d2d2d 	stccs	13, cr2, [sp, #-180]!	; 0xffffff4c
 c78:	000d0a2d 	andeq	r0, sp, sp, lsr #20
 c7c:	0a007830 	beq	0x1ed44
 c80:	2020000d 	eorcs	r0, r0, sp
 c84:	0020203a 	eoreq	r2, r0, sl, lsr r0
