
startup.bin: formato do arquivo binary
startup.bin
arquitetura: UNKNOWN!, sinalizações 0x00000000:

começar o endereço 0x00000000

Seções:
Idx Name          Tam.      VMA       LMA       File off  Algn
  0 .data         00000eb8  00000000  00000000  00000000  2**0
                  CONTENTS, ALLOC, LOAD, DATA
SYMBOL TABLE:
nenhum símbolo



Desmontagem da seção .data:

00000000 <.data>:
   0:	e59ff018 	ldr	pc, [pc, #24]	; 0x20
   4:	e59ff018 	ldr	pc, [pc, #24]	; 0x24
   8:	e59ff018 	ldr	pc, [pc, #24]	; 0x28
   c:	e59ff018 	ldr	pc, [pc, #24]	; 0x2c
  10:	e59ff018 	ldr	pc, [pc, #24]	; 0x30
  14:	e1a00000 	nop			; (mov r0, r0)
  18:	e59ff018 	ldr	pc, [pc, #24]	; 0x38
  1c:	e59ff018 	ldr	pc, [pc, #24]	; 0x3c
  20:	80000040 	andhi	r0, r0, r0, asr #32
  24:	4030ce24 	eorsmi	ip, r0, r4, lsr #28
  28:	4030ce28 	eorsmi	ip, r0, r8, lsr #28
  2c:	4030ce2c 	eorsmi	ip, r0, ip, lsr #28
  30:	4030ce30 	eorsmi	ip, r0, r0, lsr lr
  34:	e1a00000 	nop			; (mov r0, r0)
  38:	4030ce38 	eorsmi	ip, r0, r8, lsr lr
  3c:	4030ce3c 	eorsmi	ip, r0, ip, lsr lr
  40:	e59f223c 	ldr	r2, [pc, #572]	; 0x284
  44:	e3a01000 	mov	r1, #0
  48:	e5c21000 	strb	r1, [r2]
  4c:	e59f2234 	ldr	r2, [pc, #564]	; 0x288
  50:	e3a01000 	mov	r1, #0
  54:	e5c21000 	strb	r1, [r2]
  58:	e59f222c 	ldr	r2, [pc, #556]	; 0x28c
  5c:	e3a01000 	mov	r1, #0
  60:	e5c21000 	strb	r1, [r2]
  64:	e59f0224 	ldr	r0, [pc, #548]	; 0x290
  68:	eb0001c3 	bl	0x77c
  6c:	eb000207 	bl	0x890
  70:	e10f0000 	mrs	r0, CPSR
  74:	e3c0001f 	bic	r0, r0, #31
  78:	e3800013 	orr	r0, r0, #19
  7c:	e38000c0 	orr	r0, r0, #192	; 0xc0
  80:	e129f000 	msr	CPSR_fc, r0
  84:	e3a000d3 	mov	r0, #211	; 0xd3
  88:	e121f000 	msr	CPSR_c, r0
  8c:	e59fd200 	ldr	sp, [pc, #512]	; 0x294
  90:	e3a000d2 	mov	r0, #210	; 0xd2
  94:	e121f000 	msr	CPSR_c, r0
  98:	e59fd1f8 	ldr	sp, [pc, #504]	; 0x298
  9c:	e3a000d1 	mov	r0, #209	; 0xd1
  a0:	e121f000 	msr	CPSR_c, r0
  a4:	e59fd1f0 	ldr	sp, [pc, #496]	; 0x29c
  a8:	e3a000db 	mov	r0, #219	; 0xdb
  ac:	e121f000 	msr	CPSR_c, r0
  b0:	e59fd1e8 	ldr	sp, [pc, #488]	; 0x2a0
  b4:	e3a000d7 	mov	r0, #215	; 0xd7
  b8:	e121f000 	msr	CPSR_c, r0
  bc:	e59fd1e0 	ldr	sp, [pc, #480]	; 0x2a4
  c0:	e3a000df 	mov	r0, #223	; 0xdf
  c4:	e121f000 	msr	CPSR_c, r0
  c8:	e59fd1d8 	ldr	sp, [pc, #472]	; 0x2a8
  cc:	e3a00010 	mov	r0, #16
  d0:	e121f000 	msr	CPSR_c, r0
  d4:	e59fd1d0 	ldr	sp, [pc, #464]	; 0x2ac
  d8:	e59f01d0 	ldr	r0, [pc, #464]	; 0x2b0
  dc:	e59f11d0 	ldr	r1, [pc, #464]	; 0x2b4
  e0:	e5801000 	str	r1, [r0]
  e4:	e59f01cc 	ldr	r0, [pc, #460]	; 0x2b8
  e8:	e59f11cc 	ldr	r1, [pc, #460]	; 0x2bc
  ec:	e5801000 	str	r1, [r0]
  f0:	eb0001ee 	bl	0x8b0
  f4:	eb0001c9 	bl	0x820
  f8:	eb000007 	bl	0x11c
  fc:	eb000227 	bl	0x9a0
 100:	eb00007a 	bl	0x2f0
 104:	e10f0000 	mrs	r0, CPSR
 108:	e3c00080 	bic	r0, r0, #128	; 0x80
 10c:	e129f000 	msr	CPSR_fc, r0
 110:	ebffffff 	bl	0x114
 114:	eb00002e 	bl	0x1d4
 118:	eafffffe 	b	0x118
 11c:	e92d4003 	push	{r0, r1, lr}
 120:	e59f0198 	ldr	r0, [pc, #408]	; 0x2c0
 124:	e5901000 	ldr	r1, [r0]
 128:	e3811002 	orr	r1, r1, #2
 12c:	e5801000 	str	r1, [r0]
 130:	e59f018c 	ldr	r0, [pc, #396]	; 0x2c4
 134:	e5901000 	ldr	r1, [r0]
 138:	e3811102 	orr	r1, r1, #-2147483648	; 0x80000000
 13c:	e5801000 	str	r1, [r0]
 140:	e8bd8003 	pop	{r0, r1, pc}
 144:	e92d4003 	push	{r0, r1, lr}
 148:	e59f4178 	ldr	r4, [pc, #376]	; 0x2c8
 14c:	e5943000 	ldr	r3, [r4]
 150:	e3833001 	orr	r3, r3, #1
 154:	e5843000 	str	r3, [r4]
 158:	e8bd8003 	pop	{r0, r1, pc}
 15c:	e92d4003 	push	{r0, r1, lr}
 160:	e59f4160 	ldr	r4, [pc, #352]	; 0x2c8
 164:	e5943000 	ldr	r3, [r4]
 168:	e3c33001 	bic	r3, r3, #1
 16c:	e5843000 	str	r3, [r4]
 170:	e8bd8003 	pop	{r0, r1, pc}
 174:	e92d4003 	push	{r0, r1, lr}
 178:	ebfffff7 	bl	0x15c
 17c:	e59f4148 	ldr	r4, [pc, #328]	; 0x2cc
 180:	e3a01002 	mov	r1, #2
 184:	e5841000 	str	r1, [r4]
 188:	eb0001b2 	bl	0x858
 18c:	eafffffe 	b	0x18c
 190:	e8bd8003 	pop	{r0, r1, pc}
 194:	e92d480f 	push	{r0, r1, r2, r3, fp, lr}
 198:	e14fb000 	mrs	fp, SPSR
 19c:	e59f012c 	ldr	r0, [pc, #300]	; 0x2d0
 1a0:	e5901040 	ldr	r1, [r0, #64]	; 0x40
 1a4:	e201107f 	and	r1, r1, #127	; 0x7f
 1a8:	e351004b 	cmp	r1, #75	; 0x4b
 1ac:	e3510048 	cmp	r1, #72	; 0x48
 1b0:	0b000075 	bleq	0x38c
 1b4:	e351005f 	cmp	r1, #95	; 0x5f
 1b8:	0bffffed 	bleq	0x174
 1bc:	e59f010c 	ldr	r0, [pc, #268]	; 0x2d0
 1c0:	e3a01001 	mov	r1, #1
 1c4:	e5801048 	str	r1, [r0, #72]	; 0x48
 1c8:	f57ff04f 	dsb	sy
 1cc:	e169f00b 	msr	SPSR_fc, fp
 1d0:	e8fd880f 	ldm	sp!, {r0, r1, r2, r3, fp, pc}^
 1d4:	e92d4003 	push	{r0, r1, lr}
 1d8:	e3051dc0 	movw	r1, #24000	; 0x5dc0
 1dc:	e3020710 	movw	r0, #10000	; 0x2710
 1e0:	e0020091 	mul	r2, r1, r0
 1e4:	e3e01000 	mvn	r1, #0
 1e8:	e0410002 	sub	r0, r1, r2
 1ec:	e59f40e0 	ldr	r4, [pc, #224]	; 0x2d4
 1f0:	e5941000 	ldr	r1, [r4]
 1f4:	e1a01000 	mov	r1, r0
 1f8:	e5841000 	str	r1, [r4]
 1fc:	e59f00d4 	ldr	r0, [pc, #212]	; 0x2d8
 200:	e5901000 	ldr	r1, [r0]
 204:	e3a01002 	mov	r1, #2
 208:	e5801000 	str	r1, [r0]
 20c:	ebffffcc 	bl	0x144
 210:	e92d4003 	push	{r0, r1, lr}
 214:	eafffffe 	b	0x214
 218:	eafffffe 	b	0x218
 21c:	e92d5fff 	push	{r0, r1, r2, r3, r4, r5, r6, r7, r8, r9, sl, fp, ip, lr}
 220:	e51e0004 	ldr	r0, [lr, #-4]
 224:	e3c014ff 	bic	r1, r0, #-16777216	; 0xff000000
 228:	e59f00ac 	ldr	r0, [pc, #172]	; 0x2dc
 22c:	eb000152 	bl	0x77c
 230:	e1a00001 	mov	r0, r1
 234:	eb00011d 	bl	0x6b0
 238:	e59f00a0 	ldr	r0, [pc, #160]	; 0x2e0
 23c:	eb00014e 	bl	0x77c
 240:	e8fd9fff 	ldm	sp!, {r0, r1, r2, r3, r4, r5, r6, r7, r8, r9, sl, fp, ip, pc}^
 244:	eafffffe 	b	0x244
 248:	eafffffe 	b	0x248
 24c:	69676944 	stmdbvs	r7!, {r2, r6, r8, fp, sp, lr}^
 250:	6f206574 	svcvs	0x00206574
 254:	756e2073 	strbvc	r2, [lr, #-115]!	; 0xffffff8d
 258:	6f72656d 	svcvs	0x0072656d
 25c:	28203a73 	stmdacs	r0!, {r0, r1, r4, r5, r6, r9, fp, ip, sp}
 260:	656d6f53 	strbvs	r6, [sp, #-3923]!	; 0xfffff0ad
 264:	2065746e 	rsbcs	r7, r5, lr, ror #8
 268:	656d756e 	strbvs	r7, [sp, #-1390]!	; 0xfffffa92
 26c:	20736f72 	rsbscs	r6, r3, r2, ror pc
 270:	2d206564 	cfstr32cs	mvfx6, [r0, #-400]!	; 0xfffffe70
 274:	20353532 	eorscs	r3, r5, r2, lsr r5
 278:	35322061 	ldrcc	r2, [r2, #-97]!	; 0xffffff9f
 27c:	0d0a2935 	vstreq.16	s4, [sl, #-106]	; 0xffffff96	; <UNPREDICTABLE>
 280:	00000000 	andeq	r0, r0, r0
 284:	80000ef4 	strdhi	r0, [r0], -r4
 288:	80000ef0 	strdhi	r0, [r0], -r0	; <UNPREDICTABLE>
 28c:	80000f08 	andhi	r0, r0, r8, lsl #30
 290:	8000024c 	andhi	r0, r0, ip, asr #4
 294:	80001500 	andhi	r1, r0, r0, lsl #10
 298:	80001600 	andhi	r1, r0, r0, lsl #12
 29c:	80001700 	andhi	r1, r0, r0, lsl #14
 2a0:	80001300 	andhi	r1, r0, r0, lsl #6
 2a4:	80001400 	andhi	r1, r0, r0, lsl #8
 2a8:	80001200 	andhi	r1, r0, r0, lsl #4
 2ac:	80001800 	andhi	r1, r0, r0, lsl #16
 2b0:	80000038 	andhi	r0, r0, r8, lsr r0
 2b4:	80000194 	mulhi	r0, r4, r1
 2b8:	80000028 	andhi	r0, r0, r8, lsr #32
 2bc:	8000021c 	andhi	r0, r0, ip, lsl r2
 2c0:	44e0007c 	strbtmi	r0, [r0], #124	; 0x7c
 2c4:	482000c8 	stmdami	r0!, {r3, r6, r7}
 2c8:	4804a038 	stmdami	r4, {r3, r4, r5, sp, pc}
 2cc:	4804a030 	stmdami	r4, {r4, r5, sp, pc}
 2d0:	48200000 	stmdami	r0!, {}	; <UNPREDICTABLE>
 2d4:	4804a03c 	stmdami	r4, {r2, r3, r4, r5, sp, pc}
 2d8:	4804a02c 	stmdami	r4, {r2, r3, r5, sp, pc}
 2dc:	80000e61 	andhi	r0, r0, r1, ror #28
 2e0:	80000eaf 	andhi	r0, r0, pc, lsr #29
	...
 2f0:	e92d4003 	push	{r0, r1, lr}
 2f4:	e59f0274 	ldr	r0, [pc, #628]	; 0x570
 2f8:	e3a01001 	mov	r1, #1
 2fc:	e5c01000 	strb	r1, [r0]
 300:	e3a01002 	mov	r1, #2
 304:	e5c01000 	strb	r1, [r0]
 308:	e59f0264 	ldr	r0, [pc, #612]	; 0x574
 30c:	e3a01000 	mov	r1, #0
 310:	e5c01048 	strb	r1, [r0, #72]	; 0x48
 314:	e59f025c 	ldr	r0, [pc, #604]	; 0x578
 318:	e3a01c01 	mov	r1, #256	; 0x100
 31c:	e58010c8 	str	r1, [r0, #200]	; 0xc8
 320:	e59f3254 	ldr	r3, [pc, #596]	; 0x57c
 324:	e3a01000 	mov	r1, #0
 328:	e5c31000 	strb	r1, [r3]
 32c:	e59f324c 	ldr	r3, [pc, #588]	; 0x580
 330:	e3a01000 	mov	r1, #0
 334:	e5c31000 	strb	r1, [r3]
 338:	e59f3244 	ldr	r3, [pc, #580]	; 0x584
 33c:	e3a01000 	mov	r1, #0
 340:	e5c31000 	strb	r1, [r3]
 344:	e3a09000 	mov	r9, #0
 348:	e8bd8003 	pop	{r0, r1, pc}
 34c:	e92d4006 	push	{r1, r2, lr}
 350:	e59f1230 	ldr	r1, [pc, #560]	; 0x588
 354:	e5912014 	ldr	r2, [r1, #20]
 358:	e2022020 	and	r2, r2, #32
 35c:	e3520000 	cmp	r2, #0
 360:	0afffffb 	beq	0x354
 364:	e5c10000 	strb	r0, [r1]
 368:	e8bd8006 	pop	{r1, r2, pc}
 36c:	e92d4006 	push	{r1, r2, lr}
 370:	e59f1210 	ldr	r1, [pc, #528]	; 0x588
 374:	e5912014 	ldr	r2, [r1, #20]
 378:	e2022001 	and	r2, r2, #1
 37c:	e3520000 	cmp	r2, #0
 380:	0afffffb 	beq	0x374
 384:	e5d10000 	ldrb	r0, [r1]
 388:	e8bd8006 	pop	{r1, r2, pc}
 38c:	e92d401f 	push	{r0, r1, r2, r3, r4, lr}
 390:	ebfffff5 	bl	0x36c
 394:	e350000d 	cmp	r0, #13
 398:	0b00001f 	bleq	0x41c
 39c:	ebffffea 	bl	0x34c
 3a0:	e59f11e4 	ldr	r1, [pc, #484]	; 0x58c
 3a4:	e3a03000 	mov	r3, #0
 3a8:	e7d12003 	ldrb	r2, [r1, r3]
 3ac:	e1500002 	cmp	r0, r2
 3b0:	0b000033 	bleq	0x484
 3b4:	e2833001 	add	r3, r3, #1
 3b8:	e353000a 	cmp	r3, #10
 3bc:	1afffff9 	bne	0x3a8
 3c0:	e59f11c4 	ldr	r1, [pc, #452]	; 0x58c
 3c4:	e7d12003 	ldrb	r2, [r1, r3]
 3c8:	e1500002 	cmp	r0, r2
 3cc:	0b000034 	bleq	0x4a4
 3d0:	e59f31a4 	ldr	r3, [pc, #420]	; 0x57c
 3d4:	e3a01000 	mov	r1, #0
 3d8:	e5831000 	str	r1, [r3]
 3dc:	e59f01ac 	ldr	r0, [pc, #428]	; 0x590
 3e0:	eb0000e5 	bl	0x77c
 3e4:	e59f2194 	ldr	r2, [pc, #404]	; 0x580
 3e8:	e5d21000 	ldrb	r1, [r2]
 3ec:	e3510000 	cmp	r1, #0
 3f0:	0b000034 	bleq	0x4c8
 3f4:	e59f0198 	ldr	r0, [pc, #408]	; 0x594
 3f8:	e59f2180 	ldr	r2, [pc, #384]	; 0x580
 3fc:	e5d21000 	ldrb	r1, [r2]
 400:	e59f317c 	ldr	r3, [pc, #380]	; 0x584
 404:	e5d32000 	ldrb	r2, [r3]
 408:	fa0001f0 	blx	0xbd0
 40c:	e59f017c 	ldr	r0, [pc, #380]	; 0x590
 410:	eb0000d9 	bl	0x77c
 414:	eaffff09 	b	0x40
 418:	e8bd801f 	pop	{r0, r1, r2, r3, r4, pc}
 41c:	e59f016c 	ldr	r0, [pc, #364]	; 0x590
 420:	eb0000d5 	bl	0x77c
 424:	e59f416c 	ldr	r4, [pc, #364]	; 0x598
 428:	e59f314c 	ldr	r3, [pc, #332]	; 0x57c
 42c:	e5d32000 	ldrb	r2, [r3]
 430:	e3520000 	cmp	r2, #0
 434:	0b000011 	bleq	0x480
 438:	e3a05000 	mov	r5, #0
 43c:	e3a01000 	mov	r1, #0
 440:	e7d40005 	ldrb	r0, [r4, r5]
 444:	e1a01201 	lsl	r1, r1, #4
 448:	e0811000 	add	r1, r1, r0
 44c:	e2855001 	add	r5, r5, #1
 450:	e1550002 	cmp	r5, r2
 454:	1afffff9 	bne	0x440
 458:	eb0000d8 	bl	0x7c0
 45c:	e59f311c 	ldr	r3, [pc, #284]	; 0x580
 460:	e5d32000 	ldrb	r2, [r3]
 464:	e59f1128 	ldr	r1, [pc, #296]	; 0x594
 468:	e7c10002 	strb	r0, [r1, r2]
 46c:	e2822001 	add	r2, r2, #1
 470:	e5c32000 	strb	r2, [r3]
 474:	e59f3100 	ldr	r3, [pc, #256]	; 0x57c
 478:	e3a01000 	mov	r1, #0
 47c:	e5c31000 	strb	r1, [r3]
 480:	e8bd801f 	pop	{r0, r1, r2, r3, r4, pc}
 484:	e2400030 	sub	r0, r0, #48	; 0x30
 488:	e59f30ec 	ldr	r3, [pc, #236]	; 0x57c
 48c:	e5d32000 	ldrb	r2, [r3]
 490:	e59f1100 	ldr	r1, [pc, #256]	; 0x598
 494:	e7c10002 	strb	r0, [r1, r2]
 498:	e2822001 	add	r2, r2, #1
 49c:	e5c32000 	strb	r2, [r3]
 4a0:	e8bd801f 	pop	{r0, r1, r2, r3, r4, pc}
 4a4:	e59f60d8 	ldr	r6, [pc, #216]	; 0x584
 4a8:	e5d65000 	ldrb	r5, [r6]
 4ac:	e3a03001 	mov	r3, #1
 4b0:	e59f10c8 	ldr	r1, [pc, #200]	; 0x580
 4b4:	e5d12000 	ldrb	r2, [r1]
 4b8:	e1a03213 	lsl	r3, r3, r2
 4bc:	e1855003 	orr	r5, r5, r3
 4c0:	e5c65000 	strb	r5, [r6]
 4c4:	e8bd801f 	pop	{r0, r1, r2, r3, r4, pc}
 4c8:	e59f00cc 	ldr	r0, [pc, #204]	; 0x59c
 4cc:	eb0000aa 	bl	0x77c
 4d0:	eb00011e 	bl	0x950
 4d4:	eafffed9 	b	0x40
 4d8:	e8bd801f 	pop	{r0, r1, r2, r3, r4, pc}
 4dc:	6d697250 	sfmvs	f7, 2, [r9, #-320]!	; 0xfffffec0
 4e0:	6f726965 	svcvs	0x00726965
 4e4:	64616420 	strbtvs	r6, [r1], #-1056	; 0xfffffbe0
 4e8:	616e206f 	cmnvs	lr, pc, rrx
 4ec:	2065206f 	rsbcs	r2, r5, pc, rrx
 4f0:	6e206d75 	mcrvs	13, 1, r6, cr0, cr5, {3}
 4f4:	72656d75 	rsbvc	r6, r5, #7488	; 0x1d40
 4f8:	72203a6f 	eorvc	r3, r0, #454656	; 0x6f000
 4fc:	696e6965 	stmdbvs	lr!, {r0, r2, r5, r6, r8, fp, sp, lr}^
 500:	6e616963 	vnmulvs.f16	s13, s2, s7	; <UNPREDICTABLE>
 504:	70206f64 	eorvc	r6, r0, r4, ror #30
 508:	72676f72 	rsbvc	r6, r7, #456	; 0x1c8
 50c:	20616d61 	rsbcs	r6, r1, r1, ror #26
 510:	64656c28 	strbtvs	r6, [r5], #-3112	; 0xfffff3d8
 514:	74612073 	strbtvc	r2, [r1], #-115	; 0xffffff8d
 518:	64617669 	strbtvs	r7, [r1], #-1641	; 0xfffff997
 51c:	202c736f 	eorcs	r7, ip, pc, ror #6
 520:	65707365 	ldrbvs	r7, [r0, #-869]!	; 0xfffffc9b
 524:	63206572 			; <UNDEFINED> instruction: 0x63206572
 528:	6f636e69 	svcvs	0x00636e69
 52c:	67657320 	strbvs	r7, [r5, -r0, lsr #6]!
 530:	6f646e75 	svcvs	0x00646e75
 534:	61702073 	cmnvs	r0, r3, ror r0
 538:	64206172 	strtvs	r6, [r0], #-370	; 0xfffffe8e
 53c:	74696769 	strbtvc	r6, [r9], #-1897	; 0xfffff897
 540:	6e207261 	cdpvs	2, 2, cr7, cr0, cr1, {3}
 544:	6d61766f 	stclvs	6, cr7, [r1, #-444]!	; 0xfffffe44
 548:	65746e65 	ldrbvs	r6, [r4, #-3685]!	; 0xfffff19b
 54c:	000d0a29 	andeq	r0, sp, r9, lsr #20
 550:	32313000 	eorscc	r3, r1, #0
 554:	36353433 			; <UNDEFINED> instruction: 0x36353433
 558:	2d393837 	ldccs	8, cr3, [r9, #-220]!	; 0xffffff24
 55c:	30000d0a 	andcc	r0, r0, sl, lsl #26
 560:	34333231 	ldrtcc	r3, [r3], #-561	; 0xfffffdcf
 564:	38373635 	ldmdacc	r7!, {r0, r2, r4, r5, r9, sl, ip, sp}
 568:	000d0a39 	andeq	r0, sp, r9, lsr sl
 56c:	00000d0a 	andeq	r0, r0, sl, lsl #26
 570:	44e09004 	strbtmi	r9, [r0], #4
 574:	48200100 	stmdami	r0!, {r8}
 578:	48200000 	stmdami	r0!, {}	; <UNPREDICTABLE>
 57c:	80000ef0 	strdhi	r0, [r0], -r0	; <UNPREDICTABLE>
 580:	80000ef4 	strdhi	r0, [r0], -r4
 584:	80000f08 	andhi	r0, r0, r8, lsl #30
 588:	44e09000 	strbtmi	r9, [r0], #0
 58c:	80000551 	andhi	r0, r0, r1, asr r5
 590:	8000056c 	andhi	r0, r0, ip, ror #10
 594:	80000ef8 	strdhi	r0, [r0], -r8
 598:	80000ee0 	andhi	r0, r0, r0, ror #29
 59c:	800004dc 	ldrdhi	r0, [r0], -ip
 5a0:	e1a02000 	mov	r2, r0
 5a4:	e1a03001 	mov	r3, r1
 5a8:	e3a00000 	mov	r0, #0
 5ac:	e1520003 	cmp	r2, r3
 5b0:	ba000002 	blt	0x5c0
 5b4:	e0422003 	sub	r2, r2, r3
 5b8:	e2800001 	add	r0, r0, #1
 5bc:	eafffffa 	b	0x5ac
 5c0:	e12fff1e 	bx	lr
 5c4:	e92d4007 	push	{r0, r1, r2, lr}
 5c8:	e0811000 	add	r1, r1, r0
 5cc:	e3a02000 	mov	r2, #0
 5d0:	e1500001 	cmp	r0, r1
 5d4:	b4802004 	strlt	r2, [r0], #4
 5d8:	bafffffc 	blt	0x5d0
 5dc:	e8bd8007 	pop	{r0, r1, r2, pc}
 5e0:	e92d400f 	push	{r0, r1, r2, r3, lr}
 5e4:	e1a02000 	mov	r2, r0
 5e8:	e1a03001 	mov	r3, r1
 5ec:	e59f0214 	ldr	r0, [pc, #532]	; 0x808
 5f0:	e3a01002 	mov	r1, #2
 5f4:	eb000069 	bl	0x7a0
 5f8:	e1a00002 	mov	r0, r2
 5fc:	eb00002b 	bl	0x6b0
 600:	e59f0204 	ldr	r0, [pc, #516]	; 0x80c
 604:	e3a01005 	mov	r1, #5
 608:	eb000064 	bl	0x7a0
 60c:	e59f01f4 	ldr	r0, [pc, #500]	; 0x808
 610:	e3a01002 	mov	r1, #2
 614:	eb000061 	bl	0x7a0
 618:	e4920004 	ldr	r0, [r2], #4
 61c:	eb000023 	bl	0x6b0
 620:	e59f01e8 	ldr	r0, [pc, #488]	; 0x810
 624:	e3a01002 	mov	r1, #2
 628:	eb00005c 	bl	0x7a0
 62c:	e2533004 	subs	r3, r3, #4
 630:	1affffed 	bne	0x5ec
 634:	e8bd800f 	pop	{r0, r1, r2, r3, pc}
 638:	e3e014ff 	mvn	r1, #-16777216	; 0xff000000
 63c:	e2411001 	sub	r1, r1, #1
 640:	e3510000 	cmp	r1, #0
 644:	1afffffc 	bne	0x63c
 648:	e12fff1e 	bx	lr
 64c:	e92d4007 	push	{r0, r1, r2, lr}
 650:	e3e0120f 	mvn	r1, #-268435456	; 0xf0000000
 654:	ebfffff8 	bl	0x63c
 658:	e8bd8007 	pop	{r0, r1, r2, pc}
 65c:	e92d4007 	push	{r0, r1, r2, lr}
 660:	e59f01ac 	ldr	r0, [pc, #428]	; 0x814
 664:	e5d01000 	ldrb	r1, [r0]
 668:	e5d02000 	ldrb	r2, [r0]
 66c:	e1520001 	cmp	r2, r1
 670:	0afffffc 	beq	0x668
 674:	e8bd8007 	pop	{r0, r1, r2, pc}
 678:	e2800030 	add	r0, r0, #48	; 0x30
 67c:	e12fff1e 	bx	lr
 680:	e92d4007 	push	{r0, r1, r2, lr}
 684:	e59f118c 	ldr	r1, [pc, #396]	; 0x818
 688:	e7d10000 	ldrb	r0, [r1, r0]
 68c:	e8bd8007 	pop	{r0, r1, r2, pc}
 690:	e92d4007 	push	{r0, r1, r2, lr}
 694:	e3a0100a 	mov	r1, #10
 698:	ebffffc0 	bl	0x5a0
 69c:	e2800030 	add	r0, r0, #48	; 0x30
 6a0:	ebffff29 	bl	0x34c
 6a4:	e2820030 	add	r0, r2, #48	; 0x30
 6a8:	ebffff27 	bl	0x34c
 6ac:	e8bd8007 	pop	{r0, r1, r2, pc}
 6b0:	e92d400f 	push	{r0, r1, r2, r3, lr}
 6b4:	e1a01000 	mov	r1, r0
 6b8:	e3a00000 	mov	r0, #0
 6bc:	e3a0301c 	mov	r3, #28
 6c0:	e59f2150 	ldr	r2, [pc, #336]	; 0x818
 6c4:	e1a00331 	lsr	r0, r1, r3
 6c8:	e200000f 	and	r0, r0, #15
 6cc:	e7d20000 	ldrb	r0, [r2, r0]
 6d0:	ebffff1d 	bl	0x34c
 6d4:	e2533004 	subs	r3, r3, #4
 6d8:	1afffff9 	bne	0x6c4
 6dc:	e1a00001 	mov	r0, r1
 6e0:	e200000f 	and	r0, r0, #15
 6e4:	e7d20000 	ldrb	r0, [r2, r0]
 6e8:	ebffff17 	bl	0x34c
 6ec:	e8bd800f 	pop	{r0, r1, r2, r3, pc}
 6f0:	e92d400e 	push	{r1, r2, r3, lr}
 6f4:	e1a02000 	mov	r2, r0
 6f8:	e3a00000 	mov	r0, #0
 6fc:	e3510000 	cmp	r1, #0
 700:	0a000003 	beq	0x714
 704:	e4d23001 	ldrb	r3, [r2], #1
 708:	e0800003 	add	r0, r0, r3
 70c:	e2411001 	sub	r1, r1, #1
 710:	eafffff9 	b	0x6fc
 714:	e8bd800e 	pop	{r1, r2, r3, pc}
 718:	e92d401e 	push	{r1, r2, r3, r4, lr}
 71c:	e1a04001 	mov	r4, r1
 720:	e1a01002 	mov	r1, r2
 724:	ebfffff1 	bl	0x6f0
 728:	e1a03000 	mov	r3, r0
 72c:	e1a00004 	mov	r0, r4
 730:	ebffffee 	bl	0x6f0
 734:	e0430000 	sub	r0, r3, r0
 738:	e8bd801e 	pop	{r1, r2, r3, r4, pc}
 73c:	e92d407e 	push	{r1, r2, r3, r4, r5, r6, lr}
 740:	e1a03000 	mov	r3, r0
 744:	e1a04001 	mov	r4, r1
 748:	e3a00000 	mov	r0, #0
 74c:	e7d35000 	ldrb	r5, [r3, r0]
 750:	e7d46000 	ldrb	r6, [r4, r0]
 754:	e1550006 	cmp	r5, r6
 758:	1a000003 	bne	0x76c
 75c:	e2800001 	add	r0, r0, #1
 760:	e1520000 	cmp	r2, r0
 764:	0a000002 	beq	0x774
 768:	eafffff7 	b	0x74c
 76c:	e3a00001 	mov	r0, #1
 770:	e8bd807e 	pop	{r1, r2, r3, r4, r5, r6, pc}
 774:	e3a00000 	mov	r0, #0
 778:	e8bd807e 	pop	{r1, r2, r3, r4, r5, r6, pc}
 77c:	e92d4007 	push	{r0, r1, r2, lr}
 780:	e1a01000 	mov	r1, r0
 784:	e4d10001 	ldrb	r0, [r1], #1
 788:	e20000ff 	and	r0, r0, #255	; 0xff
 78c:	e3500000 	cmp	r0, #0
 790:	0a000001 	beq	0x79c
 794:	ebfffeec 	bl	0x34c
 798:	eafffff9 	b	0x784
 79c:	e8bd8007 	pop	{r0, r1, r2, pc}
 7a0:	e92d4007 	push	{r0, r1, r2, lr}
 7a4:	e1a02000 	mov	r2, r0
 7a8:	e4d20001 	ldrb	r0, [r2], #1
 7ac:	ebfffee6 	bl	0x34c
 7b0:	e2511001 	subs	r1, r1, #1
 7b4:	0afffff8 	beq	0x79c
 7b8:	eafffffa 	b	0x7a8
 7bc:	e8bd8007 	pop	{r0, r1, r2, pc}
 7c0:	e92d403e 	push	{r1, r2, r3, r4, r5, lr}
 7c4:	e3a02001 	mov	r2, #1
 7c8:	e3a0300a 	mov	r3, #10
 7cc:	e3a05000 	mov	r5, #0
 7d0:	e3a08000 	mov	r8, #0
 7d4:	e1a04001 	mov	r4, r1
 7d8:	e204400f 	and	r4, r4, #15
 7dc:	e0060294 	mul	r6, r4, r2
 7e0:	e1a04006 	mov	r4, r6
 7e4:	e0070392 	mul	r7, r2, r3
 7e8:	e1a02007 	mov	r2, r7
 7ec:	e0855004 	add	r5, r5, r4
 7f0:	e1a01221 	lsr	r1, r1, #4
 7f4:	e2888001 	add	r8, r8, #1
 7f8:	e3580007 	cmp	r8, #7
 7fc:	1afffff4 	bne	0x7d4
 800:	e1a00005 	mov	r0, r5
 804:	e8bd803e 	pop	{r1, r2, r3, r4, r5, pc}
 808:	80000eac 	andhi	r0, r0, ip, lsr #29
 80c:	80000eb2 			; <UNDEFINED> instruction: 0x80000eb2
 810:	80000eaf 	andhi	r0, r0, pc, lsr #29
 814:	44e3e000 	strbtmi	lr, [r3], #0
 818:	80000e7f 	andhi	r0, r0, pc, ror lr
 81c:	00000000 	andeq	r0, r0, r0
 820:	e92d4003 	push	{r0, r1, lr}
 824:	e59f0050 	ldr	r0, [pc, #80]	; 0x87c
 828:	e59f1050 	ldr	r1, [pc, #80]	; 0x880
 82c:	e5801048 	str	r1, [r0, #72]	; 0x48
 830:	eb000003 	bl	0x844
 834:	e59f1048 	ldr	r1, [pc, #72]	; 0x884
 838:	e5801048 	str	r1, [r0, #72]	; 0x48
 83c:	eb000000 	bl	0x844
 840:	e8bd8003 	pop	{r0, r1, pc}
 844:	e5901034 	ldr	r1, [r0, #52]	; 0x34
 848:	e2011010 	and	r1, r1, #16
 84c:	e3510000 	cmp	r1, #0
 850:	1afffffb 	bne	0x844
 854:	e12fff1e 	bx	lr
 858:	e92d4003 	push	{r0, r1, lr}
 85c:	e59f4024 	ldr	r4, [pc, #36]	; 0x888
 860:	e5940000 	ldr	r0, [r4]
 864:	e3e00000 	mvn	r0, #0
 868:	e5840000 	str	r0, [r4]
 86c:	e8bd8003 	pop	{r0, r1, pc}
 870:	656d6974 	strbvs	r6, [sp, #-2420]!	; 0xfffff68c
 874:	6b6f2072 	blvs	0x1bc8a44
 878:	00000d0a 	andeq	r0, r0, sl, lsl #26
 87c:	44e35000 	strbtmi	r5, [r3], #0
 880:	0000aaaa 	andeq	sl, r0, sl, lsr #21
 884:	00005555 	andeq	r5, r0, r5, asr r5
 888:	44e35028 	strbtmi	r5, [r3], #40	; 0x28
 88c:	00000000 	andeq	r0, r0, r0
 890:	e92d4007 	push	{r0, r1, r2, lr}
 894:	ee110f10 	mrc	15, 0, r0, cr1, cr0, {0}
 898:	e3c00a02 	bic	r0, r0, #8192	; 0x2000
 89c:	ee010f10 	mcr	15, 0, r0, cr1, cr0, {0}
 8a0:	e59f0004 	ldr	r0, [pc, #4]	; 0x8ac
 8a4:	ee0c0f10 	mcr	15, 0, r0, cr12, cr0, {0}
 8a8:	e8bd8007 	pop	{r0, r1, r2, pc}
 8ac:	80000000 	andhi	r0, r0, r0
 8b0:	e59f00cc 	ldr	r0, [pc, #204]	; 0x984
 8b4:	e59f10cc 	ldr	r1, [pc, #204]	; 0x988
 8b8:	e5801000 	str	r1, [r0]
 8bc:	e59f00c8 	ldr	r0, [pc, #200]	; 0x98c
 8c0:	e5901000 	ldr	r1, [r0]
 8c4:	e3c1161e 	bic	r1, r1, #31457280	; 0x1e00000
 8c8:	e5801000 	str	r1, [r0]
 8cc:	e12fff1e 	bx	lr
 8d0:	e92d401f 	push	{r0, r1, r2, r3, r4, lr}
 8d4:	e59f00b4 	ldr	r0, [pc, #180]	; 0x990
 8d8:	e3a01602 	mov	r1, #2097152	; 0x200000
 8dc:	e5801000 	str	r1, [r0]
 8e0:	e8bd801f 	pop	{r0, r1, r2, r3, r4, pc}
 8e4:	e92d401f 	push	{r0, r1, r2, r3, r4, lr}
 8e8:	e59f00a4 	ldr	r0, [pc, #164]	; 0x994
 8ec:	e3a01602 	mov	r1, #2097152	; 0x200000
 8f0:	e5801000 	str	r1, [r0]
 8f4:	e8bd801f 	pop	{r0, r1, r2, r3, r4, pc}
 8f8:	e92d401f 	push	{r0, r1, r2, r3, r4, lr}
 8fc:	e1a04000 	mov	r4, r0
 900:	ebfffff2 	bl	0x8d0
 904:	ebffff4b 	bl	0x638
 908:	ebfffff5 	bl	0x8e4
 90c:	ebffff49 	bl	0x638
 910:	e2444001 	sub	r4, r4, #1
 914:	e3540000 	cmp	r4, #0
 918:	1afffff8 	bne	0x900
 91c:	e8bd801f 	pop	{r0, r1, r2, r3, r4, pc}
 920:	e92d401f 	push	{r0, r1, r2, r3, r4, lr}
 924:	e59f0068 	ldr	r0, [pc, #104]	; 0x994
 928:	e3a0161e 	mov	r1, #31457280	; 0x1e00000
 92c:	e5801000 	str	r1, [r0]
 930:	e59f0058 	ldr	r0, [pc, #88]	; 0x990
 934:	e1a01a83 	lsl	r1, r3, #21
 938:	e5801000 	str	r1, [r0]
 93c:	ebffff42 	bl	0x64c
 940:	e59f004c 	ldr	r0, [pc, #76]	; 0x994
 944:	e3a0161e 	mov	r1, #31457280	; 0x1e00000
 948:	e5801000 	str	r1, [r0]
 94c:	e8bd801f 	pop	{r0, r1, r2, r3, r4, pc}
 950:	e92d401f 	push	{r0, r1, r2, r3, r4, lr}
 954:	e59f0034 	ldr	r0, [pc, #52]	; 0x990
 958:	e3a0161e 	mov	r1, #31457280	; 0x1e00000
 95c:	e5801000 	str	r1, [r0]
 960:	ebffff3d 	bl	0x65c
 964:	ebffff3c 	bl	0x65c
 968:	ebffff3b 	bl	0x65c
 96c:	ebffff3a 	bl	0x65c
 970:	ebffff39 	bl	0x65c
 974:	e59f0018 	ldr	r0, [pc, #24]	; 0x994
 978:	e3a0161e 	mov	r1, #31457280	; 0x1e00000
 97c:	e5801000 	str	r1, [r0]
 980:	e8bd801f 	pop	{r0, r1, r2, r3, r4, pc}
 984:	44e000ac 	strbtmi	r0, [r0], #172	; 0xac
 988:	00040002 	andeq	r0, r4, r2
 98c:	4804c134 	stmdami	r4, {r2, r4, r5, r8, lr, pc}
 990:	4804c194 	stmdami	r4, {r2, r4, r7, r8, lr, pc}
 994:	4804c190 	stmdami	r4, {r4, r7, r8, lr, pc}
	...
 9a0:	e92d4003 	push	{r0, r1, lr}
 9a4:	e59f0100 	ldr	r0, [pc, #256]	; 0xaac
 9a8:	e3a01002 	mov	r1, #2
 9ac:	e5801000 	str	r1, [r0]
 9b0:	e59f00f8 	ldr	r0, [pc, #248]	; 0xab0
 9b4:	e5801000 	str	r1, [r0]
 9b8:	e59f00f4 	ldr	r0, [pc, #244]	; 0xab4
 9bc:	e59f10f4 	ldr	r1, [pc, #244]	; 0xab8
 9c0:	e580106c 	str	r1, [r0, #108]	; 0x6c
 9c4:	e59f10f0 	ldr	r1, [pc, #240]	; 0xabc
 9c8:	e5801070 	str	r1, [r0, #112]	; 0x70
 9cc:	e3a01048 	mov	r1, #72	; 0x48
 9d0:	e5801054 	str	r1, [r0, #84]	; 0x54
 9d4:	e3a01004 	mov	r1, #4
 9d8:	e5801048 	str	r1, [r0, #72]	; 0x48
 9dc:	e59f00d0 	ldr	r0, [pc, #208]	; 0xab4
 9e0:	e3a01001 	mov	r1, #1
 9e4:	e5801040 	str	r1, [r0, #64]	; 0x40
 9e8:	e5901044 	ldr	r1, [r0, #68]	; 0x44
 9ec:	e2011001 	and	r1, r1, #1
 9f0:	e3510000 	cmp	r1, #0
 9f4:	1afffffb 	bne	0x9e8
 9f8:	e59f00c0 	ldr	r0, [pc, #192]	; 0xac0
 9fc:	e3a01000 	mov	r1, #0
 a00:	e5c0104b 	strb	r1, [r0, #75]	; 0x4b
 a04:	e59f00b8 	ldr	r0, [pc, #184]	; 0xac4
 a08:	e3a01b02 	mov	r1, #2048	; 0x800
 a0c:	e58010c8 	str	r1, [r0, #200]	; 0xc8
 a10:	e8bd8003 	pop	{r0, r1, pc}
 a14:	e92d4007 	push	{r0, r1, r2, lr}
 a18:	e1a02000 	mov	r2, r0
 a1c:	e2020070 	and	r0, r2, #112	; 0x70
 a20:	e1a00220 	lsr	r0, r0, #4
 a24:	ebffff13 	bl	0x678
 a28:	ebfffe47 	bl	0x34c
 a2c:	e202000f 	and	r0, r2, #15
 a30:	e2800030 	add	r0, r0, #48	; 0x30
 a34:	ebfffe44 	bl	0x34c
 a38:	e8bd8007 	pop	{r0, r1, r2, pc}
 a3c:	e92d4007 	push	{r0, r1, r2, lr}
 a40:	e59f106c 	ldr	r1, [pc, #108]	; 0xab4
 a44:	e5910008 	ldr	r0, [r1, #8]
 a48:	ebfffff1 	bl	0xa14
 a4c:	e3a0003a 	mov	r0, #58	; 0x3a
 a50:	ebfffe3d 	bl	0x34c
 a54:	e5910004 	ldr	r0, [r1, #4]
 a58:	ebffffed 	bl	0xa14
 a5c:	e3a0003a 	mov	r0, #58	; 0x3a
 a60:	ebfffe39 	bl	0x34c
 a64:	e5910000 	ldr	r0, [r1]
 a68:	ebffffe9 	bl	0xa14
 a6c:	e59f0054 	ldr	r0, [pc, #84]	; 0xac8
 a70:	ebffff41 	bl	0x77c
 a74:	e8bd8007 	pop	{r0, r1, r2, pc}
 a78:	e92d4007 	push	{r0, r1, r2, lr}
 a7c:	ebffffee 	bl	0xa3c
 a80:	e8bd8007 	pop	{r0, r1, r2, pc}
 a84:	e92d403e 	push	{r1, r2, r3, r4, r5, lr}
 a88:	e59f1024 	ldr	r1, [pc, #36]	; 0xab4
 a8c:	e3c554ff 	bic	r5, r5, #-16777216	; 0xff000000
 a90:	e5c15000 	strb	r5, [r1]
 a94:	e1a05425 	lsr	r5, r5, #8
 a98:	e5c15004 	strb	r5, [r1, #4]
 a9c:	e1a05425 	lsr	r5, r5, #8
 aa0:	e5c15008 	strb	r5, [r1, #8]
 aa4:	e8bd803e 	pop	{r1, r2, r3, r4, r5, pc}
 aa8:	00000d0a 	andeq	r0, r0, sl, lsl #26
 aac:	44e00804 	strbtmi	r0, [r0], #2052	; 0x804
 ab0:	44e00800 	strbtmi	r0, [r0], #2048	; 0x800
 ab4:	44e3e000 	strbtmi	lr, [r3], #0
 ab8:	83e70b13 	mvnhi	r0, #19456	; 0x4c00
 abc:	95a4f1e0 	strls	pc, [r4, #480]!	; 0x1e0
 ac0:	48200100 	stmdami	r0!, {r8}
 ac4:	48200000 	stmdami	r0!, {}	; <UNPREDICTABLE>
 ac8:	80000aa8 	andhi	r0, r0, r8, lsr #21
 acc:	43f0e92d 	mvnsmi	lr, #737280	; 0xb4000
 ad0:	af00b089 	svcge	0x0000b089
 ad4:	71fb4603 	mvnsvc	r4, r3, lsl #12
 ad8:	461e466b 	ldrmi	r4, [lr], -fp, ror #12
 adc:	77fb79fb 			; <UNDEFINED> instruction: 0x77fb79fb
 ae0:	61bb2300 			; <UNDEFINED> instruction: 0x61bb2300
 ae4:	7ffae00b 	svcvc	0x00fae00b
 ae8:	43cdf64c 	bicmi	pc, sp, #76, 12	; 0x4c00000
 aec:	43ccf6cc 	bicmi	pc, ip, #204, 12	; 0xcc00000
 af0:	2302fba3 	movwcs	pc, #11171	; 0x2ba3	; <UNPREDICTABLE>
 af4:	77fb08db 	ubfxvc	r0, fp, #17, #28
 af8:	330169bb 	movwcc	r6, #6587	; 0x19bb
 afc:	7ffb61bb 	svcvc	0x00fb61bb
 b00:	d1f02b00 	mvnsle	r2, r0, lsl #22
 b04:	1e4b69b9 			; <UNDEFINED> instruction: 0x1e4b69b9
 b08:	460a60fb 			; <UNDEFINED> instruction: 0x460a60fb
 b0c:	46902300 	ldrmi	r2, [r0], r0, lsl #6
 b10:	f04f4699 			; <UNDEFINED> instruction: 0xf04f4699
 b14:	f04f0200 			; <UNDEFINED> instruction: 0xf04f0200
 b18:	ea4f0300 	b	0x13c1720
 b1c:	ea4303c9 	b	0x10c1a48
 b20:	ea4f7358 	b	0x13dd888
 b24:	460a02c8 	strmi	r0, [sl], -r8, asr #5
 b28:	46142300 	ldrmi	r2, [r4], -r0, lsl #6
 b2c:	f04f461d 			; <UNDEFINED> instruction: 0xf04f461d
 b30:	f04f0200 			; <UNDEFINED> instruction: 0xf04f0200
 b34:	00eb0300 	rsceq	r0, fp, r0, lsl #6
 b38:	7354ea43 	cmpvc	r4, #274432	; 0x43000
 b3c:	460b00e2 	strmi	r0, [fp], -r2, ror #1
 b40:	08db3307 	ldmeq	fp, {r0, r1, r2, r8, r9, ip, sp}^
 b44:	ebad00db 	bl	0xfeb40eb8
 b48:	466b0d03 	strbtmi	r0, [fp], -r3, lsl #26
 b4c:	60bb3300 	adcsvs	r3, fp, r0, lsl #6
 b50:	617b2300 	cmnvs	fp, r0, lsl #6
 b54:	79fae020 	ldmibvc	sl!, {r5, sp, lr, pc}^
 b58:	43cdf64c 	bicmi	pc, sp, #76, 12	; 0x4c00000
 b5c:	43ccf6cc 	bicmi	pc, ip, #204, 12	; 0xcc00000
 b60:	1302fba3 	movwne	pc, #11171	; 0x2ba3	; <UNPREDICTABLE>
 b64:	460b08d9 			; <UNDEFINED> instruction: 0x460b08d9
 b68:	440b009b 	strmi	r0, [fp], #-155	; 0xffffff65
 b6c:	1ad3005b 	bne	0xff4c0ce0
 b70:	3330b2db 	teqcc	r0, #-1342177267	; 0xb000000d
 b74:	68bab2d9 	ldmvs	sl!, {r0, r3, r4, r6, r7, r9, ip, sp, pc}
 b78:	4413697b 	ldrmi	r6, [r3], #-2427	; 0xfffff685
 b7c:	701a460a 	andsvc	r4, sl, sl, lsl #12
 b80:	f64c79fa 			; <UNDEFINED> instruction: 0xf64c79fa
 b84:	f6cc43cd 			; <UNDEFINED> instruction: 0xf6cc43cd
 b88:	fba343cc 	blx	0xfe8d1ac2
 b8c:	08db2302 	ldmeq	fp, {r1, r8, r9, sp}^
 b90:	697b71fb 	ldmdbvs	fp!, {r0, r1, r3, r4, r5, r6, r7, r8, ip, sp, lr}^
 b94:	617b3301 	cmnvs	fp, r1, lsl #6
 b98:	69bb697a 	ldmibvs	fp!, {r1, r3, r4, r5, r6, r8, fp, sp, lr}
 b9c:	dbda429a 	blle	0xff69160c
 ba0:	3b0169bb 	blcc	0x5b294
 ba4:	e009613b 	and	r6, r9, fp, lsr r1
 ba8:	693b68ba 	ldmdbvs	fp!, {r1, r3, r4, r5, r7, fp, sp, lr}
 bac:	781b4413 	ldmdavc	fp, {r0, r1, r4, sl, lr}
 bb0:	f7ff4618 			; <UNDEFINED> instruction: 0xf7ff4618
 bb4:	693bebcc 	ldmdbvs	fp!, {r2, r3, r6, r7, r8, r9, fp, sp, lr, pc}
 bb8:	613b3b01 	teqvs	fp, r1, lsl #22
 bbc:	2b00693b 	blcs	0x1b0b0
 bc0:	2300daf2 	movwcs	sp, #2802	; 0xaf2
 bc4:	461846b5 			; <UNDEFINED> instruction: 0x461846b5
 bc8:	46bd3724 	ldrtmi	r3, [sp], r4, lsr #14
 bcc:	83f0e8bd 	mvnshi	lr, #12386304	; 0xbd0000
 bd0:	43f0e92d 	mvnsmi	lr, #737280	; 0xb4000
 bd4:	af00b08f 	svcge	0x0000b08f
 bd8:	60b960f8 	ldrshtvs	r6, [r9], r8
 bdc:	71fb4613 	mvnsvc	r4, r3, lsl r6
 be0:	461e466b 	ldrmi	r4, [lr], -fp, ror #12
 be4:	f8872301 			; <UNDEFINED> instruction: 0xf8872301
 be8:	23003037 	movwcs	r3, #55	; 0x37
 bec:	3036f887 	eorscc	pc, r6, r7, lsl #17
 bf0:	1e4b68b9 	mcrne	8, 2, r6, cr11, cr9, {5}
 bf4:	460a61fb 			; <UNDEFINED> instruction: 0x460a61fb
 bf8:	46902300 	ldrmi	r2, [r0], r0, lsl #6
 bfc:	f04f4699 			; <UNDEFINED> instruction: 0xf04f4699
 c00:	f04f0200 			; <UNDEFINED> instruction: 0xf04f0200
 c04:	ea4f0300 	b	0x13c180c
 c08:	ea431349 	b	0x10c5934
 c0c:	ea4f63d8 	b	0x13d9b74
 c10:	460a1248 	strmi	r1, [sl], -r8, asr #4
 c14:	46142300 	ldrmi	r2, [r4], -r0, lsl #6
 c18:	f04f461d 			; <UNDEFINED> instruction: 0xf04f461d
 c1c:	f04f0200 			; <UNDEFINED> instruction: 0xf04f0200
 c20:	016b0300 	cmneq	fp, r0, lsl #6
 c24:	63d4ea43 	bicsvs	lr, r4, #274432	; 0x43000
 c28:	460b0162 	strmi	r0, [fp], -r2, ror #2
 c2c:	3307009b 	movwcc	r0, #28827	; 0x709b
 c30:	00db08db 	ldrsbeq	r0, [fp], #139	; 0x8b
 c34:	0d03ebad 	vstreq	d14, [r3, #-692]	; 0xfffffd4c
 c38:	3303466b 	movwcc	r4, #13931	; 0x366b
 c3c:	009b089b 	umullseq	r0, fp, fp, r8
 c40:	230061bb 	movwcs	r6, #443	; 0x1bb
 c44:	e025633b 	eor	r6, r5, fp, lsr r3
 c48:	68fa6b3b 	ldmvs	sl!, {r0, r1, r3, r4, r5, r8, r9, fp, sp, lr}^
 c4c:	781b4413 	ldmdavc	fp, {r0, r1, r4, sl, lr}
 c50:	69bb4619 	ldmibvs	fp!, {r0, r3, r4, r9, sl, lr}
 c54:	f8436b3a 			; <UNDEFINED> instruction: 0xf8436b3a
 c58:	f8971022 			; <UNDEFINED> instruction: 0xf8971022
 c5c:	79fb2037 	ldmibvc	fp!, {r0, r1, r2, r4, r5, sp}^
 c60:	b2db4013 	sbcslt	r4, fp, #19
 c64:	d00d2b00 	andle	r2, sp, r0, lsl #22
 c68:	6b3a69bb 	blvs	0xe9b35c
 c6c:	3022f853 	eorcc	pc, r2, r3, asr r8	; <UNPREDICTABLE>
 c70:	69bb4259 	ldmibvs	fp!, {r0, r3, r4, r6, r9, lr}
 c74:	f8436b3a 			; <UNDEFINED> instruction: 0xf8436b3a
 c78:	f8971022 			; <UNDEFINED> instruction: 0xf8971022
 c7c:	33013036 	movwcc	r3, #4150	; 0x1036
 c80:	3036f887 	eorscc	pc, r6, r7, lsl #17
 c84:	3037f897 	mlascc	r7, r7, r8, pc	; <UNPREDICTABLE>
 c88:	f887005b 			; <UNDEFINED> instruction: 0xf887005b
 c8c:	6b3b3037 	blvs	0xeccd70
 c90:	633b3301 	teqvs	fp, #67108864	; 0x4000000
 c94:	68bb6b3a 	ldmvs	fp!, {r1, r3, r4, r5, r8, r9, fp, sp, lr}
 c98:	dbd5429a 	blle	0xff551708
 c9c:	62bb2301 	adcsvs	r2, fp, #67108864	; 0x4000000
 ca0:	69bbe027 	ldmibvs	fp!, {r0, r1, r2, r5, sp, lr, pc}
 ca4:	f8536aba 			; <UNDEFINED> instruction: 0xf8536aba
 ca8:	617b3022 	cmnvs	fp, r2, lsr #32
 cac:	3b016abb 	blcc	0x5b7a0
 cb0:	e00b62fb 	strd	r6, [fp], -fp
 cb4:	1c5a6afb 	mrrcne	10, 15, r6, sl, cr11
 cb8:	6af969bb 	bvs	0xffe5b3ac
 cbc:	1021f853 	eorne	pc, r1, r3, asr r8	; <UNPREDICTABLE>
 cc0:	f84369bb 			; <UNDEFINED> instruction: 0xf84369bb
 cc4:	6afb1022 	bvs	0xffec4d54
 cc8:	62fb3b01 	rscsvs	r3, fp, #1024	; 0x400
 ccc:	2b006afb 	blcs	0x1b8c0
 cd0:	69bbdb06 	ldmibvs	fp!, {r1, r2, r8, r9, fp, ip, lr, pc}
 cd4:	f8536afa 			; <UNDEFINED> instruction: 0xf8536afa
 cd8:	697a3022 	ldmdbvs	sl!, {r1, r5, ip, sp}^
 cdc:	dbe9429a 	blle	0xffa5174c
 ce0:	1c5a6afb 	mrrcne	10, 15, r6, sl, cr11
 ce4:	697969bb 	ldmdbvs	r9!, {r0, r1, r3, r4, r5, r7, r8, fp, sp, lr}^
 ce8:	1022f843 	eorne	pc, r2, r3, asr #16
 cec:	33016abb 	movwcc	r6, #6843	; 0x1abb
 cf0:	6aba62bb 	bvs	0xfee997e4
 cf4:	429a68bb 	addsmi	r6, sl, #12255232	; 0xbb0000
 cf8:	2300dbd3 	movwcs	sp, #3027	; 0xbd3
 cfc:	e01a627b 	ands	r6, sl, fp, ror r2
 d00:	6a7a69bb 	bvs	0x1e9b3f4
 d04:	3022f853 	eorcc	pc, r2, r3, asr r8	; <UNPREDICTABLE>
 d08:	da082b00 	ble	0x20b910
 d0c:	6a7a69bb 	bvs	0x1e9b400
 d10:	3022f853 	eorcc	pc, r2, r3, asr r8	; <UNPREDICTABLE>
 d14:	69bb4259 	ldmibvs	fp!, {r0, r3, r4, r6, r9, lr}
 d18:	f8436a7a 			; <UNDEFINED> instruction: 0xf8436a7a
 d1c:	69bb1022 	ldmibvs	fp!, {r1, r5, ip}
 d20:	f8536a7a 			; <UNDEFINED> instruction: 0xf8536a7a
 d24:	6a7b1022 	bvs	0x1ec4db4
 d28:	441368fa 	ldrmi	r6, [r3], #-2298	; 0xfffff706
 d2c:	701ab2ca 	andsvc	fp, sl, sl, asr #5
 d30:	33016a7b 	movwcc	r6, #6779	; 0x1a7b
 d34:	6a7a627b 	bvs	0x1e99728
 d38:	429a68bb 	addsmi	r6, sl, #12255232	; 0xbb0000
 d3c:	2301dbe0 	movwcs	sp, #7136	; 0x1be0
 d40:	3037f887 	eorscc	pc, r7, r7, lsl #17
 d44:	f7ff2058 			; <UNDEFINED> instruction: 0xf7ff2058
 d48:	205beb02 	subscs	lr, fp, r2, lsl #22
 d4c:	eafef7ff 	b	0xfffbed50
 d50:	b2db68bb 	sbcslt	r6, fp, #12255232	; 0xbb0000
 d54:	f7ff4618 			; <UNDEFINED> instruction: 0xf7ff4618
 d58:	205dfeb9 	ldrhcs	pc, [sp], #-233	; 0xffffff17	; <UNPREDICTABLE>
 d5c:	eaf6f7ff 	b	0xffdbed60
 d60:	f7ff2020 			; <UNDEFINED> instruction: 0xf7ff2020
 d64:	203deaf4 	ldrshtcs	lr, [sp], -r4
 d68:	eaf0f7ff 	b	0xffc3ed6c
 d6c:	f7ff2020 			; <UNDEFINED> instruction: 0xf7ff2020
 d70:	207beaee 	rsbscs	lr, fp, lr, ror #21
 d74:	eaeaf7ff 	b	0xffabed78
 d78:	ec70f7ff 	ldcl	7, cr15, [r0], #-1020	; 0xfffffc04
 d7c:	623b2300 	eorsvs	r2, fp, #0, 6
 d80:	f7ffe027 			; <UNDEFINED> instruction: 0xf7ffe027
 d84:	f897ec6c 			; <UNDEFINED> instruction: 0xf897ec6c
 d88:	2b003036 	blcs	0xce68
 d8c:	202dd007 	eorcs	sp, sp, r7
 d90:	eadcf7ff 	b	0xff73ed94
 d94:	3036f897 	mlascc	r6, r7, r8, pc	; <UNPREDICTABLE>
 d98:	f8873b01 			; <UNDEFINED> instruction: 0xf8873b01
 d9c:	f8973036 			; <UNDEFINED> instruction: 0xf8973036
 da0:	005b3037 	subseq	r3, fp, r7, lsr r0
 da4:	3037f887 	eorscc	pc, r7, r7, lsl #17
 da8:	68fa6a3b 	ldmvs	sl!, {r0, r1, r3, r4, r5, r9, fp, sp, lr}^
 dac:	781b4413 	ldmdavc	fp, {r0, r1, r4, sl, lr}
 db0:	f7ff4618 			; <UNDEFINED> instruction: 0xf7ff4618
 db4:	68bbfe8b 	ldmvs	fp!, {r0, r1, r3, r7, r9, sl, fp, ip, sp, lr, pc}
 db8:	6a3a3b01 	bvs	0xe8f9c4
 dbc:	d005429a 	mulle	r5, sl, r2
 dc0:	f7ff202c 			; <UNDEFINED> instruction: 0xf7ff202c
 dc4:	2020eac4 	eorcs	lr, r0, r4, asr #21
 dc8:	eac0f7ff 	b	0xff03edcc
 dcc:	33016a3b 	movwcc	r6, #6715	; 0x1a3b
 dd0:	6a3a623b 	bvs	0xe996c4
 dd4:	429a68bb 	addsmi	r6, sl, #12255232	; 0xbb0000
 dd8:	f7ffdbd3 			; <UNDEFINED> instruction: 0xf7ffdbd3
 ddc:	207dec40 	rsbscs	lr, sp, r0, asr #24
 de0:	eab4f7ff 	b	0xfed3ede4
 de4:	46b52300 	ldrtmi	r2, [r5], r0, lsl #6
 de8:	373c4618 			; <UNDEFINED> instruction: 0x373c4618
 dec:	e8bd46bd 	pop	{r0, r2, r3, r4, r5, r7, r9, sl, lr}
 df0:	000083f0 	strdeq	r8, [r0], -r0
	...
 e00:	6c6c6548 	cfstr64vs	mvdx6, [ip], #-288	; 0xfffffee0
 e04:	6f77206f 	svcvs	0x0077206f
 e08:	21646c72 	smccs	18114	; 0x46c2
 e0c:	0d0a2121 	stfeqs	f2, [sl, #-132]	; 0xffffff7c
 e10:	52490000 	subpl	r0, r9, #0
 e14:	6f4d2051 	svcvs	0x004d2051
 e18:	0a216564 	beq	0x85a3b0
 e1c:	4946000d 	stmdbmi	r6, {r0, r2, r3}^
 e20:	6f4d2051 	svcvs	0x004d2051
 e24:	0a216564 	beq	0x85a3bc
 e28:	7250000d 	subsvc	r0, r0, #13
 e2c:	74656665 	strbtvc	r6, [r5], #-1637	; 0xfffff99b
 e30:	41206863 			; <UNDEFINED> instruction: 0x41206863
 e34:	74726f62 	ldrbtvc	r6, [r2], #-3938	; 0xfffff09e
 e38:	000d0a21 	andeq	r0, sp, r1, lsr #20
 e3c:	61746144 	cmnvs	r4, r4, asr #2
 e40:	6f624120 	svcvs	0x00624120
 e44:	0a217472 	beq	0x85e014
 e48:	6e55000d 	cdpvs	0, 5, cr0, cr5, cr13, {0}
 e4c:	69666564 	stmdbvs	r6!, {r2, r5, r6, r8, sl, sp, lr}^
 e50:	2064656e 	rsbcs	r6, r4, lr, ror #10
 e54:	65637845 	strbvs	r7, [r3, #-2117]!	; 0xfffff7bb
 e58:	6f697470 	svcvs	0x00697470
 e5c:	0d0a216e 	stfeqs	f2, [sl, #-440]	; 0xfffffe48
 e60:	666f5300 	strbtvs	r5, [pc], -r0, lsl #6
 e64:	72617774 	rsbvc	r7, r1, #116, 14	; 0x1d00000
 e68:	6e492065 	cdpvs	0, 4, cr2, cr9, cr5, {3}
 e6c:	72726574 	rsbsvc	r6, r2, #116, 10	; 0x1d000000
 e70:	20747075 	rsbscs	r7, r4, r5, ror r0
 e74:	626d754e 	rsbvs	r7, sp, #327155712	; 0x13800000
 e78:	203a7265 	eorscs	r7, sl, r5, ror #4
 e7c:	30000d0a 	andcc	r0, r0, sl, lsl #26
 e80:	34333231 	ldrtcc	r3, [r3], #-561	; 0xfffffdcf
 e84:	38373635 	ldmdacc	r7!, {r0, r2, r4, r5, r9, sl, ip, sp}
 e88:	43424139 	movtmi	r4, #8505	; 0x2139
 e8c:	00464544 	subeq	r4, r6, r4, asr #10
 e90:	2d2d2d2d 	stccs	13, cr2, [sp, #-180]!	; 0xffffff4c
 e94:	2d2d2d2d 	stccs	13, cr2, [sp, #-180]!	; 0xffffff4c
 e98:	2d2d2d2d 	stccs	13, cr2, [sp, #-180]!	; 0xffffff4c
 e9c:	2d2d2d2d 	stccs	13, cr2, [sp, #-180]!	; 0xffffff4c
 ea0:	2d2d2d2d 	stccs	13, cr2, [sp, #-180]!	; 0xffffff4c
 ea4:	2d2d2d2d 	stccs	13, cr2, [sp, #-180]!	; 0xffffff4c
 ea8:	000d0a2d 	andeq	r0, sp, sp, lsr #20
 eac:	0a007830 	beq	0x1ef74
 eb0:	2020000d 	eorcs	r0, r0, sp
 eb4:	0020203a 	eoreq	r2, r0, sl, lsr r0
