
startup.bin: formato do arquivo binary
startup.bin
arquitetura: UNKNOWN!, sinalizações 0x00000000:

começar o endereço 0x00000000

Seções:
Idx Name          Tam.      VMA       LMA       File off  Algn
  0 .data         00000d88  00000000  00000000  00000000  2**0
                  CONTENTS, ALLOC, LOAD, DATA
SYMBOL TABLE:
nenhum símbolo



Desmontagem da seção .data:

00000000 <.data>:
   0:	e59ff018 	ldr	pc, [pc, #24]	; 0x20
   4:	e59ff018 	ldr	pc, [pc, #24]	; 0x24
   8:	e59ff018 	ldr	pc, [pc, #24]	; 0x28
   c:	e59ff018 	ldr	pc, [pc, #24]	; 0x2c
  10:	e59ff018 	ldr	pc, [pc, #24]	; 0x30
  14:	e1a00000 	nop			; (mov r0, r0)
  18:	e59ff018 	ldr	pc, [pc, #24]	; 0x38
  1c:	e59ff018 	ldr	pc, [pc, #24]	; 0x3c
  20:	80000040 	andhi	r0, r0, r0, asr #32
  24:	4030ce24 	eorsmi	ip, r0, r4, lsr #28
  28:	4030ce28 	eorsmi	ip, r0, r8, lsr #28
  2c:	4030ce2c 	eorsmi	ip, r0, ip, lsr #28
  30:	4030ce30 	eorsmi	ip, r0, r0, lsr lr
  34:	e1a00000 	nop			; (mov r0, r0)
  38:	4030ce38 	eorsmi	ip, r0, r8, lsr lr
  3c:	4030ce3c 	eorsmi	ip, r0, ip, lsr lr
  40:	e59f3168 	ldr	r3, [pc, #360]	; 0x1b0
  44:	e3a02000 	mov	r2, #0
  48:	e5c32000 	strb	r2, [r3]
  4c:	e59f3160 	ldr	r3, [pc, #352]	; 0x1b4
  50:	e3a02000 	mov	r2, #0
  54:	e5c32000 	strb	r2, [r3]
  58:	e59f3158 	ldr	r3, [pc, #344]	; 0x1b8
  5c:	e3a02000 	mov	r2, #0
  60:	e5c32000 	strb	r2, [r3]
  64:	e59f0150 	ldr	r0, [pc, #336]	; 0x1bc
  68:	eb000182 	bl	0x678
  6c:	eb0001d7 	bl	0x7d0
  70:	e10f0000 	mrs	r0, CPSR
  74:	e3c0001f 	bic	r0, r0, #31
  78:	e3800013 	orr	r0, r0, #19
  7c:	e38000c0 	orr	r0, r0, #192	; 0xc0
  80:	e129f000 	msr	CPSR_fc, r0
  84:	e3a000d3 	mov	r0, #211	; 0xd3
  88:	e121f000 	msr	CPSR_c, r0
  8c:	e59fd12c 	ldr	sp, [pc, #300]	; 0x1c0
  90:	e3a000d2 	mov	r0, #210	; 0xd2
  94:	e121f000 	msr	CPSR_c, r0
  98:	e59fd124 	ldr	sp, [pc, #292]	; 0x1c4
  9c:	e3a000d1 	mov	r0, #209	; 0xd1
  a0:	e121f000 	msr	CPSR_c, r0
  a4:	e59fd11c 	ldr	sp, [pc, #284]	; 0x1c8
  a8:	e3a000db 	mov	r0, #219	; 0xdb
  ac:	e121f000 	msr	CPSR_c, r0
  b0:	e59fd114 	ldr	sp, [pc, #276]	; 0x1cc
  b4:	e3a000d7 	mov	r0, #215	; 0xd7
  b8:	e121f000 	msr	CPSR_c, r0
  bc:	e59fd10c 	ldr	sp, [pc, #268]	; 0x1d0
  c0:	e3a000df 	mov	r0, #223	; 0xdf
  c4:	e121f000 	msr	CPSR_c, r0
  c8:	e59fd104 	ldr	sp, [pc, #260]	; 0x1d4
  cc:	e3a00010 	mov	r0, #16
  d0:	e121f000 	msr	CPSR_c, r0
  d4:	e59fd0fc 	ldr	sp, [pc, #252]	; 0x1d8
  d8:	e59f00fc 	ldr	r0, [pc, #252]	; 0x1dc
  dc:	e59f10fc 	ldr	r1, [pc, #252]	; 0x1e0
  e0:	e5801000 	str	r1, [r0]
  e4:	e59f00f8 	ldr	r0, [pc, #248]	; 0x1e4
  e8:	e59f10f8 	ldr	r1, [pc, #248]	; 0x1e8
  ec:	e5801000 	str	r1, [r0]
  f0:	eb0001be 	bl	0x7f0
  f4:	eb0001a1 	bl	0x780
  f8:	eb0001ec 	bl	0x8b0
  fc:	eb00003f 	bl	0x200
 100:	e10f0000 	mrs	r0, CPSR
 104:	e3c00080 	bic	r0, r0, #128	; 0x80
 108:	e129f000 	msr	CPSR_fc, r0
 10c:	ebffffff 	bl	0x110
 110:	e59f00d4 	ldr	r0, [pc, #212]	; 0x1ec
 114:	eb000157 	bl	0x678
 118:	e92d480f 	push	{r0, r1, r2, r3, fp, lr}
 11c:	e14fb000 	mrs	fp, SPSR
 120:	e59f00c8 	ldr	r0, [pc, #200]	; 0x1f0
 124:	e5901040 	ldr	r1, [r0, #64]	; 0x40
 128:	e201107f 	and	r1, r1, #127	; 0x7f
 12c:	e351004b 	cmp	r1, #75	; 0x4b
 130:	e3510048 	cmp	r1, #72	; 0x48
 134:	0b00004e 	bleq	0x274
 138:	e59f00b0 	ldr	r0, [pc, #176]	; 0x1f0
 13c:	e3a01001 	mov	r1, #1
 140:	e5801048 	str	r1, [r0, #72]	; 0x48
 144:	f57ff04f 	dsb	sy
 148:	e169f00b 	msr	SPSR_fc, fp
 14c:	e8fd880f 	ldm	sp!, {r0, r1, r2, r3, fp, pc}^
 150:	eafffffe 	b	0x150
 154:	eafffffe 	b	0x154
 158:	e92d5fff 	push	{r0, r1, r2, r3, r4, r5, r6, r7, r8, r9, sl, fp, ip, lr}
 15c:	e51e0004 	ldr	r0, [lr, #-4]
 160:	e3c014ff 	bic	r1, r0, #-16777216	; 0xff000000
 164:	e59f0088 	ldr	r0, [pc, #136]	; 0x1f4
 168:	eb000142 	bl	0x678
 16c:	e1a00001 	mov	r0, r1
 170:	eb00010d 	bl	0x5ac
 174:	e59f007c 	ldr	r0, [pc, #124]	; 0x1f8
 178:	eb00013e 	bl	0x678
 17c:	e8fd9fff 	ldm	sp!, {r0, r1, r2, r3, r4, r5, r6, r7, r8, r9, sl, fp, ip, pc}^
 180:	eafffffe 	b	0x180
 184:	eafffffe 	b	0x184
 188:	65646e45 	strbvs	r6, [r4, #-3653]!	; 0xfffff1bb
 18c:	6f636572 	svcvs	0x00636572
 190:	696e6920 	stmdbvs	lr!, {r5, r8, fp, sp, lr}^
 194:	6c616963 			; <UNDEFINED> instruction: 0x6c616963
 198:	00203d20 	eoreq	r3, r0, r0, lsr #26
 19c:	646e4500 	strbtvs	r4, [lr], #-1280	; 0xfffffb00
 1a0:	63657265 	cmnvs	r5, #1342177286	; 0x50000006
 1a4:	6966206f 	stmdbvs	r6!, {r0, r1, r2, r3, r5, r6, sp}^
 1a8:	206c616e 	rsbcs	r6, ip, lr, ror #2
 1ac:	0000203d 	andeq	r2, r0, sp, lsr r0
 1b0:	80000dc0 	andhi	r0, r0, r0, asr #27
 1b4:	80000dd4 	ldrdhi	r0, [r0], -r4
 1b8:	80000dd8 	ldrdhi	r0, [r0], -r8
 1bc:	80000188 	andhi	r0, r0, r8, lsl #3
 1c0:	80001300 	andhi	r1, r0, r0, lsl #6
 1c4:	80001400 	andhi	r1, r0, r0, lsl #8
 1c8:	80001500 	andhi	r1, r0, r0, lsl #10
 1cc:	80001100 	andhi	r1, r0, r0, lsl #2
 1d0:	80001200 	andhi	r1, r0, r0, lsl #4
 1d4:	80001000 	andhi	r1, r0, r0
 1d8:	80001600 	andhi	r1, r0, r0, lsl #12
 1dc:	80000038 	andhi	r0, r0, r8, lsr r0
 1e0:	80000118 	andhi	r0, r0, r8, lsl r1
 1e4:	80000028 	andhi	r0, r0, r8, lsr #32
 1e8:	80000158 	andhi	r0, r0, r8, asr r1
 1ec:	80000cd0 	ldrdhi	r0, [r0], -r0	; <UNPREDICTABLE>
 1f0:	48200000 	stmdami	r0!, {}	; <UNPREDICTABLE>
 1f4:	80000d31 	andhi	r0, r0, r1, lsr sp
 1f8:	80000d7f 	andhi	r0, r0, pc, ror sp
 1fc:	00000000 	andeq	r0, r0, r0
 200:	e92d4003 	push	{r0, r1, lr}
 204:	e59f0200 	ldr	r0, [pc, #512]	; 0x40c
 208:	e3a01001 	mov	r1, #1
 20c:	e5c01000 	strb	r1, [r0]
 210:	e3a01002 	mov	r1, #2
 214:	e5c01000 	strb	r1, [r0]
 218:	e59f01f0 	ldr	r0, [pc, #496]	; 0x410
 21c:	e3a01000 	mov	r1, #0
 220:	e5c01048 	strb	r1, [r0, #72]	; 0x48
 224:	e59f01e8 	ldr	r0, [pc, #488]	; 0x414
 228:	e3a01c01 	mov	r1, #256	; 0x100
 22c:	e58010c8 	str	r1, [r0, #200]	; 0xc8
 230:	e8bd8003 	pop	{r0, r1, pc}
 234:	e92d4006 	push	{r1, r2, lr}
 238:	e59f11d8 	ldr	r1, [pc, #472]	; 0x418
 23c:	e5912014 	ldr	r2, [r1, #20]
 240:	e2022020 	and	r2, r2, #32
 244:	e3520000 	cmp	r2, #0
 248:	0afffffb 	beq	0x23c
 24c:	e5c10000 	strb	r0, [r1]
 250:	e8bd8006 	pop	{r1, r2, pc}
 254:	e92d4006 	push	{r1, r2, lr}
 258:	e59f11b8 	ldr	r1, [pc, #440]	; 0x418
 25c:	e5912014 	ldr	r2, [r1, #20]
 260:	e2022001 	and	r2, r2, #1
 264:	e3520000 	cmp	r2, #0
 268:	0afffffb 	beq	0x25c
 26c:	e5d10000 	ldrb	r0, [r1]
 270:	e8bd8006 	pop	{r1, r2, pc}
 274:	e92d403e 	push	{r1, r2, r3, r4, r5, lr}
 278:	ebfffff5 	bl	0x254
 27c:	e350000d 	cmp	r0, #13
 280:	0b00000b 	bleq	0x2b4
 284:	ebffffea 	bl	0x234
 288:	e59f318c 	ldr	r3, [pc, #396]	; 0x41c
 28c:	e5d32000 	ldrb	r2, [r3]
 290:	e3520001 	cmp	r2, #1
 294:	0b000011 	bleq	0x2e0
 298:	e59f3180 	ldr	r3, [pc, #384]	; 0x420
 29c:	e5d32000 	ldrb	r2, [r3]
 2a0:	e59f417c 	ldr	r4, [pc, #380]	; 0x424
 2a4:	e7c40002 	strb	r0, [r4, r2]
 2a8:	e2822001 	add	r2, r2, #1
 2ac:	e5c32000 	strb	r2, [r3]
 2b0:	e8bd803e 	pop	{r1, r2, r3, r4, r5, pc}
 2b4:	e59f016c 	ldr	r0, [pc, #364]	; 0x428
 2b8:	eb0000ee 	bl	0x678
 2bc:	e59f3158 	ldr	r3, [pc, #344]	; 0x41c
 2c0:	e5d32000 	ldrb	r2, [r3]
 2c4:	e2822001 	add	r2, r2, #1
 2c8:	e5c32000 	strb	r2, [r3]
 2cc:	e3520002 	cmp	r2, #2
 2d0:	0b000009 	bleq	0x2fc
 2d4:	e59f0150 	ldr	r0, [pc, #336]	; 0x42c
 2d8:	eb0000e6 	bl	0x678
 2dc:	e8bd803e 	pop	{r1, r2, r3, r4, r5, pc}
 2e0:	e59f3148 	ldr	r3, [pc, #328]	; 0x430
 2e4:	e5d32000 	ldrb	r2, [r3]
 2e8:	e59f4144 	ldr	r4, [pc, #324]	; 0x434
 2ec:	e7c40002 	strb	r0, [r4, r2]
 2f0:	e2822001 	add	r2, r2, #1
 2f4:	e5c32000 	strb	r2, [r3]
 2f8:	e8bd803e 	pop	{r1, r2, r3, r4, r5, pc}
 2fc:	e92d403e 	push	{r1, r2, r3, r4, r5, lr}
 300:	e59f3118 	ldr	r3, [pc, #280]	; 0x420
 304:	e5d32000 	ldrb	r2, [r3]
 308:	e59f4114 	ldr	r4, [pc, #276]	; 0x424
 30c:	eb0000fc 	bl	0x704
 310:	e59f6108 	ldr	r6, [pc, #264]	; 0x420
 314:	e5d62000 	ldrb	r2, [r6]
 318:	e3a02004 	mov	r2, #4
 31c:	e5c62000 	strb	r2, [r6]
 320:	e59f40fc 	ldr	r4, [pc, #252]	; 0x424
 324:	eb000105 	bl	0x740
 328:	e59f3100 	ldr	r3, [pc, #256]	; 0x430
 32c:	e5d32000 	ldrb	r2, [r3]
 330:	e59f40fc 	ldr	r4, [pc, #252]	; 0x434
 334:	eb0000f2 	bl	0x704
 338:	e59f60f0 	ldr	r6, [pc, #240]	; 0x430
 33c:	e5d62000 	ldrb	r2, [r6]
 340:	e3a02004 	mov	r2, #4
 344:	e5c62000 	strb	r2, [r6]
 348:	e59f40e4 	ldr	r4, [pc, #228]	; 0x434
 34c:	eb0000fb 	bl	0x740
 350:	e59f00cc 	ldr	r0, [pc, #204]	; 0x424
 354:	e5901000 	ldr	r1, [r0]
 358:	e59f00d4 	ldr	r0, [pc, #212]	; 0x434
 35c:	e5902000 	ldr	r2, [r0]
 360:	e1520001 	cmp	r2, r1
 364:	ca000002 	bgt	0x374
 368:	eb00000f 	bl	0x3ac
 36c:	ebffff33 	bl	0x40
 370:	e8bd803e 	pop	{r1, r2, r3, r4, r5, pc}
 374:	e59f30a8 	ldr	r3, [pc, #168]	; 0x424
 378:	e5930000 	ldr	r0, [r3]
 37c:	e59f40b0 	ldr	r4, [pc, #176]	; 0x434
 380:	e5942000 	ldr	r2, [r4]
 384:	e3a01000 	mov	r1, #0
 388:	e2800004 	add	r0, r0, #4
 38c:	e2811001 	add	r1, r1, #1
 390:	e1500002 	cmp	r0, r2
 394:	1afffffb 	bne	0x388
 398:	e2811001 	add	r1, r1, #1
 39c:	e59f3080 	ldr	r3, [pc, #128]	; 0x424
 3a0:	e5930000 	ldr	r0, [r3]
 3a4:	eb000035 	bl	0x480
 3a8:	ebffffef 	bl	0x36c
 3ac:	e59f3070 	ldr	r3, [pc, #112]	; 0x424
 3b0:	e5930000 	ldr	r0, [r3]
 3b4:	e59f4078 	ldr	r4, [pc, #120]	; 0x434
 3b8:	e5942000 	ldr	r2, [r4]
 3bc:	e3a01000 	mov	r1, #0
 3c0:	e2822004 	add	r2, r2, #4
 3c4:	e2811001 	add	r1, r1, #1
 3c8:	e1500002 	cmp	r0, r2
 3cc:	1afffffb 	bne	0x3c0
 3d0:	e2811001 	add	r1, r1, #1
 3d4:	e59f3048 	ldr	r3, [pc, #72]	; 0x424
 3d8:	e5930000 	ldr	r0, [r3]
 3dc:	eb00003d 	bl	0x4d8
 3e0:	ebffffe1 	bl	0x36c
 3e4:	e1a00000 	nop			; (mov r0, r0)
 3e8:	e1a00000 	nop			; (mov r0, r0)
 3ec:	e1a00000 	nop			; (mov r0, r0)
 3f0:	e1a00000 	nop			; (mov r0, r0)
 3f4:	e1a00000 	nop			; (mov r0, r0)
 3f8:	e1a00000 	nop			; (mov r0, r0)
 3fc:	e1a00000 	nop			; (mov r0, r0)
 400:	e1a00000 	nop			; (mov r0, r0)
 404:	e1a00000 	nop			; (mov r0, r0)
 408:	00000d0a 	andeq	r0, r0, sl, lsl #26
 40c:	44e09004 	strbtmi	r9, [r0], #4
 410:	48200100 	stmdami	r0!, {r8}
 414:	48200000 	stmdami	r0!, {}	; <UNPREDICTABLE>
 418:	44e09000 	strbtmi	r9, [r0], #0
 41c:	80000dd8 	ldrdhi	r0, [r0], -r8
 420:	80000dc0 	andhi	r0, r0, r0, asr #27
 424:	80000db0 			; <UNDEFINED> instruction: 0x80000db0
 428:	80000408 	andhi	r0, r0, r8, lsl #8
 42c:	8000019d 	mulhi	r0, sp, r1
 430:	80000dd4 	ldrdhi	r0, [r0], -r4
 434:	80000dc4 	andhi	r0, r0, r4, asr #27
	...
 440:	e1a02000 	mov	r2, r0
 444:	e1a03001 	mov	r3, r1
 448:	e3a00000 	mov	r0, #0
 44c:	e1520003 	cmp	r2, r3
 450:	ba000002 	blt	0x460
 454:	e0422003 	sub	r2, r2, r3
 458:	e2800001 	add	r0, r0, #1
 45c:	eafffffa 	b	0x44c
 460:	e12fff1e 	bx	lr
 464:	e92d4007 	push	{r0, r1, r2, lr}
 468:	e0811000 	add	r1, r1, r0
 46c:	e3a02000 	mov	r2, #0
 470:	e1500001 	cmp	r0, r1
 474:	b4802004 	strlt	r2, [r0], #4
 478:	bafffffc 	blt	0x470
 47c:	e8bd8007 	pop	{r0, r1, r2, pc}
 480:	e92d400f 	push	{r0, r1, r2, r3, lr}
 484:	e1a02000 	mov	r2, r0
 488:	e1a03001 	mov	r3, r1
 48c:	e59f02cc 	ldr	r0, [pc, #716]	; 0x760
 490:	e3a01002 	mov	r1, #2
 494:	eb000080 	bl	0x69c
 498:	e1a00002 	mov	r0, r2
 49c:	eb000042 	bl	0x5ac
 4a0:	e59f02bc 	ldr	r0, [pc, #700]	; 0x764
 4a4:	e3a01005 	mov	r1, #5
 4a8:	eb00007b 	bl	0x69c
 4ac:	e59f02ac 	ldr	r0, [pc, #684]	; 0x760
 4b0:	e3a01002 	mov	r1, #2
 4b4:	eb000078 	bl	0x69c
 4b8:	e4920004 	ldr	r0, [r2], #4
 4bc:	eb00003a 	bl	0x5ac
 4c0:	e59f02a0 	ldr	r0, [pc, #672]	; 0x768
 4c4:	e3a01002 	mov	r1, #2
 4c8:	eb000073 	bl	0x69c
 4cc:	e2533001 	subs	r3, r3, #1
 4d0:	1affffed 	bne	0x48c
 4d4:	e8bd800f 	pop	{r0, r1, r2, r3, pc}
 4d8:	e92d400f 	push	{r0, r1, r2, r3, lr}
 4dc:	e1a02000 	mov	r2, r0
 4e0:	e1a03001 	mov	r3, r1
 4e4:	e59f0274 	ldr	r0, [pc, #628]	; 0x760
 4e8:	e3a01002 	mov	r1, #2
 4ec:	eb00006a 	bl	0x69c
 4f0:	e1a00002 	mov	r0, r2
 4f4:	eb00002c 	bl	0x5ac
 4f8:	e59f0264 	ldr	r0, [pc, #612]	; 0x764
 4fc:	e3a01005 	mov	r1, #5
 500:	eb000065 	bl	0x69c
 504:	e59f0254 	ldr	r0, [pc, #596]	; 0x760
 508:	e3a01002 	mov	r1, #2
 50c:	eb000062 	bl	0x69c
 510:	e5920000 	ldr	r0, [r2]
 514:	eb000024 	bl	0x5ac
 518:	e2422004 	sub	r2, r2, #4
 51c:	e59f0244 	ldr	r0, [pc, #580]	; 0x768
 520:	e3a01002 	mov	r1, #2
 524:	eb00005c 	bl	0x69c
 528:	e2533001 	subs	r3, r3, #1
 52c:	1affffec 	bne	0x4e4
 530:	e8bd800f 	pop	{r0, r1, r2, r3, pc}
 534:	e3e014ff 	mvn	r1, #-16777216	; 0xff000000
 538:	e2411001 	sub	r1, r1, #1
 53c:	e3510000 	cmp	r1, #0
 540:	1afffffc 	bne	0x538
 544:	e12fff1e 	bx	lr
 548:	e92d4007 	push	{r0, r1, r2, lr}
 54c:	e3e0120f 	mvn	r1, #-268435456	; 0xf0000000
 550:	ebfffff8 	bl	0x538
 554:	e8bd8007 	pop	{r0, r1, r2, pc}
 558:	e92d4007 	push	{r0, r1, r2, lr}
 55c:	e59f0208 	ldr	r0, [pc, #520]	; 0x76c
 560:	e5d01000 	ldrb	r1, [r0]
 564:	e5d02000 	ldrb	r2, [r0]
 568:	e1520001 	cmp	r2, r1
 56c:	0afffffc 	beq	0x564
 570:	e8bd8007 	pop	{r0, r1, r2, pc}
 574:	e2800030 	add	r0, r0, #48	; 0x30
 578:	e12fff1e 	bx	lr
 57c:	e92d4007 	push	{r0, r1, r2, lr}
 580:	e59f11e8 	ldr	r1, [pc, #488]	; 0x770
 584:	e7d10000 	ldrb	r0, [r1, r0]
 588:	e8bd8007 	pop	{r0, r1, r2, pc}
 58c:	e92d4007 	push	{r0, r1, r2, lr}
 590:	e3a0100a 	mov	r1, #10
 594:	ebffffa9 	bl	0x440
 598:	e2800030 	add	r0, r0, #48	; 0x30
 59c:	ebffff24 	bl	0x234
 5a0:	e2820030 	add	r0, r2, #48	; 0x30
 5a4:	ebffff22 	bl	0x234
 5a8:	e8bd8007 	pop	{r0, r1, r2, pc}
 5ac:	e92d400f 	push	{r0, r1, r2, r3, lr}
 5b0:	e1a01000 	mov	r1, r0
 5b4:	e3a00000 	mov	r0, #0
 5b8:	e3a0301c 	mov	r3, #28
 5bc:	e59f21ac 	ldr	r2, [pc, #428]	; 0x770
 5c0:	e1a00331 	lsr	r0, r1, r3
 5c4:	e200000f 	and	r0, r0, #15
 5c8:	e7d20000 	ldrb	r0, [r2, r0]
 5cc:	ebffff18 	bl	0x234
 5d0:	e2533004 	subs	r3, r3, #4
 5d4:	1afffff9 	bne	0x5c0
 5d8:	e1a00001 	mov	r0, r1
 5dc:	e200000f 	and	r0, r0, #15
 5e0:	e7d20000 	ldrb	r0, [r2, r0]
 5e4:	ebffff12 	bl	0x234
 5e8:	e8bd800f 	pop	{r0, r1, r2, r3, pc}
 5ec:	e92d400e 	push	{r1, r2, r3, lr}
 5f0:	e1a02000 	mov	r2, r0
 5f4:	e3a00000 	mov	r0, #0
 5f8:	e3510000 	cmp	r1, #0
 5fc:	0a000003 	beq	0x610
 600:	e4d23001 	ldrb	r3, [r2], #1
 604:	e0800003 	add	r0, r0, r3
 608:	e2411001 	sub	r1, r1, #1
 60c:	eafffff9 	b	0x5f8
 610:	e8bd800e 	pop	{r1, r2, r3, pc}
 614:	e92d401e 	push	{r1, r2, r3, r4, lr}
 618:	e1a04001 	mov	r4, r1
 61c:	e1a01002 	mov	r1, r2
 620:	ebfffff1 	bl	0x5ec
 624:	e1a03000 	mov	r3, r0
 628:	e1a00004 	mov	r0, r4
 62c:	ebffffee 	bl	0x5ec
 630:	e0430000 	sub	r0, r3, r0
 634:	e8bd801e 	pop	{r1, r2, r3, r4, pc}
 638:	e92d407e 	push	{r1, r2, r3, r4, r5, r6, lr}
 63c:	e1a03000 	mov	r3, r0
 640:	e1a04001 	mov	r4, r1
 644:	e3a00000 	mov	r0, #0
 648:	e7d35000 	ldrb	r5, [r3, r0]
 64c:	e7d46000 	ldrb	r6, [r4, r0]
 650:	e1550006 	cmp	r5, r6
 654:	1a000003 	bne	0x668
 658:	e2800001 	add	r0, r0, #1
 65c:	e1520000 	cmp	r2, r0
 660:	0a000002 	beq	0x670
 664:	eafffff7 	b	0x648
 668:	e3a00001 	mov	r0, #1
 66c:	e8bd807e 	pop	{r1, r2, r3, r4, r5, r6, pc}
 670:	e3a00000 	mov	r0, #0
 674:	e8bd807e 	pop	{r1, r2, r3, r4, r5, r6, pc}
 678:	e92d4007 	push	{r0, r1, r2, lr}
 67c:	e1a01000 	mov	r1, r0
 680:	e4d10001 	ldrb	r0, [r1], #1
 684:	e20000ff 	and	r0, r0, #255	; 0xff
 688:	e3500000 	cmp	r0, #0
 68c:	0a000001 	beq	0x698
 690:	ebfffee7 	bl	0x234
 694:	eafffff9 	b	0x680
 698:	e8bd8007 	pop	{r0, r1, r2, pc}
 69c:	e92d4007 	push	{r0, r1, r2, lr}
 6a0:	e1a02000 	mov	r2, r0
 6a4:	e4d20001 	ldrb	r0, [r2], #1
 6a8:	ebfffee1 	bl	0x234
 6ac:	e2511001 	subs	r1, r1, #1
 6b0:	0afffff8 	beq	0x698
 6b4:	eafffffa 	b	0x6a4
 6b8:	e8bd8007 	pop	{r0, r1, r2, pc}
 6bc:	e92d403e 	push	{r1, r2, r3, r4, r5, lr}
 6c0:	e3a02001 	mov	r2, #1
 6c4:	e3a0300a 	mov	r3, #10
 6c8:	e3a05000 	mov	r5, #0
 6cc:	e3a08000 	mov	r8, #0
 6d0:	e1a04001 	mov	r4, r1
 6d4:	e204400f 	and	r4, r4, #15
 6d8:	e0060294 	mul	r6, r4, r2
 6dc:	e1a04006 	mov	r4, r6
 6e0:	e0070392 	mul	r7, r2, r3
 6e4:	e1a02007 	mov	r2, r7
 6e8:	e0855004 	add	r5, r5, r4
 6ec:	e1a01221 	lsr	r1, r1, #4
 6f0:	e2888001 	add	r8, r8, #1
 6f4:	e3580007 	cmp	r8, #7
 6f8:	1afffff4 	bne	0x6d0
 6fc:	e1a00005 	mov	r0, r5
 700:	e8bd803e 	pop	{r1, r2, r3, r4, r5, pc}
 704:	e92d41c0 	push	{r6, r7, r8, lr}
 708:	e3a05002 	mov	r5, #2
 70c:	e3a03000 	mov	r3, #0
 710:	e7d40005 	ldrb	r0, [r4, r5]
 714:	e350003a 	cmp	r0, #58	; 0x3a
 718:	ba000006 	blt	0x738
 71c:	e2400057 	sub	r0, r0, #87	; 0x57
 720:	e1a03203 	lsl	r3, r3, #4
 724:	e0833000 	add	r3, r3, r0
 728:	e2855001 	add	r5, r5, #1
 72c:	e1520005 	cmp	r2, r5
 730:	1afffff6 	bne	0x710
 734:	e8bd81c0 	pop	{r6, r7, r8, pc}
 738:	e2400030 	sub	r0, r0, #48	; 0x30
 73c:	ebfffff7 	bl	0x720
 740:	e92d4070 	push	{r4, r5, r6, lr}
 744:	e3a05000 	mov	r5, #0
 748:	e7c43005 	strb	r3, [r4, r5]
 74c:	e1a03423 	lsr	r3, r3, #8
 750:	e2855001 	add	r5, r5, #1
 754:	e1520005 	cmp	r2, r5
 758:	1afffffa 	bne	0x748
 75c:	e8bd8070 	pop	{r4, r5, r6, pc}
 760:	80000d7c 	andhi	r0, r0, ip, ror sp
 764:	80000d82 	andhi	r0, r0, r2, lsl #27
 768:	80000d7f 	andhi	r0, r0, pc, ror sp
 76c:	44e3e000 	strbtmi	lr, [r3], #0
 770:	80000d4f 	andhi	r0, r0, pc, asr #26
	...
 780:	e92d4003 	push	{r0, r1, lr}
 784:	e59f002c 	ldr	r0, [pc, #44]	; 0x7b8
 788:	e59f102c 	ldr	r1, [pc, #44]	; 0x7bc
 78c:	e5801048 	str	r1, [r0, #72]	; 0x48
 790:	eb000003 	bl	0x7a4
 794:	e59f1024 	ldr	r1, [pc, #36]	; 0x7c0
 798:	e5801048 	str	r1, [r0, #72]	; 0x48
 79c:	eb000000 	bl	0x7a4
 7a0:	e8bd8003 	pop	{r0, r1, pc}
 7a4:	e5901034 	ldr	r1, [r0, #52]	; 0x34
 7a8:	e2011010 	and	r1, r1, #16
 7ac:	e3510000 	cmp	r1, #0
 7b0:	1afffffb 	bne	0x7a4
 7b4:	e12fff1e 	bx	lr
 7b8:	44e35000 	strbtmi	r5, [r3], #0
 7bc:	0000aaaa 	andeq	sl, r0, sl, lsr #21
 7c0:	00005555 	andeq	r5, r0, r5, asr r5
	...
 7d0:	e92d4007 	push	{r0, r1, r2, lr}
 7d4:	ee110f10 	mrc	15, 0, r0, cr1, cr0, {0}
 7d8:	e3c00a02 	bic	r0, r0, #8192	; 0x2000
 7dc:	ee010f10 	mcr	15, 0, r0, cr1, cr0, {0}
 7e0:	e59f0004 	ldr	r0, [pc, #4]	; 0x7ec
 7e4:	ee0c0f10 	mcr	15, 0, r0, cr12, cr0, {0}
 7e8:	e8bd8007 	pop	{r0, r1, r2, pc}
 7ec:	80000000 	andhi	r0, r0, r0
 7f0:	e59f0098 	ldr	r0, [pc, #152]	; 0x890
 7f4:	e59f1098 	ldr	r1, [pc, #152]	; 0x894
 7f8:	e5801000 	str	r1, [r0]
 7fc:	e59f0094 	ldr	r0, [pc, #148]	; 0x898
 800:	e5901000 	ldr	r1, [r0]
 804:	e3c1161e 	bic	r1, r1, #31457280	; 0x1e00000
 808:	e5801000 	str	r1, [r0]
 80c:	e12fff1e 	bx	lr
 810:	e92d401f 	push	{r0, r1, r2, r3, r4, lr}
 814:	e59f0080 	ldr	r0, [pc, #128]	; 0x89c
 818:	e3a01602 	mov	r1, #2097152	; 0x200000
 81c:	e5801000 	str	r1, [r0]
 820:	e8bd801f 	pop	{r0, r1, r2, r3, r4, pc}
 824:	e92d401f 	push	{r0, r1, r2, r3, r4, lr}
 828:	e59f0070 	ldr	r0, [pc, #112]	; 0x8a0
 82c:	e3a01602 	mov	r1, #2097152	; 0x200000
 830:	e5801000 	str	r1, [r0]
 834:	e8bd801f 	pop	{r0, r1, r2, r3, r4, pc}
 838:	e92d401f 	push	{r0, r1, r2, r3, r4, lr}
 83c:	e1a04000 	mov	r4, r0
 840:	ebfffff2 	bl	0x810
 844:	ebffff3a 	bl	0x534
 848:	ebfffff5 	bl	0x824
 84c:	ebffff38 	bl	0x534
 850:	e2444001 	sub	r4, r4, #1
 854:	e3540000 	cmp	r4, #0
 858:	1afffff8 	bne	0x840
 85c:	e8bd801f 	pop	{r0, r1, r2, r3, r4, pc}
 860:	e92d401f 	push	{r0, r1, r2, r3, r4, lr}
 864:	e59f0034 	ldr	r0, [pc, #52]	; 0x8a0
 868:	e3a0161e 	mov	r1, #31457280	; 0x1e00000
 86c:	e5801000 	str	r1, [r0]
 870:	e59f0024 	ldr	r0, [pc, #36]	; 0x89c
 874:	e1a01a83 	lsl	r1, r3, #21
 878:	e5801000 	str	r1, [r0]
 87c:	ebffff31 	bl	0x548
 880:	e59f0018 	ldr	r0, [pc, #24]	; 0x8a0
 884:	e3a0161e 	mov	r1, #31457280	; 0x1e00000
 888:	e5801000 	str	r1, [r0]
 88c:	e8bd801f 	pop	{r0, r1, r2, r3, r4, pc}
 890:	44e000ac 	strbtmi	r0, [r0], #172	; 0xac
 894:	00040002 	andeq	r0, r4, r2
 898:	4804c134 	stmdami	r4, {r2, r4, r5, r8, lr, pc}
 89c:	4804c194 	stmdami	r4, {r2, r4, r7, r8, lr, pc}
 8a0:	4804c190 	stmdami	r4, {r4, r7, r8, lr, pc}
	...
 8b0:	e92d4003 	push	{r0, r1, lr}
 8b4:	e59f0100 	ldr	r0, [pc, #256]	; 0x9bc
 8b8:	e3a01002 	mov	r1, #2
 8bc:	e5801000 	str	r1, [r0]
 8c0:	e59f00f8 	ldr	r0, [pc, #248]	; 0x9c0
 8c4:	e5801000 	str	r1, [r0]
 8c8:	e59f00f4 	ldr	r0, [pc, #244]	; 0x9c4
 8cc:	e59f10f4 	ldr	r1, [pc, #244]	; 0x9c8
 8d0:	e580106c 	str	r1, [r0, #108]	; 0x6c
 8d4:	e59f10f0 	ldr	r1, [pc, #240]	; 0x9cc
 8d8:	e5801070 	str	r1, [r0, #112]	; 0x70
 8dc:	e3a01048 	mov	r1, #72	; 0x48
 8e0:	e5801054 	str	r1, [r0, #84]	; 0x54
 8e4:	e3a01004 	mov	r1, #4
 8e8:	e5801048 	str	r1, [r0, #72]	; 0x48
 8ec:	e59f00d0 	ldr	r0, [pc, #208]	; 0x9c4
 8f0:	e3a01001 	mov	r1, #1
 8f4:	e5801040 	str	r1, [r0, #64]	; 0x40
 8f8:	e5901044 	ldr	r1, [r0, #68]	; 0x44
 8fc:	e2011001 	and	r1, r1, #1
 900:	e3510000 	cmp	r1, #0
 904:	1afffffb 	bne	0x8f8
 908:	e59f00c0 	ldr	r0, [pc, #192]	; 0x9d0
 90c:	e3a01000 	mov	r1, #0
 910:	e5c0104b 	strb	r1, [r0, #75]	; 0x4b
 914:	e59f00b8 	ldr	r0, [pc, #184]	; 0x9d4
 918:	e3a01b02 	mov	r1, #2048	; 0x800
 91c:	e58010c8 	str	r1, [r0, #200]	; 0xc8
 920:	e8bd8003 	pop	{r0, r1, pc}
 924:	e92d4007 	push	{r0, r1, r2, lr}
 928:	e1a02000 	mov	r2, r0
 92c:	e2020070 	and	r0, r2, #112	; 0x70
 930:	e1a00220 	lsr	r0, r0, #4
 934:	ebffff0e 	bl	0x574
 938:	ebfffe3d 	bl	0x234
 93c:	e202000f 	and	r0, r2, #15
 940:	e2800030 	add	r0, r0, #48	; 0x30
 944:	ebfffe3a 	bl	0x234
 948:	e8bd8007 	pop	{r0, r1, r2, pc}
 94c:	e92d4007 	push	{r0, r1, r2, lr}
 950:	e59f106c 	ldr	r1, [pc, #108]	; 0x9c4
 954:	e5910008 	ldr	r0, [r1, #8]
 958:	ebfffff1 	bl	0x924
 95c:	e3a0003a 	mov	r0, #58	; 0x3a
 960:	ebfffe33 	bl	0x234
 964:	e5910004 	ldr	r0, [r1, #4]
 968:	ebffffed 	bl	0x924
 96c:	e3a0003a 	mov	r0, #58	; 0x3a
 970:	ebfffe2f 	bl	0x234
 974:	e5910000 	ldr	r0, [r1]
 978:	ebffffe9 	bl	0x924
 97c:	e59f0054 	ldr	r0, [pc, #84]	; 0x9d8
 980:	ebffff3c 	bl	0x678
 984:	e8bd8007 	pop	{r0, r1, r2, pc}
 988:	e92d4007 	push	{r0, r1, r2, lr}
 98c:	ebffffee 	bl	0x94c
 990:	e8bd8007 	pop	{r0, r1, r2, pc}
 994:	e92d403e 	push	{r1, r2, r3, r4, r5, lr}
 998:	e59f1024 	ldr	r1, [pc, #36]	; 0x9c4
 99c:	e3c554ff 	bic	r5, r5, #-16777216	; 0xff000000
 9a0:	e5c15000 	strb	r5, [r1]
 9a4:	e1a05425 	lsr	r5, r5, #8
 9a8:	e5c15004 	strb	r5, [r1, #4]
 9ac:	e1a05425 	lsr	r5, r5, #8
 9b0:	e5c15008 	strb	r5, [r1, #8]
 9b4:	e8bd803e 	pop	{r1, r2, r3, r4, r5, pc}
 9b8:	00000d0a 	andeq	r0, r0, sl, lsl #26
 9bc:	44e00804 	strbtmi	r0, [r0], #2052	; 0x804
 9c0:	44e00800 	strbtmi	r0, [r0], #2048	; 0x800
 9c4:	44e3e000 	strbtmi	lr, [r3], #0
 9c8:	83e70b13 	mvnhi	r0, #19456	; 0x4c00
 9cc:	95a4f1e0 	strls	pc, [r4, #480]!	; 0x1e0
 9d0:	48200100 	stmdami	r0!, {r8}
 9d4:	48200000 	stmdami	r0!, {}	; <UNPREDICTABLE>
 9d8:	800009b8 			; <UNDEFINED> instruction: 0x800009b8
 9dc:	43f0e92d 	mvnsmi	lr, #737280	; 0xb4000
 9e0:	af00b089 	svcge	0x0000b089
 9e4:	71fb4603 	mvnsvc	r4, r3, lsl #12
 9e8:	461e466b 	ldrmi	r4, [lr], -fp, ror #12
 9ec:	77fb79fb 			; <UNDEFINED> instruction: 0x77fb79fb
 9f0:	61bb2300 			; <UNDEFINED> instruction: 0x61bb2300
 9f4:	7ffae00b 	svcvc	0x00fae00b
 9f8:	43cdf64c 	bicmi	pc, sp, #76, 12	; 0x4c00000
 9fc:	43ccf6cc 	bicmi	pc, ip, #204, 12	; 0xcc00000
 a00:	2302fba3 	movwcs	pc, #11171	; 0x2ba3	; <UNPREDICTABLE>
 a04:	77fb08db 	ubfxvc	r0, fp, #17, #28
 a08:	330169bb 	movwcc	r6, #6587	; 0x19bb
 a0c:	7ffb61bb 	svcvc	0x00fb61bb
 a10:	d1f02b00 	mvnsle	r2, r0, lsl #22
 a14:	1e4b69b9 			; <UNDEFINED> instruction: 0x1e4b69b9
 a18:	460a60fb 			; <UNDEFINED> instruction: 0x460a60fb
 a1c:	46902300 	ldrmi	r2, [r0], r0, lsl #6
 a20:	f04f4699 			; <UNDEFINED> instruction: 0xf04f4699
 a24:	f04f0200 			; <UNDEFINED> instruction: 0xf04f0200
 a28:	ea4f0300 	b	0x13c1630
 a2c:	ea4303c9 	b	0x10c1958
 a30:	ea4f7358 	b	0x13dd798
 a34:	460a02c8 	strmi	r0, [sl], -r8, asr #5
 a38:	46142300 	ldrmi	r2, [r4], -r0, lsl #6
 a3c:	f04f461d 			; <UNDEFINED> instruction: 0xf04f461d
 a40:	f04f0200 			; <UNDEFINED> instruction: 0xf04f0200
 a44:	00eb0300 	rsceq	r0, fp, r0, lsl #6
 a48:	7354ea43 	cmpvc	r4, #274432	; 0x43000
 a4c:	460b00e2 	strmi	r0, [fp], -r2, ror #1
 a50:	08db3307 	ldmeq	fp, {r0, r1, r2, r8, r9, ip, sp}^
 a54:	ebad00db 	bl	0xfeb40dc8
 a58:	466b0d03 	strbtmi	r0, [fp], -r3, lsl #26
 a5c:	60bb3300 	adcsvs	r3, fp, r0, lsl #6
 a60:	617b2300 	cmnvs	fp, r0, lsl #6
 a64:	79fae020 	ldmibvc	sl!, {r5, sp, lr, pc}^
 a68:	43cdf64c 	bicmi	pc, sp, #76, 12	; 0x4c00000
 a6c:	43ccf6cc 	bicmi	pc, ip, #204, 12	; 0xcc00000
 a70:	1302fba3 	movwne	pc, #11171	; 0x2ba3	; <UNPREDICTABLE>
 a74:	460b08d9 			; <UNDEFINED> instruction: 0x460b08d9
 a78:	440b009b 	strmi	r0, [fp], #-155	; 0xffffff65
 a7c:	1ad3005b 	bne	0xff4c0bf0
 a80:	3330b2db 	teqcc	r0, #-1342177267	; 0xb000000d
 a84:	68bab2d9 	ldmvs	sl!, {r0, r3, r4, r6, r7, r9, ip, sp, pc}
 a88:	4413697b 	ldrmi	r6, [r3], #-2427	; 0xfffff685
 a8c:	701a460a 	andsvc	r4, sl, sl, lsl #12
 a90:	f64c79fa 			; <UNDEFINED> instruction: 0xf64c79fa
 a94:	f6cc43cd 			; <UNDEFINED> instruction: 0xf6cc43cd
 a98:	fba343cc 	blx	0xfe8d19d2
 a9c:	08db2302 	ldmeq	fp, {r1, r8, r9, sp}^
 aa0:	697b71fb 	ldmdbvs	fp!, {r0, r1, r3, r4, r5, r6, r7, r8, ip, sp, lr}^
 aa4:	617b3301 	cmnvs	fp, r1, lsl #6
 aa8:	69bb697a 	ldmibvs	fp!, {r1, r3, r4, r5, r6, r8, fp, sp, lr}
 aac:	dbda429a 	blle	0xff69151c
 ab0:	3b0169bb 	blcc	0x5b1a4
 ab4:	e009613b 	and	r6, r9, fp, lsr r1
 ab8:	693b68ba 	ldmdbvs	fp!, {r1, r3, r4, r5, r7, fp, sp, lr}
 abc:	781b4413 	ldmdavc	fp, {r0, r1, r4, sl, lr}
 ac0:	f7ff4618 			; <UNDEFINED> instruction: 0xf7ff4618
 ac4:	693bebb8 	ldmdbvs	fp!, {r3, r4, r5, r7, r8, r9, fp, sp, lr, pc}
 ac8:	613b3b01 	teqvs	fp, r1, lsl #22
 acc:	2b00693b 	blcs	0x1afc0
 ad0:	2300daf2 	movwcs	sp, #2802	; 0xaf2
 ad4:	461846b5 			; <UNDEFINED> instruction: 0x461846b5
 ad8:	46bd3724 	ldrtmi	r3, [sp], r4, lsr #14
 adc:	83f0e8bd 	mvnshi	lr, #12386304	; 0xbd0000
 ae0:	43f0e92d 	mvnsmi	lr, #737280	; 0xb4000
 ae4:	af00b08f 	svcge	0x0000b08f
 ae8:	60b960f8 	ldrshtvs	r6, [r9], r8
 aec:	71fb4613 	mvnsvc	r4, r3, lsl r6
 af0:	461e466b 	ldrmi	r4, [lr], -fp, ror #12
 af4:	f8872301 			; <UNDEFINED> instruction: 0xf8872301
 af8:	23003037 	movwcs	r3, #55	; 0x37
 afc:	3036f887 	eorscc	pc, r6, r7, lsl #17
 b00:	1e4b68b9 	mcrne	8, 2, r6, cr11, cr9, {5}
 b04:	460a61fb 			; <UNDEFINED> instruction: 0x460a61fb
 b08:	46902300 	ldrmi	r2, [r0], r0, lsl #6
 b0c:	f04f4699 			; <UNDEFINED> instruction: 0xf04f4699
 b10:	f04f0200 			; <UNDEFINED> instruction: 0xf04f0200
 b14:	ea4f0300 	b	0x13c171c
 b18:	ea431349 	b	0x10c5844
 b1c:	ea4f63d8 	b	0x13d9a84
 b20:	460a1248 	strmi	r1, [sl], -r8, asr #4
 b24:	46142300 	ldrmi	r2, [r4], -r0, lsl #6
 b28:	f04f461d 			; <UNDEFINED> instruction: 0xf04f461d
 b2c:	f04f0200 			; <UNDEFINED> instruction: 0xf04f0200
 b30:	016b0300 	cmneq	fp, r0, lsl #6
 b34:	63d4ea43 	bicsvs	lr, r4, #274432	; 0x43000
 b38:	460b0162 	strmi	r0, [fp], -r2, ror #2
 b3c:	3307009b 	movwcc	r0, #28827	; 0x709b
 b40:	00db08db 	ldrsbeq	r0, [fp], #139	; 0x8b
 b44:	0d03ebad 	vstreq	d14, [r3, #-692]	; 0xfffffd4c
 b48:	3303466b 	movwcc	r4, #13931	; 0x366b
 b4c:	009b089b 	umullseq	r0, fp, fp, r8
 b50:	230061bb 	movwcs	r6, #443	; 0x1bb
 b54:	e025633b 	eor	r6, r5, fp, lsr r3
 b58:	68fa6b3b 	ldmvs	sl!, {r0, r1, r3, r4, r5, r8, r9, fp, sp, lr}^
 b5c:	781b4413 	ldmdavc	fp, {r0, r1, r4, sl, lr}
 b60:	69bb4619 	ldmibvs	fp!, {r0, r3, r4, r9, sl, lr}
 b64:	f8436b3a 			; <UNDEFINED> instruction: 0xf8436b3a
 b68:	f8971022 			; <UNDEFINED> instruction: 0xf8971022
 b6c:	79fb2037 	ldmibvc	fp!, {r0, r1, r2, r4, r5, sp}^
 b70:	b2db4013 	sbcslt	r4, fp, #19
 b74:	d00d2b00 	andle	r2, sp, r0, lsl #22
 b78:	6b3a69bb 	blvs	0xe9b26c
 b7c:	3022f853 	eorcc	pc, r2, r3, asr r8	; <UNPREDICTABLE>
 b80:	69bb4259 	ldmibvs	fp!, {r0, r3, r4, r6, r9, lr}
 b84:	f8436b3a 			; <UNDEFINED> instruction: 0xf8436b3a
 b88:	f8971022 			; <UNDEFINED> instruction: 0xf8971022
 b8c:	33013036 	movwcc	r3, #4150	; 0x1036
 b90:	3036f887 	eorscc	pc, r6, r7, lsl #17
 b94:	3037f897 	mlascc	r7, r7, r8, pc	; <UNPREDICTABLE>
 b98:	f887005b 			; <UNDEFINED> instruction: 0xf887005b
 b9c:	6b3b3037 	blvs	0xeccc80
 ba0:	633b3301 	teqvs	fp, #67108864	; 0x4000000
 ba4:	68bb6b3a 	ldmvs	fp!, {r1, r3, r4, r5, r8, r9, fp, sp, lr}
 ba8:	dbd5429a 	blle	0xff551618
 bac:	62bb2301 	adcsvs	r2, fp, #67108864	; 0x4000000
 bb0:	69bbe027 	ldmibvs	fp!, {r0, r1, r2, r5, sp, lr, pc}
 bb4:	f8536aba 			; <UNDEFINED> instruction: 0xf8536aba
 bb8:	617b3022 	cmnvs	fp, r2, lsr #32
 bbc:	3b016abb 	blcc	0x5b6b0
 bc0:	e00b62fb 	strd	r6, [fp], -fp
 bc4:	1c5a6afb 	mrrcne	10, 15, r6, sl, cr11
 bc8:	6af969bb 	bvs	0xffe5b2bc
 bcc:	1021f853 	eorne	pc, r1, r3, asr r8	; <UNPREDICTABLE>
 bd0:	f84369bb 			; <UNDEFINED> instruction: 0xf84369bb
 bd4:	6afb1022 	bvs	0xffec4c64
 bd8:	62fb3b01 	rscsvs	r3, fp, #1024	; 0x400
 bdc:	2b006afb 	blcs	0x1b7d0
 be0:	69bbdb06 	ldmibvs	fp!, {r1, r2, r8, r9, fp, ip, lr, pc}
 be4:	f8536afa 			; <UNDEFINED> instruction: 0xf8536afa
 be8:	697a3022 	ldmdbvs	sl!, {r1, r5, ip, sp}^
 bec:	dbe9429a 	blle	0xffa5165c
 bf0:	1c5a6afb 	mrrcne	10, 15, r6, sl, cr11
 bf4:	697969bb 	ldmdbvs	r9!, {r0, r1, r3, r4, r5, r7, r8, fp, sp, lr}^
 bf8:	1022f843 	eorne	pc, r2, r3, asr #16
 bfc:	33016abb 	movwcc	r6, #6843	; 0x1abb
 c00:	6aba62bb 	bvs	0xfee996f4
 c04:	429a68bb 	addsmi	r6, sl, #12255232	; 0xbb0000
 c08:	2300dbd3 	movwcs	sp, #3027	; 0xbd3
 c0c:	e01a627b 	ands	r6, sl, fp, ror r2
 c10:	6a7a69bb 	bvs	0x1e9b304
 c14:	3022f853 	eorcc	pc, r2, r3, asr r8	; <UNPREDICTABLE>
 c18:	da082b00 	ble	0x20b820
 c1c:	6a7a69bb 	bvs	0x1e9b310
 c20:	3022f853 	eorcc	pc, r2, r3, asr r8	; <UNPREDICTABLE>
 c24:	69bb4259 	ldmibvs	fp!, {r0, r3, r4, r6, r9, lr}
 c28:	f8436a7a 			; <UNDEFINED> instruction: 0xf8436a7a
 c2c:	69bb1022 	ldmibvs	fp!, {r1, r5, ip}
 c30:	f8536a7a 			; <UNDEFINED> instruction: 0xf8536a7a
 c34:	6a7b1022 	bvs	0x1ec4cc4
 c38:	441368fa 	ldrmi	r6, [r3], #-2298	; 0xfffff706
 c3c:	701ab2ca 	andsvc	fp, sl, sl, asr #5
 c40:	33016a7b 	movwcc	r6, #6779	; 0x1a7b
 c44:	6a7a627b 	bvs	0x1e99638
 c48:	429a68bb 	addsmi	r6, sl, #12255232	; 0xbb0000
 c4c:	2301dbe0 	movwcs	sp, #7136	; 0x1be0
 c50:	3037f887 	eorscc	pc, r7, r7, lsl #17
 c54:	f7ff207b 			; <UNDEFINED> instruction: 0xf7ff207b
 c58:	2300eaee 	movwcs	lr, #2798	; 0xaee
 c5c:	e025623b 	eor	r6, r5, fp, lsr r2
 c60:	3036f897 	mlascc	r6, r7, r8, pc	; <UNPREDICTABLE>
 c64:	d0072b00 	andle	r2, r7, r0, lsl #22
 c68:	f7ff202d 			; <UNDEFINED> instruction: 0xf7ff202d
 c6c:	f897eae4 			; <UNDEFINED> instruction: 0xf897eae4
 c70:	3b013036 	blcc	0x4cd50
 c74:	3036f887 	eorscc	pc, r6, r7, lsl #17
 c78:	3037f897 	mlascc	r7, r7, r8, pc	; <UNPREDICTABLE>
 c7c:	f887005b 			; <UNDEFINED> instruction: 0xf887005b
 c80:	6a3b3037 	bvs	0xeccd64
 c84:	441368fa 	ldrmi	r6, [r3], #-2298	; 0xfffff706
 c88:	4618781b 			; <UNDEFINED> instruction: 0x4618781b
 c8c:	fea6f7ff 	mcr2	7, 5, pc, cr6, cr15, {7}	; <UNPREDICTABLE>
 c90:	3b0168bb 	blcc	0x5af84
 c94:	429a6a3a 	addsmi	r6, sl, #237568	; 0x3a000
 c98:	202cd005 	eorcs	sp, ip, r5
 c9c:	eacaf7ff 	b	0xff2beca0
 ca0:	f7ff2020 			; <UNDEFINED> instruction: 0xf7ff2020
 ca4:	6a3beac8 	bvs	0xefb7cc
 ca8:	623b3301 	eorsvs	r3, fp, #67108864	; 0x4000000
 cac:	68bb6a3a 	ldmvs	fp!, {r1, r3, r4, r5, r9, fp, sp, lr}
 cb0:	dbd5429a 	blle	0xff551720
 cb4:	f7ff207d 			; <UNDEFINED> instruction: 0xf7ff207d
 cb8:	2300eabe 	movwcs	lr, #2750	; 0xabe
 cbc:	461846b5 			; <UNDEFINED> instruction: 0x461846b5
 cc0:	46bd373c 			; <UNDEFINED> instruction: 0x46bd373c
 cc4:	83f0e8bd 	mvnshi	lr, #12386304	; 0xbd0000
	...
 cd0:	6c6c6548 	cfstr64vs	mvdx6, [ip], #-288	; 0xfffffee0
 cd4:	6f77206f 	svcvs	0x0077206f
 cd8:	21646c72 	smccs	18114	; 0x46c2
 cdc:	0d0a2121 	stfeqs	f2, [sl, #-132]	; 0xffffff7c
 ce0:	52490000 	subpl	r0, r9, #0
 ce4:	6f4d2051 	svcvs	0x004d2051
 ce8:	0a216564 	beq	0x85a280
 cec:	4946000d 	stmdbmi	r6, {r0, r2, r3}^
 cf0:	6f4d2051 	svcvs	0x004d2051
 cf4:	0a216564 	beq	0x85a28c
 cf8:	7250000d 	subsvc	r0, r0, #13
 cfc:	74656665 	strbtvc	r6, [r5], #-1637	; 0xfffff99b
 d00:	41206863 			; <UNDEFINED> instruction: 0x41206863
 d04:	74726f62 	ldrbtvc	r6, [r2], #-3938	; 0xfffff09e
 d08:	000d0a21 	andeq	r0, sp, r1, lsr #20
 d0c:	61746144 	cmnvs	r4, r4, asr #2
 d10:	6f624120 	svcvs	0x00624120
 d14:	0a217472 	beq	0x85dee4
 d18:	6e55000d 	cdpvs	0, 5, cr0, cr5, cr13, {0}
 d1c:	69666564 	stmdbvs	r6!, {r2, r5, r6, r8, sl, sp, lr}^
 d20:	2064656e 	rsbcs	r6, r4, lr, ror #10
 d24:	65637845 	strbvs	r7, [r3, #-2117]!	; 0xfffff7bb
 d28:	6f697470 	svcvs	0x00697470
 d2c:	0d0a216e 	stfeqs	f2, [sl, #-440]	; 0xfffffe48
 d30:	666f5300 	strbtvs	r5, [pc], -r0, lsl #6
 d34:	72617774 	rsbvc	r7, r1, #116, 14	; 0x1d00000
 d38:	6e492065 	cdpvs	0, 4, cr2, cr9, cr5, {3}
 d3c:	72726574 	rsbsvc	r6, r2, #116, 10	; 0x1d000000
 d40:	20747075 	rsbscs	r7, r4, r5, ror r0
 d44:	626d754e 	rsbvs	r7, sp, #327155712	; 0x13800000
 d48:	203a7265 	eorscs	r7, sl, r5, ror #4
 d4c:	30000d0a 	andcc	r0, r0, sl, lsl #26
 d50:	34333231 	ldrtcc	r3, [r3], #-561	; 0xfffffdcf
 d54:	38373635 	ldmdacc	r7!, {r0, r2, r4, r5, r9, sl, ip, sp}
 d58:	43424139 	movtmi	r4, #8505	; 0x2139
 d5c:	00464544 	subeq	r4, r6, r4, asr #10
 d60:	2d2d2d2d 	stccs	13, cr2, [sp, #-180]!	; 0xffffff4c
 d64:	2d2d2d2d 	stccs	13, cr2, [sp, #-180]!	; 0xffffff4c
 d68:	2d2d2d2d 	stccs	13, cr2, [sp, #-180]!	; 0xffffff4c
 d6c:	2d2d2d2d 	stccs	13, cr2, [sp, #-180]!	; 0xffffff4c
 d70:	2d2d2d2d 	stccs	13, cr2, [sp, #-180]!	; 0xffffff4c
 d74:	2d2d2d2d 	stccs	13, cr2, [sp, #-180]!	; 0xffffff4c
 d78:	000d0a2d 	andeq	r0, sp, sp, lsr #20
 d7c:	0a007830 	beq	0x1ee44
 d80:	2020000d 	eorcs	r0, r0, sp
 d84:	0020203a 	eoreq	r2, r0, sl, lsr r0
