
startup.bin: formato do arquivo binary
startup.bin
arquitetura: UNKNOWN!, sinalizações 0x00000000:

começar o endereço 0x00000000

Seções:
Idx Name          Tam.      VMA       LMA       File off  Algn
  0 .data         00001098  00000000  00000000  00000000  2**0
                  CONTENTS, ALLOC, LOAD, DATA
SYMBOL TABLE:
nenhum símbolo



Desmontagem da seção .data:

00000000 <.data>:
       0:	e59ff018 	ldr	pc, [pc, #24]	; 0x20
       4:	e59ff018 	ldr	pc, [pc, #24]	; 0x24
       8:	e59ff018 	ldr	pc, [pc, #24]	; 0x28
       c:	e59ff018 	ldr	pc, [pc, #24]	; 0x2c
      10:	e59ff018 	ldr	pc, [pc, #24]	; 0x30
      14:	e1a00000 	nop			; (mov r0, r0)
      18:	e59ff018 	ldr	pc, [pc, #24]	; 0x38
      1c:	e59ff018 	ldr	pc, [pc, #24]	; 0x3c
      20:	80000040 	andhi	r0, r0, r0, asr #32
      24:	4030ce24 	eorsmi	ip, r0, r4, lsr #28
      28:	4030ce28 	eorsmi	ip, r0, r8, lsr #28
      2c:	4030ce2c 	eorsmi	ip, r0, ip, lsr #28
      30:	4030ce30 	eorsmi	ip, r0, r0, lsr lr
      34:	e1a00000 	nop			; (mov r0, r0)
      38:	4030ce38 	eorsmi	ip, r0, r8, lsr lr
      3c:	4030ce3c 	eorsmi	ip, r0, ip, lsr lr
      40:	e59f312c 	ldr	r3, [pc, #300]	; 0x174
      44:	e3a01000 	mov	r1, #0
      48:	e5c31000 	strb	r1, [r3]
      4c:	e59f3124 	ldr	r3, [pc, #292]	; 0x178
      50:	e3a01000 	mov	r1, #0
      54:	e5c31000 	strb	r1, [r3]
      58:	eb0002a0 	bl	0xae0
      5c:	e10f0000 	mrs	r0, CPSR
      60:	e3c0001f 	bic	r0, r0, #31
      64:	e3800013 	orr	r0, r0, #19
      68:	e38000c0 	orr	r0, r0, #192	; 0xc0
      6c:	e129f000 	msr	CPSR_fc, r0
      70:	e3a000d3 	mov	r0, #211	; 0xd3
      74:	e121f000 	msr	CPSR_c, r0
      78:	e59fd0fc 	ldr	sp, [pc, #252]	; 0x17c
      7c:	e3a000d2 	mov	r0, #210	; 0xd2
      80:	e121f000 	msr	CPSR_c, r0
      84:	e59fd0f4 	ldr	sp, [pc, #244]	; 0x180
      88:	e3a000d1 	mov	r0, #209	; 0xd1
      8c:	e121f000 	msr	CPSR_c, r0
      90:	e59fd0ec 	ldr	sp, [pc, #236]	; 0x184
      94:	e3a000db 	mov	r0, #219	; 0xdb
      98:	e121f000 	msr	CPSR_c, r0
      9c:	e59fd0e4 	ldr	sp, [pc, #228]	; 0x188
      a0:	e3a000d7 	mov	r0, #215	; 0xd7
      a4:	e121f000 	msr	CPSR_c, r0
      a8:	e59fd0dc 	ldr	sp, [pc, #220]	; 0x18c
      ac:	e3a000df 	mov	r0, #223	; 0xdf
      b0:	e121f000 	msr	CPSR_c, r0
      b4:	e59fd0d4 	ldr	sp, [pc, #212]	; 0x190
      b8:	e3a00010 	mov	r0, #16
      bc:	e121f000 	msr	CPSR_c, r0
      c0:	e59fd0cc 	ldr	sp, [pc, #204]	; 0x194
      c4:	e59f00cc 	ldr	r0, [pc, #204]	; 0x198
      c8:	e59f10cc 	ldr	r1, [pc, #204]	; 0x19c
      cc:	e5801000 	str	r1, [r0]
      d0:	e59f00c8 	ldr	r0, [pc, #200]	; 0x1a0
      d4:	e59f10c8 	ldr	r1, [pc, #200]	; 0x1a4
      d8:	e5801000 	str	r1, [r0]
      dc:	eb000287 	bl	0xb00
      e0:	eb0001d2 	bl	0x830
      e4:	eb0002b5 	bl	0xbc0
      e8:	eb000034 	bl	0x1c0
      ec:	e10f0000 	mrs	r0, CPSR
      f0:	e3c00080 	bic	r0, r0, #128	; 0x80
      f4:	e129f000 	msr	CPSR_fc, r0
      f8:	ebffffff 	bl	0xfc
      fc:	e59f00a4 	ldr	r0, [pc, #164]	; 0x1a8
     100:	eb00017a 	bl	0x6f0
     104:	e92d480f 	push	{r0, r1, r2, r3, fp, lr}
     108:	e14fb000 	mrs	fp, SPSR
     10c:	e59f0098 	ldr	r0, [pc, #152]	; 0x1ac
     110:	e5901040 	ldr	r1, [r0, #64]	; 0x40
     114:	e201107f 	and	r1, r1, #127	; 0x7f
     118:	e351004b 	cmp	r1, #75	; 0x4b
     11c:	e3510048 	cmp	r1, #72	; 0x48
     120:	0b000047 	bleq	0x244
     124:	e59f0080 	ldr	r0, [pc, #128]	; 0x1ac
     128:	e3a01001 	mov	r1, #1
     12c:	e5801048 	str	r1, [r0, #72]	; 0x48
     130:	f57ff04f 	dsb	sy
     134:	e169f00b 	msr	SPSR_fc, fp
     138:	e8fd880f 	ldm	sp!, {r0, r1, r2, r3, fp, pc}^
     13c:	eafffffe 	b	0x13c
     140:	eafffffe 	b	0x140
     144:	e92d5fff 	push	{r0, r1, r2, r3, r4, r5, r6, r7, r8, r9, sl, fp, ip, lr}
     148:	e51e0004 	ldr	r0, [lr, #-4]
     14c:	e3c014ff 	bic	r1, r0, #-16777216	; 0xff000000
     150:	e59f0058 	ldr	r0, [pc, #88]	; 0x1b0
     154:	eb000165 	bl	0x6f0
     158:	e1a00001 	mov	r0, r1
     15c:	eb000132 	bl	0x62c
     160:	e59f004c 	ldr	r0, [pc, #76]	; 0x1b4
     164:	eb000161 	bl	0x6f0
     168:	e8fd9fff 	ldm	sp!, {r0, r1, r2, r3, r4, r5, r6, r7, r8, r9, sl, fp, ip, pc}^
     16c:	eafffffe 	b	0x16c
     170:	eafffffe 	b	0x170
     174:	800010d0 	ldrdhi	r1, [r0], -r0
     178:	800010e4 	andhi	r1, r0, r4, ror #1
     17c:	80001700 	andhi	r1, r0, r0, lsl #14
     180:	80001800 	andhi	r1, r0, r0, lsl #16
     184:	80001900 	andhi	r1, r0, r0, lsl #18
     188:	80001500 	andhi	r1, r0, r0, lsl #10
     18c:	80001600 	andhi	r1, r0, r0, lsl #12
     190:	80001400 	andhi	r1, r0, r0, lsl #8
     194:	80001a00 	andhi	r1, r0, r0, lsl #20
     198:	80000038 	andhi	r0, r0, r8, lsr r0
     19c:	80000104 	andhi	r0, r0, r4, lsl #2
     1a0:	80000028 	andhi	r0, r0, r8, lsr #32
     1a4:	80000144 	andhi	r0, r0, r4, asr #2
     1a8:	80000fe0 	andhi	r0, r0, r0, ror #31
     1ac:	48200000 	stmdami	r0!, {}	; <UNPREDICTABLE>
     1b0:	80001041 	andhi	r1, r0, r1, asr #32
     1b4:	8000108f 	andhi	r1, r0, pc, lsl #1
	...
     1c0:	e92d4003 	push	{r0, r1, lr}
     1c4:	e59f02f4 	ldr	r0, [pc, #756]	; 0x4c0
     1c8:	e3a01001 	mov	r1, #1
     1cc:	e5c01000 	strb	r1, [r0]
     1d0:	e3a01002 	mov	r1, #2
     1d4:	e5c01000 	strb	r1, [r0]
     1d8:	e59f02e4 	ldr	r0, [pc, #740]	; 0x4c4
     1dc:	e3a01000 	mov	r1, #0
     1e0:	e5c01048 	strb	r1, [r0, #72]	; 0x48
     1e4:	e59f02dc 	ldr	r0, [pc, #732]	; 0x4c8
     1e8:	e3a01c01 	mov	r1, #256	; 0x100
     1ec:	e58010c8 	str	r1, [r0, #200]	; 0xc8
     1f0:	e8bd8003 	pop	{r0, r1, pc}
     1f4:	e92d4006 	push	{r1, r2, lr}
     1f8:	e59f12cc 	ldr	r1, [pc, #716]	; 0x4cc
     1fc:	e5912014 	ldr	r2, [r1, #20]
     200:	e2022020 	and	r2, r2, #32
     204:	e3520000 	cmp	r2, #0
     208:	0afffffb 	beq	0x1fc
     20c:	e5c10000 	strb	r0, [r1]
     210:	e8bd8006 	pop	{r1, r2, pc}
     214:	e92d4006 	push	{r1, r2, lr}
     218:	e59f12ac 	ldr	r1, [pc, #684]	; 0x4cc
     21c:	e5912014 	ldr	r2, [r1, #20]
     220:	e2022001 	and	r2, r2, #1
     224:	e3520000 	cmp	r2, #0
     228:	0afffffb 	beq	0x21c
     22c:	e5d10000 	ldrb	r0, [r1]
     230:	e8bd8006 	pop	{r1, r2, pc}
     234:	e1a01000 	mov	r1, r0
     238:	e1a00004 	mov	r0, r4
     23c:	e1a04001 	mov	r4, r1
     240:	eb000059 	bl	0x3ac
     244:	e92d403e 	push	{r1, r2, r3, r4, r5, lr}
     248:	ebfffff1 	bl	0x214
     24c:	e350000d 	cmp	r0, #13
     250:	0b000022 	bleq	0x2e0
     254:	e1a01000 	mov	r1, r0
     258:	ebffffe5 	bl	0x1f4
     25c:	e351002c 	cmp	r1, #44	; 0x2c
     260:	0b00001a 	bleq	0x2d0
     264:	e59f1264 	ldr	r1, [pc, #612]	; 0x4d0
     268:	e3a03000 	mov	r3, #0
     26c:	e7d12003 	ldrb	r2, [r1, r3]
     270:	e1500002 	cmp	r0, r2
     274:	0b000003 	bleq	0x288
     278:	e2833001 	add	r3, r3, #1
     27c:	e353000a 	cmp	r3, #10
     280:	1afffff9 	bne	0x26c
     284:	e8bd803e 	pop	{r1, r2, r3, r4, r5, pc}
     288:	e59f1244 	ldr	r1, [pc, #580]	; 0x4d4
     28c:	e5d12000 	ldrb	r2, [r1]
     290:	e3520001 	cmp	r2, #1
     294:	0b000006 	bleq	0x2b4
     298:	e59f3238 	ldr	r3, [pc, #568]	; 0x4d8
     29c:	e5d32000 	ldrb	r2, [r3]
     2a0:	e59f1234 	ldr	r1, [pc, #564]	; 0x4dc
     2a4:	e7c10002 	strb	r0, [r1, r2]
     2a8:	e2822001 	add	r2, r2, #1
     2ac:	e5c32000 	strb	r2, [r3]
     2b0:	e8bd803e 	pop	{r1, r2, r3, r4, r5, pc}
     2b4:	e59f3224 	ldr	r3, [pc, #548]	; 0x4e0
     2b8:	e5d32000 	ldrb	r2, [r3]
     2bc:	e59f1220 	ldr	r1, [pc, #544]	; 0x4e4
     2c0:	e7c10002 	strb	r0, [r1, r2]
     2c4:	e2822001 	add	r2, r2, #1
     2c8:	e5c32000 	strb	r2, [r3]
     2cc:	e8bd803e 	pop	{r1, r2, r3, r4, r5, pc}
     2d0:	e59f11fc 	ldr	r1, [pc, #508]	; 0x4d4
     2d4:	e3a02001 	mov	r2, #1
     2d8:	e5c12000 	strb	r2, [r1]
     2dc:	e8bd803e 	pop	{r1, r2, r3, r4, r5, pc}
     2e0:	e59f0200 	ldr	r0, [pc, #512]	; 0x4e8
     2e4:	eb000101 	bl	0x6f0
     2e8:	e59f41ec 	ldr	r4, [pc, #492]	; 0x4dc
     2ec:	e59f31e4 	ldr	r3, [pc, #484]	; 0x4d8
     2f0:	e5d32000 	ldrb	r2, [r3]
     2f4:	e3520000 	cmp	r2, #0
     2f8:	0b00002c 	bleq	0x3b0
     2fc:	e3a05000 	mov	r5, #0
     300:	e3a01000 	mov	r1, #0
     304:	e7d40005 	ldrb	r0, [r4, r5]
     308:	e2400030 	sub	r0, r0, #48	; 0x30
     30c:	e1a01201 	lsl	r1, r1, #4
     310:	e0811000 	add	r1, r1, r0
     314:	e2855001 	add	r5, r5, #1
     318:	e1550002 	cmp	r5, r2
     31c:	1afffff8 	bne	0x304
     320:	eb000125 	bl	0x7bc
     324:	e59f31c0 	ldr	r3, [pc, #448]	; 0x4ec
     328:	e5c30000 	strb	r0, [r3]
     32c:	e59f31a4 	ldr	r3, [pc, #420]	; 0x4d8
     330:	e3a01000 	mov	r1, #0
     334:	e5c31000 	strb	r1, [r3]
     338:	e59f41a4 	ldr	r4, [pc, #420]	; 0x4e4
     33c:	e59f319c 	ldr	r3, [pc, #412]	; 0x4e0
     340:	e5d32000 	ldrb	r2, [r3]
     344:	e3520000 	cmp	r2, #0
     348:	0b000018 	bleq	0x3b0
     34c:	e3a05000 	mov	r5, #0
     350:	e3a01000 	mov	r1, #0
     354:	e7d40005 	ldrb	r0, [r4, r5]
     358:	e2400030 	sub	r0, r0, #48	; 0x30
     35c:	e1a01201 	lsl	r1, r1, #4
     360:	e0811000 	add	r1, r1, r0
     364:	e2855001 	add	r5, r5, #1
     368:	e1550002 	cmp	r5, r2
     36c:	1afffff8 	bne	0x354
     370:	eb000111 	bl	0x7bc
     374:	e59f3174 	ldr	r3, [pc, #372]	; 0x4f0
     378:	e5c30000 	strb	r0, [r3]
     37c:	e59f315c 	ldr	r3, [pc, #348]	; 0x4e0
     380:	e3a01000 	mov	r1, #0
     384:	e5c31000 	strb	r1, [r3]
     388:	e59f3144 	ldr	r3, [pc, #324]	; 0x4d4
     38c:	e3a01000 	mov	r1, #0
     390:	e5c31000 	strb	r1, [r3]
     394:	e59f3150 	ldr	r3, [pc, #336]	; 0x4ec
     398:	e5d34000 	ldrb	r4, [r3]
     39c:	e59f314c 	ldr	r3, [pc, #332]	; 0x4f0
     3a0:	e5d30000 	ldrb	r0, [r3]
     3a4:	e1540000 	cmp	r4, r0
     3a8:	caffffa1 	bgt	0x234
     3ac:	eb000009 	bl	0x3d8
     3b0:	e59f3120 	ldr	r3, [pc, #288]	; 0x4d8
     3b4:	e3a01000 	mov	r1, #0
     3b8:	e5c31000 	strb	r1, [r3]
     3bc:	e59f311c 	ldr	r3, [pc, #284]	; 0x4e0
     3c0:	e3a01000 	mov	r1, #0
     3c4:	e5c31000 	strb	r1, [r3]
     3c8:	e59f3104 	ldr	r3, [pc, #260]	; 0x4d4
     3cc:	e3a01000 	mov	r1, #0
     3d0:	e5c31000 	strb	r1, [r3]
     3d4:	e8bd803e 	pop	{r1, r2, r3, r4, r5, pc}
     3d8:	e92d403e 	push	{r1, r2, r3, r4, r5, lr}
     3dc:	e0401004 	sub	r1, r0, r4
     3e0:	e3510000 	cmp	r1, #0
     3e4:	0a000028 	beq	0x48c
     3e8:	e2811001 	add	r1, r1, #1
     3ec:	e3a02000 	mov	r2, #0
     3f0:	e3540000 	cmp	r4, #0
     3f4:	0b000120 	bleq	0x87c
     3f8:	e3540001 	cmp	r4, #1
     3fc:	0b000123 	bleq	0x890
     400:	e3540002 	cmp	r4, #2
     404:	0b000127 	bleq	0x8a8
     408:	e3540003 	cmp	r4, #3
     40c:	0b00012b 	bleq	0x8c0
     410:	e3540004 	cmp	r4, #4
     414:	0b00012f 	bleq	0x8d8
     418:	e3540005 	cmp	r4, #5
     41c:	0b000133 	bleq	0x8f0
     420:	e3540006 	cmp	r4, #6
     424:	0b000137 	bleq	0x908
     428:	e3540007 	cmp	r4, #7
     42c:	0b00013b 	bleq	0x920
     430:	e3540008 	cmp	r4, #8
     434:	0b00013f 	bleq	0x938
     438:	e3540009 	cmp	r4, #9
     43c:	0b000143 	bleq	0x950
     440:	e354000a 	cmp	r4, #10
     444:	0b000147 	bleq	0x968
     448:	e354000b 	cmp	r4, #11
     44c:	0b00014b 	bleq	0x980
     450:	e354000c 	cmp	r4, #12
     454:	0b00014f 	bleq	0x998
     458:	e354000d 	cmp	r4, #13
     45c:	0b000153 	bleq	0x9b0
     460:	e354000e 	cmp	r4, #14
     464:	0b000157 	bleq	0x9c8
     468:	e354000f 	cmp	r4, #15
     46c:	0b00015b 	bleq	0x9e0
     470:	e59f0070 	ldr	r0, [pc, #112]	; 0x4e8
     474:	eb00009d 	bl	0x6f0
     478:	e2844001 	add	r4, r4, #1
     47c:	e2822001 	add	r2, r2, #1
     480:	e1520001 	cmp	r2, r1
     484:	1affffd9 	bne	0x3f0
     488:	e8bd803e 	pop	{r1, r2, r3, r4, r5, pc}
     48c:	e59f0060 	ldr	r0, [pc, #96]	; 0x4f4
     490:	eb000096 	bl	0x6f0
     494:	e8bd803e 	pop	{r1, r2, r3, r4, r5, pc}
     498:	6f727245 	svcvs	0x00727245
     49c:	756e203a 	strbvc	r2, [lr, #-58]!	; 0xffffffc6
     4a0:	6f72656d 	svcvs	0x0072656d
     4a4:	67692073 			; <UNDEFINED> instruction: 0x67692073
     4a8:	73696175 	cmnvc	r9, #1073741853	; 0x4000001d
     4ac:	00000d0a 	andeq	r0, r0, sl, lsl #26
     4b0:	33323130 	teqcc	r2, #48, 2
     4b4:	37363534 			; <UNDEFINED> instruction: 0x37363534
     4b8:	0d0a3938 	vstreq.16	s6, [sl, #-112]	; 0xffffff90	; <UNPREDICTABLE>
     4bc:	000d0a00 	andeq	r0, sp, r0, lsl #20
     4c0:	44e09004 	strbtmi	r9, [r0], #4
     4c4:	48200100 	stmdami	r0!, {r8}
     4c8:	48200000 	stmdami	r0!, {}	; <UNPREDICTABLE>
     4cc:	44e09000 	strbtmi	r9, [r0], #0
     4d0:	800004b0 			; <UNDEFINED> instruction: 0x800004b0
     4d4:	800010f0 	strdhi	r1, [r0], -r0
     4d8:	800010d0 	ldrdhi	r1, [r0], -r0
     4dc:	800010c0 	andhi	r1, r0, r0, asr #1
     4e0:	800010e4 	andhi	r1, r0, r4, ror #1
     4e4:	800010d4 	ldrdhi	r1, [r0], -r4
     4e8:	800004bd 			; <UNDEFINED> instruction: 0x800004bd
     4ec:	800010e8 	andhi	r1, r0, r8, ror #1
     4f0:	800010ec 	andhi	r1, r0, ip, ror #1
     4f4:	80000498 	mulhi	r0, r8, r4
	...
     500:	e92d4007 	push	{r0, r1, r2, lr}
     504:	e3a02000 	mov	r2, #0
     508:	e3a0100a 	mov	r1, #10
     50c:	e1500001 	cmp	r0, r1
     510:	ba000003 	blt	0x524
     514:	eb00000a 	bl	0x544
     518:	e92d0002 	stmfd	sp!, {r1}
     51c:	e2822001 	add	r2, r2, #1
     520:	eafffff8 	b	0x508
     524:	e2800030 	add	r0, r0, #48	; 0x30
     528:	ebffff31 	bl	0x1f4
     52c:	e3520000 	cmp	r2, #0
     530:	da000002 	ble	0x540
     534:	e2422001 	sub	r2, r2, #1
     538:	e8bd0001 	ldmfd	sp!, {r0}
     53c:	eafffff8 	b	0x524
     540:	e8bd8007 	pop	{r0, r1, r2, pc}
     544:	e92d401c 	push	{r2, r3, r4, lr}
     548:	e1a02000 	mov	r2, r0
     54c:	e1a03001 	mov	r3, r1
     550:	e3a00000 	mov	r0, #0
     554:	e1520003 	cmp	r2, r3
     558:	ba000002 	blt	0x568
     55c:	e0422003 	sub	r2, r2, r3
     560:	e2800001 	add	r0, r0, #1
     564:	eafffffa 	b	0x554
     568:	e1a01002 	mov	r1, r2
     56c:	e8bd801c 	pop	{r2, r3, r4, pc}
     570:	e92d4007 	push	{r0, r1, r2, lr}
     574:	e0811000 	add	r1, r1, r0
     578:	e3a02000 	mov	r2, #0
     57c:	e1500001 	cmp	r0, r1
     580:	b4802004 	strlt	r2, [r0], #4
     584:	bafffffc 	blt	0x57c
     588:	e8bd8007 	pop	{r0, r1, r2, pc}
     58c:	e92d400f 	push	{r0, r1, r2, r3, lr}
     590:	e1a02000 	mov	r2, r0
     594:	e1a03001 	mov	r3, r1
     598:	e59f0264 	ldr	r0, [pc, #612]	; 0x804
     59c:	e3a01002 	mov	r1, #2
     5a0:	eb00005b 	bl	0x714
     5a4:	e1a00002 	mov	r0, r2
     5a8:	eb00001f 	bl	0x62c
     5ac:	e59f0254 	ldr	r0, [pc, #596]	; 0x808
     5b0:	e3a01005 	mov	r1, #5
     5b4:	eb000056 	bl	0x714
     5b8:	e59f0244 	ldr	r0, [pc, #580]	; 0x804
     5bc:	e3a01002 	mov	r1, #2
     5c0:	eb000053 	bl	0x714
     5c4:	e4920004 	ldr	r0, [r2], #4
     5c8:	eb000017 	bl	0x62c
     5cc:	e59f0238 	ldr	r0, [pc, #568]	; 0x80c
     5d0:	e3a01002 	mov	r1, #2
     5d4:	eb00004e 	bl	0x714
     5d8:	e2533004 	subs	r3, r3, #4
     5dc:	1affffed 	bne	0x598
     5e0:	e8bd800f 	pop	{r0, r1, r2, r3, pc}
     5e4:	e3e0120f 	mvn	r1, #-268435456	; 0xf0000000
     5e8:	e2411001 	sub	r1, r1, #1
     5ec:	e3510000 	cmp	r1, #0
     5f0:	1afffffc 	bne	0x5e8
     5f4:	e12fff1e 	bx	lr
     5f8:	e92d4007 	push	{r0, r1, r2, lr}
     5fc:	e59f020c 	ldr	r0, [pc, #524]	; 0x810
     600:	e5d01000 	ldrb	r1, [r0]
     604:	e5d02000 	ldrb	r2, [r0]
     608:	e1520001 	cmp	r2, r1
     60c:	0afffffc 	beq	0x604
     610:	e8bd8007 	pop	{r0, r1, r2, pc}
     614:	e2800030 	add	r0, r0, #48	; 0x30
     618:	e12fff1e 	bx	lr
     61c:	e92d4007 	push	{r0, r1, r2, lr}
     620:	e59f11ec 	ldr	r1, [pc, #492]	; 0x814
     624:	e7d10000 	ldrb	r0, [r1, r0]
     628:	e8bd8007 	pop	{r0, r1, r2, pc}
     62c:	e92d400f 	push	{r0, r1, r2, r3, lr}
     630:	e1a01000 	mov	r1, r0
     634:	e3a00000 	mov	r0, #0
     638:	e3a0301c 	mov	r3, #28
     63c:	e59f21d0 	ldr	r2, [pc, #464]	; 0x814
     640:	e1a00331 	lsr	r0, r1, r3
     644:	e200000f 	and	r0, r0, #15
     648:	e7d20000 	ldrb	r0, [r2, r0]
     64c:	ebfffee8 	bl	0x1f4
     650:	e2533004 	subs	r3, r3, #4
     654:	1afffff9 	bne	0x640
     658:	e1a00001 	mov	r0, r1
     65c:	e200000f 	and	r0, r0, #15
     660:	e7d20000 	ldrb	r0, [r2, r0]
     664:	ebfffee2 	bl	0x1f4
     668:	e8bd800f 	pop	{r0, r1, r2, r3, pc}
     66c:	e92d400e 	push	{r1, r2, r3, lr}
     670:	e1a02000 	mov	r2, r0
     674:	e3a00000 	mov	r0, #0
     678:	e3510000 	cmp	r1, #0
     67c:	0a000003 	beq	0x690
     680:	e4d23001 	ldrb	r3, [r2], #1
     684:	e0800003 	add	r0, r0, r3
     688:	e2411001 	sub	r1, r1, #1
     68c:	eafffff9 	b	0x678
     690:	e8bd800e 	pop	{r1, r2, r3, pc}
     694:	e92d401e 	push	{r1, r2, r3, r4, lr}
     698:	e1a04001 	mov	r4, r1
     69c:	e1a01002 	mov	r1, r2
     6a0:	ebfffff1 	bl	0x66c
     6a4:	e1a03000 	mov	r3, r0
     6a8:	e1a00004 	mov	r0, r4
     6ac:	ebffffee 	bl	0x66c
     6b0:	e0430000 	sub	r0, r3, r0
     6b4:	e8bd801e 	pop	{r1, r2, r3, r4, pc}
     6b8:	e92d407e 	push	{r1, r2, r3, r4, r5, r6, lr}
     6bc:	e1a03000 	mov	r3, r0
     6c0:	e1a04001 	mov	r4, r1
     6c4:	e1a00002 	mov	r0, r2
     6c8:	e3520000 	cmp	r2, #0
     6cc:	0a000006 	beq	0x6ec
     6d0:	e4d35001 	ldrb	r5, [r3], #1
     6d4:	e4d46001 	ldrb	r6, [r4], #1
     6d8:	e1550006 	cmp	r5, r6
     6dc:	1a000002 	bne	0x6ec
     6e0:	e2400001 	sub	r0, r0, #1
     6e4:	e2422001 	sub	r2, r2, #1
     6e8:	eafffff6 	b	0x6c8
     6ec:	e8bd807e 	pop	{r1, r2, r3, r4, r5, r6, pc}
     6f0:	e92d4007 	push	{r0, r1, r2, lr}
     6f4:	e1a01000 	mov	r1, r0
     6f8:	e4d10001 	ldrb	r0, [r1], #1
     6fc:	e20000ff 	and	r0, r0, #255	; 0xff
     700:	e3500000 	cmp	r0, #0
     704:	0a000001 	beq	0x710
     708:	ebfffeb9 	bl	0x1f4
     70c:	eafffff9 	b	0x6f8
     710:	e8bd8007 	pop	{r0, r1, r2, pc}
     714:	e92d4007 	push	{r0, r1, r2, lr}
     718:	e1a02000 	mov	r2, r0
     71c:	e4d20001 	ldrb	r0, [r2], #1
     720:	ebfffeb3 	bl	0x1f4
     724:	e2511001 	subs	r1, r1, #1
     728:	0afffff8 	beq	0x710
     72c:	eafffffa 	b	0x71c
     730:	e8bd8007 	pop	{r0, r1, r2, pc}
     734:	e59fc0dc 	ldr	ip, [pc, #220]	; 0x818
     738:	e8ac4ff0 	stmia	ip!, {r4, r5, r6, r7, r8, r9, sl, fp, lr}
     73c:	e1a04000 	mov	r4, r0
     740:	e3a05000 	mov	r5, #0
     744:	e4d40001 	ldrb	r0, [r4], #1
     748:	e3500025 	cmp	r0, #37	; 0x25
     74c:	0a000003 	beq	0x760
     750:	e3500000 	cmp	r0, #0
     754:	0a000017 	beq	0x7b8
     758:	ebfffea5 	bl	0x1f4
     75c:	eafffff8 	b	0x744
     760:	e2855001 	add	r5, r5, #1
     764:	e3550001 	cmp	r5, #1
     768:	01a00001 	moveq	r0, r1
     76c:	0a000006 	beq	0x78c
     770:	e3550002 	cmp	r5, #2
     774:	01a00002 	moveq	r0, r2
     778:	0a000003 	beq	0x78c
     77c:	e3550003 	cmp	r5, #3
     780:	01a00003 	moveq	r0, r3
     784:	0a000000 	beq	0x78c
     788:	e8bd0001 	ldmfd	sp!, {r0}
     78c:	e4d46001 	ldrb	r6, [r4], #1
     790:	e3560073 	cmp	r6, #115	; 0x73
     794:	059f7080 	ldreq	r7, [pc, #128]	; 0x81c
     798:	e3560064 	cmp	r6, #100	; 0x64
     79c:	059f707c 	ldreq	r7, [pc, #124]	; 0x820
     7a0:	e3560063 	cmp	r6, #99	; 0x63
     7a4:	059f7078 	ldreq	r7, [pc, #120]	; 0x824
     7a8:	e3560078 	cmp	r6, #120	; 0x78
     7ac:	059f7074 	ldreq	r7, [pc, #116]	; 0x828
     7b0:	e12fff37 	blx	r7
     7b4:	eaffffe2 	b	0x744
     7b8:	e93c8ff0 	ldmdb	ip!, {r4, r5, r6, r7, r8, r9, sl, fp, pc}
     7bc:	e92d403e 	push	{r1, r2, r3, r4, r5, lr}
     7c0:	e3a02001 	mov	r2, #1
     7c4:	e3a0300a 	mov	r3, #10
     7c8:	e3a05000 	mov	r5, #0
     7cc:	e3a08000 	mov	r8, #0
     7d0:	e1a04001 	mov	r4, r1
     7d4:	e204400f 	and	r4, r4, #15
     7d8:	e0060294 	mul	r6, r4, r2
     7dc:	e1a04006 	mov	r4, r6
     7e0:	e0070392 	mul	r7, r2, r3
     7e4:	e1a02007 	mov	r2, r7
     7e8:	e0855004 	add	r5, r5, r4
     7ec:	e1a01221 	lsr	r1, r1, #4
     7f0:	e2888001 	add	r8, r8, #1
     7f4:	e3580007 	cmp	r8, #7
     7f8:	1afffff4 	bne	0x7d0
     7fc:	e1a00005 	mov	r0, r5
     800:	e8bd803e 	pop	{r1, r2, r3, r4, r5, pc}
     804:	8000108c 	andhi	r1, r0, ip, lsl #1
     808:	80001092 	mulhi	r0, r2, r0
     80c:	8000108f 	andhi	r1, r0, pc, lsl #1
     810:	44e3e000 	strbtmi	lr, [r3], #0
     814:	8000105f 	andhi	r1, r0, pc, asr r0
     818:	80001100 	andhi	r1, r0, r0, lsl #2
     81c:	800006f0 	strdhi	r0, [r0], -r0	; <UNPREDICTABLE>
     820:	80000500 	andhi	r0, r0, r0, lsl #10
     824:	800001f4 	strdhi	r0, [r0], -r4
     828:	8000062c 	andhi	r0, r0, ip, lsr #12
     82c:	00000000 	andeq	r0, r0, r0
     830:	e92d4003 	push	{r0, r1, lr}
     834:	e59f0254 	ldr	r0, [pc, #596]	; 0xa90
     838:	e59f1254 	ldr	r1, [pc, #596]	; 0xa94
     83c:	e5801048 	str	r1, [r0, #72]	; 0x48
     840:	eb000003 	bl	0x854
     844:	e59f124c 	ldr	r1, [pc, #588]	; 0xa98
     848:	e5801048 	str	r1, [r0, #72]	; 0x48
     84c:	eb000000 	bl	0x854
     850:	e8bd8003 	pop	{r0, r1, pc}
     854:	e5901034 	ldr	r1, [r0, #52]	; 0x34
     858:	e2011010 	and	r1, r1, #16
     85c:	e3510000 	cmp	r1, #0
     860:	1afffffb 	bne	0x854
     864:	e12fff1e 	bx	lr
     868:	e92d4003 	push	{r0, r1, lr}
     86c:	e59f021c 	ldr	r0, [pc, #540]	; 0xa90
     870:	e3a01000 	mov	r1, #0
     874:	e5801034 	str	r1, [r0, #52]	; 0x34
     878:	e8bd8003 	pop	{r0, r1, pc}
     87c:	e92d403f 	push	{r0, r1, r2, r3, r4, r5, lr}
     880:	e59f0214 	ldr	r0, [pc, #532]	; 0xa9c
     884:	ebffff99 	bl	0x6f0
     888:	ebffff67 	bl	0x62c
     88c:	e8bd803f 	pop	{r0, r1, r2, r3, r4, r5, pc}
     890:	e92d403f 	push	{r0, r1, r2, r3, r4, r5, lr}
     894:	e59f0204 	ldr	r0, [pc, #516]	; 0xaa0
     898:	ebffff94 	bl	0x6f0
     89c:	e1a00001 	mov	r0, r1
     8a0:	ebffff61 	bl	0x62c
     8a4:	e8bd803f 	pop	{r0, r1, r2, r3, r4, r5, pc}
     8a8:	e92d403f 	push	{r0, r1, r2, r3, r4, r5, lr}
     8ac:	e59f01f0 	ldr	r0, [pc, #496]	; 0xaa4
     8b0:	ebffff8e 	bl	0x6f0
     8b4:	e1a00002 	mov	r0, r2
     8b8:	ebffff5b 	bl	0x62c
     8bc:	e8bd803f 	pop	{r0, r1, r2, r3, r4, r5, pc}
     8c0:	e92d403f 	push	{r0, r1, r2, r3, r4, r5, lr}
     8c4:	e59f01dc 	ldr	r0, [pc, #476]	; 0xaa8
     8c8:	ebffff88 	bl	0x6f0
     8cc:	e1a00003 	mov	r0, r3
     8d0:	ebffff55 	bl	0x62c
     8d4:	e8bd803f 	pop	{r0, r1, r2, r3, r4, r5, pc}
     8d8:	e92d403f 	push	{r0, r1, r2, r3, r4, r5, lr}
     8dc:	e59f01c8 	ldr	r0, [pc, #456]	; 0xaac
     8e0:	ebffff82 	bl	0x6f0
     8e4:	e1a00004 	mov	r0, r4
     8e8:	ebffff4f 	bl	0x62c
     8ec:	e8bd803f 	pop	{r0, r1, r2, r3, r4, r5, pc}
     8f0:	e92d403f 	push	{r0, r1, r2, r3, r4, r5, lr}
     8f4:	e59f01b4 	ldr	r0, [pc, #436]	; 0xab0
     8f8:	ebffff7c 	bl	0x6f0
     8fc:	e1a00005 	mov	r0, r5
     900:	ebffff49 	bl	0x62c
     904:	e8bd803f 	pop	{r0, r1, r2, r3, r4, r5, pc}
     908:	e92d403f 	push	{r0, r1, r2, r3, r4, r5, lr}
     90c:	e59f01a0 	ldr	r0, [pc, #416]	; 0xab4
     910:	ebffff76 	bl	0x6f0
     914:	e1a00006 	mov	r0, r6
     918:	ebffff43 	bl	0x62c
     91c:	e8bd803f 	pop	{r0, r1, r2, r3, r4, r5, pc}
     920:	e92d403f 	push	{r0, r1, r2, r3, r4, r5, lr}
     924:	e59f018c 	ldr	r0, [pc, #396]	; 0xab8
     928:	ebffff70 	bl	0x6f0
     92c:	e1a00007 	mov	r0, r7
     930:	ebffff3d 	bl	0x62c
     934:	e8bd803f 	pop	{r0, r1, r2, r3, r4, r5, pc}
     938:	e92d403f 	push	{r0, r1, r2, r3, r4, r5, lr}
     93c:	e59f0178 	ldr	r0, [pc, #376]	; 0xabc
     940:	ebffff6a 	bl	0x6f0
     944:	e1a00008 	mov	r0, r8
     948:	ebffff37 	bl	0x62c
     94c:	e8bd803f 	pop	{r0, r1, r2, r3, r4, r5, pc}
     950:	e92d403f 	push	{r0, r1, r2, r3, r4, r5, lr}
     954:	e59f0164 	ldr	r0, [pc, #356]	; 0xac0
     958:	ebffff64 	bl	0x6f0
     95c:	e1a00009 	mov	r0, r9
     960:	ebffff31 	bl	0x62c
     964:	e8bd803f 	pop	{r0, r1, r2, r3, r4, r5, pc}
     968:	e92d403f 	push	{r0, r1, r2, r3, r4, r5, lr}
     96c:	e59f0150 	ldr	r0, [pc, #336]	; 0xac4
     970:	ebffff5e 	bl	0x6f0
     974:	e1a0000a 	mov	r0, sl
     978:	ebffff2b 	bl	0x62c
     97c:	e8bd803f 	pop	{r0, r1, r2, r3, r4, r5, pc}
     980:	e92d403f 	push	{r0, r1, r2, r3, r4, r5, lr}
     984:	e59f013c 	ldr	r0, [pc, #316]	; 0xac8
     988:	ebffff58 	bl	0x6f0
     98c:	e1a0000b 	mov	r0, fp
     990:	ebffff25 	bl	0x62c
     994:	e8bd803f 	pop	{r0, r1, r2, r3, r4, r5, pc}
     998:	e92d403f 	push	{r0, r1, r2, r3, r4, r5, lr}
     99c:	e59f0128 	ldr	r0, [pc, #296]	; 0xacc
     9a0:	ebffff52 	bl	0x6f0
     9a4:	e1a0000c 	mov	r0, ip
     9a8:	ebffff1f 	bl	0x62c
     9ac:	e8bd803f 	pop	{r0, r1, r2, r3, r4, r5, pc}
     9b0:	e92d403f 	push	{r0, r1, r2, r3, r4, r5, lr}
     9b4:	e59f0114 	ldr	r0, [pc, #276]	; 0xad0
     9b8:	ebffff4c 	bl	0x6f0
     9bc:	e1a0000d 	mov	r0, sp
     9c0:	ebffff19 	bl	0x62c
     9c4:	e8bd803f 	pop	{r0, r1, r2, r3, r4, r5, pc}
     9c8:	e92d403f 	push	{r0, r1, r2, r3, r4, r5, lr}
     9cc:	e59f0100 	ldr	r0, [pc, #256]	; 0xad4
     9d0:	ebffff46 	bl	0x6f0
     9d4:	e1a0000e 	mov	r0, lr
     9d8:	ebffff13 	bl	0x62c
     9dc:	e8bd803f 	pop	{r0, r1, r2, r3, r4, r5, pc}
     9e0:	e92d403f 	push	{r0, r1, r2, r3, r4, r5, lr}
     9e4:	e59f00ec 	ldr	r0, [pc, #236]	; 0xad8
     9e8:	ebffff40 	bl	0x6f0
     9ec:	e1a0000f 	mov	r0, pc
     9f0:	ebffff0d 	bl	0x62c
     9f4:	e8bd803f 	pop	{r0, r1, r2, r3, r4, r5, pc}
     9f8:	3a203052 	bcc	0x80cb48
     9fc:	00783020 	rsbseq	r3, r8, r0, lsr #32
     a00:	20315200 	eorscs	r5, r1, r0, lsl #4
     a04:	7830203a 	ldmdavc	r0!, {r1, r3, r4, r5, sp}
     a08:	32520000 	subscc	r0, r2, #0
     a0c:	30203a20 	eorcc	r3, r0, r0, lsr #20
     a10:	52000078 	andpl	r0, r0, #120	; 0x78
     a14:	203a2033 	eorscs	r2, sl, r3, lsr r0
     a18:	00007830 	andeq	r7, r0, r0, lsr r8
     a1c:	3a203452 	bcc	0x80db6c
     a20:	00783020 	rsbseq	r3, r8, r0, lsr #32
     a24:	20355200 	eorscs	r5, r5, r0, lsl #4
     a28:	7830203a 	ldmdavc	r0!, {r1, r3, r4, r5, sp}
     a2c:	36520000 	ldrbcc	r0, [r2], -r0
     a30:	30203a20 	eorcc	r3, r0, r0, lsr #20
     a34:	52000078 	andpl	r0, r0, #120	; 0x78
     a38:	203a2037 	eorscs	r2, sl, r7, lsr r0
     a3c:	00007830 	andeq	r7, r0, r0, lsr r8
     a40:	3a203852 	bcc	0x80eb90
     a44:	00783020 	rsbseq	r3, r8, r0, lsr #32
     a48:	20395200 	eorscs	r5, r9, r0, lsl #4
     a4c:	7830203a 	ldmdavc	r0!, {r1, r3, r4, r5, sp}
     a50:	31520000 	cmpcc	r2, r0
     a54:	203a2030 	eorscs	r2, sl, r0, lsr r0
     a58:	00007830 	andeq	r7, r0, r0, lsr r8
     a5c:	20313152 	eorscs	r3, r1, r2, asr r1
     a60:	7830203a 	ldmdavc	r0!, {r1, r3, r4, r5, sp}
     a64:	31520000 	cmpcc	r2, r0
     a68:	203a2032 	eorscs	r2, sl, r2, lsr r0
     a6c:	00007830 	andeq	r7, r0, r0, lsr r8
     a70:	20333152 	eorscs	r3, r3, r2, asr r1
     a74:	7830203a 	ldmdavc	r0!, {r1, r3, r4, r5, sp}
     a78:	31520000 	cmpcc	r2, r0
     a7c:	203a2034 	eorscs	r2, sl, r4, lsr r0
     a80:	00007830 	andeq	r7, r0, r0, lsr r8
     a84:	20353152 	eorscs	r3, r5, r2, asr r1
     a88:	7830203a 	ldmdavc	r0!, {r1, r3, r4, r5, sp}
     a8c:	00000000 	andeq	r0, r0, r0
     a90:	44e35000 	strbtmi	r5, [r3], #0
     a94:	0000aaaa 	andeq	sl, r0, sl, lsr #21
     a98:	00005555 	andeq	r5, r0, r5, asr r5
     a9c:	800009f8 	strdhi	r0, [r0], -r8
     aa0:	80000a01 	andhi	r0, r0, r1, lsl #20
     aa4:	80000a0a 	andhi	r0, r0, sl, lsl #20
     aa8:	80000a13 	andhi	r0, r0, r3, lsl sl
     aac:	80000a1c 	andhi	r0, r0, ip, lsl sl
     ab0:	80000a25 	andhi	r0, r0, r5, lsr #20
     ab4:	80000a2e 	andhi	r0, r0, lr, lsr #20
     ab8:	80000a37 	andhi	r0, r0, r7, lsr sl
     abc:	80000a40 	andhi	r0, r0, r0, asr #20
     ac0:	80000a49 	andhi	r0, r0, r9, asr #20
     ac4:	80000a52 	andhi	r0, r0, r2, asr sl
     ac8:	80000a5c 	andhi	r0, r0, ip, asr sl
     acc:	80000a66 	andhi	r0, r0, r6, ror #20
     ad0:	80000a70 	andhi	r0, r0, r0, ror sl
     ad4:	80000a7a 	andhi	r0, r0, sl, ror sl
     ad8:	80000a84 	andhi	r0, r0, r4, lsl #21
     adc:	00000000 	andeq	r0, r0, r0
     ae0:	e92d4007 	push	{r0, r1, r2, lr}
     ae4:	ee110f10 	mrc	15, 0, r0, cr1, cr0, {0}
     ae8:	e3c00a02 	bic	r0, r0, #8192	; 0x2000
     aec:	ee010f10 	mcr	15, 0, r0, cr1, cr0, {0}
     af0:	e59f0004 	ldr	r0, [pc, #4]	; 0xafc
     af4:	ee0c0f10 	mcr	15, 0, r0, cr12, cr0, {0}
     af8:	e8bd8007 	pop	{r0, r1, r2, pc}
     afc:	80000000 	andhi	r0, r0, r0
     b00:	e59f0098 	ldr	r0, [pc, #152]	; 0xba0
     b04:	e59f1098 	ldr	r1, [pc, #152]	; 0xba4
     b08:	e5801000 	str	r1, [r0]
     b0c:	e59f0094 	ldr	r0, [pc, #148]	; 0xba8
     b10:	e5901000 	ldr	r1, [r0]
     b14:	e3c1161e 	bic	r1, r1, #31457280	; 0x1e00000
     b18:	e5801000 	str	r1, [r0]
     b1c:	e12fff1e 	bx	lr
     b20:	e92d401f 	push	{r0, r1, r2, r3, r4, lr}
     b24:	e59f0080 	ldr	r0, [pc, #128]	; 0xbac
     b28:	e3a01602 	mov	r1, #2097152	; 0x200000
     b2c:	e5801000 	str	r1, [r0]
     b30:	e8bd801f 	pop	{r0, r1, r2, r3, r4, pc}
     b34:	e92d401f 	push	{r0, r1, r2, r3, r4, lr}
     b38:	e59f0070 	ldr	r0, [pc, #112]	; 0xbb0
     b3c:	e3a01602 	mov	r1, #2097152	; 0x200000
     b40:	e5801000 	str	r1, [r0]
     b44:	e8bd801f 	pop	{r0, r1, r2, r3, r4, pc}
     b48:	e92d401f 	push	{r0, r1, r2, r3, r4, lr}
     b4c:	e1a04000 	mov	r4, r0
     b50:	ebfffff2 	bl	0xb20
     b54:	ebfffea2 	bl	0x5e4
     b58:	ebfffff5 	bl	0xb34
     b5c:	ebfffea0 	bl	0x5e4
     b60:	e2444001 	sub	r4, r4, #1
     b64:	e3540000 	cmp	r4, #0
     b68:	1afffff8 	bne	0xb50
     b6c:	e8bd801f 	pop	{r0, r1, r2, r3, r4, pc}
     b70:	e92d401f 	push	{r0, r1, r2, r3, r4, lr}
     b74:	e59f0034 	ldr	r0, [pc, #52]	; 0xbb0
     b78:	e3a0161e 	mov	r1, #31457280	; 0x1e00000
     b7c:	e5801000 	str	r1, [r0]
     b80:	e59f0024 	ldr	r0, [pc, #36]	; 0xbac
     b84:	e1a01a83 	lsl	r1, r3, #21
     b88:	e5801000 	str	r1, [r0]
     b8c:	ebfffe94 	bl	0x5e4
     b90:	e59f0018 	ldr	r0, [pc, #24]	; 0xbb0
     b94:	e3a0161e 	mov	r1, #31457280	; 0x1e00000
     b98:	e5801000 	str	r1, [r0]
     b9c:	e8bd801f 	pop	{r0, r1, r2, r3, r4, pc}
     ba0:	44e000ac 	strbtmi	r0, [r0], #172	; 0xac
     ba4:	00040002 	andeq	r0, r4, r2
     ba8:	4804c134 	stmdami	r4, {r2, r4, r5, r8, lr, pc}
     bac:	4804c194 	stmdami	r4, {r2, r4, r7, r8, lr, pc}
     bb0:	4804c190 	stmdami	r4, {r4, r7, r8, lr, pc}
	...
     bc0:	e92d4003 	push	{r0, r1, lr}
     bc4:	e59f0100 	ldr	r0, [pc, #256]	; 0xccc
     bc8:	e3a01002 	mov	r1, #2
     bcc:	e5801000 	str	r1, [r0]
     bd0:	e59f00f8 	ldr	r0, [pc, #248]	; 0xcd0
     bd4:	e5801000 	str	r1, [r0]
     bd8:	e59f00f4 	ldr	r0, [pc, #244]	; 0xcd4
     bdc:	e59f10f4 	ldr	r1, [pc, #244]	; 0xcd8
     be0:	e580106c 	str	r1, [r0, #108]	; 0x6c
     be4:	e59f10f0 	ldr	r1, [pc, #240]	; 0xcdc
     be8:	e5801070 	str	r1, [r0, #112]	; 0x70
     bec:	e3a01048 	mov	r1, #72	; 0x48
     bf0:	e5801054 	str	r1, [r0, #84]	; 0x54
     bf4:	e3a01004 	mov	r1, #4
     bf8:	e5801048 	str	r1, [r0, #72]	; 0x48
     bfc:	e59f00d0 	ldr	r0, [pc, #208]	; 0xcd4
     c00:	e3a01001 	mov	r1, #1
     c04:	e5801040 	str	r1, [r0, #64]	; 0x40
     c08:	e5901044 	ldr	r1, [r0, #68]	; 0x44
     c0c:	e2011001 	and	r1, r1, #1
     c10:	e3510000 	cmp	r1, #0
     c14:	1afffffb 	bne	0xc08
     c18:	e59f00c0 	ldr	r0, [pc, #192]	; 0xce0
     c1c:	e3a01000 	mov	r1, #0
     c20:	e5c0104b 	strb	r1, [r0, #75]	; 0x4b
     c24:	e59f00b8 	ldr	r0, [pc, #184]	; 0xce4
     c28:	e3a01b02 	mov	r1, #2048	; 0x800
     c2c:	e58010c8 	str	r1, [r0, #200]	; 0xc8
     c30:	e8bd8003 	pop	{r0, r1, pc}
     c34:	e92d4007 	push	{r0, r1, r2, lr}
     c38:	e1a02000 	mov	r2, r0
     c3c:	e2020070 	and	r0, r2, #112	; 0x70
     c40:	e1a00220 	lsr	r0, r0, #4
     c44:	ebfffe72 	bl	0x614
     c48:	ebfffd69 	bl	0x1f4
     c4c:	e202000f 	and	r0, r2, #15
     c50:	e2800030 	add	r0, r0, #48	; 0x30
     c54:	ebfffd66 	bl	0x1f4
     c58:	e8bd8007 	pop	{r0, r1, r2, pc}
     c5c:	e92d4007 	push	{r0, r1, r2, lr}
     c60:	e59f106c 	ldr	r1, [pc, #108]	; 0xcd4
     c64:	e5910008 	ldr	r0, [r1, #8]
     c68:	ebfffff1 	bl	0xc34
     c6c:	e3a0003a 	mov	r0, #58	; 0x3a
     c70:	ebfffd5f 	bl	0x1f4
     c74:	e5910004 	ldr	r0, [r1, #4]
     c78:	ebffffed 	bl	0xc34
     c7c:	e3a0003a 	mov	r0, #58	; 0x3a
     c80:	ebfffd5b 	bl	0x1f4
     c84:	e5910000 	ldr	r0, [r1]
     c88:	ebffffe9 	bl	0xc34
     c8c:	e59f0054 	ldr	r0, [pc, #84]	; 0xce8
     c90:	ebfffe96 	bl	0x6f0
     c94:	e8bd8007 	pop	{r0, r1, r2, pc}
     c98:	e92d4007 	push	{r0, r1, r2, lr}
     c9c:	ebffffee 	bl	0xc5c
     ca0:	e8bd8007 	pop	{r0, r1, r2, pc}
     ca4:	e92d403e 	push	{r1, r2, r3, r4, r5, lr}
     ca8:	e59f1024 	ldr	r1, [pc, #36]	; 0xcd4
     cac:	e3c554ff 	bic	r5, r5, #-16777216	; 0xff000000
     cb0:	e5c15000 	strb	r5, [r1]
     cb4:	e1a05425 	lsr	r5, r5, #8
     cb8:	e5c15004 	strb	r5, [r1, #4]
     cbc:	e1a05425 	lsr	r5, r5, #8
     cc0:	e5c15008 	strb	r5, [r1, #8]
     cc4:	e8bd803e 	pop	{r1, r2, r3, r4, r5, pc}
     cc8:	00000d0a 	andeq	r0, r0, sl, lsl #26
     ccc:	44e00804 	strbtmi	r0, [r0], #2052	; 0x804
     cd0:	44e00800 	strbtmi	r0, [r0], #2048	; 0x800
     cd4:	44e3e000 	strbtmi	lr, [r3], #0
     cd8:	83e70b13 	mvnhi	r0, #19456	; 0x4c00
     cdc:	95a4f1e0 	strls	pc, [r4, #480]!	; 0x1e0
     ce0:	48200100 	stmdami	r0!, {r8}
     ce4:	48200000 	stmdami	r0!, {}	; <UNPREDICTABLE>
     ce8:	80000cc8 	andhi	r0, r0, r8, asr #25
     cec:	43f0e92d 	mvnsmi	lr, #737280	; 0xb4000
     cf0:	af00b089 	svcge	0x0000b089
     cf4:	71fb4603 	mvnsvc	r4, r3, lsl #12
     cf8:	461e466b 	ldrmi	r4, [lr], -fp, ror #12
     cfc:	77fb79fb 			; <UNDEFINED> instruction: 0x77fb79fb
     d00:	61bb2300 			; <UNDEFINED> instruction: 0x61bb2300
     d04:	7ffae00b 	svcvc	0x00fae00b
     d08:	43cdf64c 	bicmi	pc, sp, #76, 12	; 0x4c00000
     d0c:	43ccf6cc 	bicmi	pc, ip, #204, 12	; 0xcc00000
     d10:	2302fba3 	movwcs	pc, #11171	; 0x2ba3	; <UNPREDICTABLE>
     d14:	77fb08db 	ubfxvc	r0, fp, #17, #28
     d18:	330169bb 	movwcc	r6, #6587	; 0x19bb
     d1c:	7ffb61bb 	svcvc	0x00fb61bb
     d20:	d1f02b00 	mvnsle	r2, r0, lsl #22
     d24:	1e4b69b9 			; <UNDEFINED> instruction: 0x1e4b69b9
     d28:	460a60fb 			; <UNDEFINED> instruction: 0x460a60fb
     d2c:	46902300 	ldrmi	r2, [r0], r0, lsl #6
     d30:	f04f4699 			; <UNDEFINED> instruction: 0xf04f4699
     d34:	f04f0200 			; <UNDEFINED> instruction: 0xf04f0200
     d38:	ea4f0300 	b	0x13c1940
     d3c:	ea4303c9 	b	0x10c1c68
     d40:	ea4f7358 	b	0x13ddaa8
     d44:	460a02c8 	strmi	r0, [sl], -r8, asr #5
     d48:	46142300 	ldrmi	r2, [r4], -r0, lsl #6
     d4c:	f04f461d 			; <UNDEFINED> instruction: 0xf04f461d
     d50:	f04f0200 			; <UNDEFINED> instruction: 0xf04f0200
     d54:	00eb0300 	rsceq	r0, fp, r0, lsl #6
     d58:	7354ea43 	cmpvc	r4, #274432	; 0x43000
     d5c:	460b00e2 	strmi	r0, [fp], -r2, ror #1
     d60:	08db3307 	ldmeq	fp, {r0, r1, r2, r8, r9, ip, sp}^
     d64:	ebad00db 	bl	0xfeb410d8
     d68:	466b0d03 	strbtmi	r0, [fp], -r3, lsl #26
     d6c:	60bb3300 	adcsvs	r3, fp, r0, lsl #6
     d70:	617b2300 	cmnvs	fp, r0, lsl #6
     d74:	79fae020 	ldmibvc	sl!, {r5, sp, lr, pc}^
     d78:	43cdf64c 	bicmi	pc, sp, #76, 12	; 0x4c00000
     d7c:	43ccf6cc 	bicmi	pc, ip, #204, 12	; 0xcc00000
     d80:	1302fba3 	movwne	pc, #11171	; 0x2ba3	; <UNPREDICTABLE>
     d84:	460b08d9 			; <UNDEFINED> instruction: 0x460b08d9
     d88:	440b009b 	strmi	r0, [fp], #-155	; 0xffffff65
     d8c:	1ad3005b 	bne	0xff4c0f00
     d90:	3330b2db 	teqcc	r0, #-1342177267	; 0xb000000d
     d94:	68bab2d9 	ldmvs	sl!, {r0, r3, r4, r6, r7, r9, ip, sp, pc}
     d98:	4413697b 	ldrmi	r6, [r3], #-2427	; 0xfffff685
     d9c:	701a460a 	andsvc	r4, sl, sl, lsl #12
     da0:	f64c79fa 			; <UNDEFINED> instruction: 0xf64c79fa
     da4:	f6cc43cd 			; <UNDEFINED> instruction: 0xf6cc43cd
     da8:	fba343cc 	blx	0xfe8d1ce2
     dac:	08db2302 	ldmeq	fp, {r1, r8, r9, sp}^
     db0:	697b71fb 	ldmdbvs	fp!, {r0, r1, r3, r4, r5, r6, r7, r8, ip, sp, lr}^
     db4:	617b3301 	cmnvs	fp, r1, lsl #6
     db8:	69bb697a 	ldmibvs	fp!, {r1, r3, r4, r5, r6, r8, fp, sp, lr}
     dbc:	dbda429a 	blle	0xff69182c
     dc0:	3b0169bb 	blcc	0x5b4b4
     dc4:	e009613b 	and	r6, r9, fp, lsr r1
     dc8:	693b68ba 	ldmdbvs	fp!, {r1, r3, r4, r5, r7, fp, sp, lr}
     dcc:	781b4413 	ldmdavc	fp, {r0, r1, r4, sl, lr}
     dd0:	f7ff4618 			; <UNDEFINED> instruction: 0xf7ff4618
     dd4:	693bea10 	ldmdbvs	fp!, {r4, r9, fp, sp, lr, pc}
     dd8:	613b3b01 	teqvs	fp, r1, lsl #22
     ddc:	2b00693b 	blcs	0x1b2d0
     de0:	2300daf2 	movwcs	sp, #2802	; 0xaf2
     de4:	461846b5 			; <UNDEFINED> instruction: 0x461846b5
     de8:	46bd3724 	ldrtmi	r3, [sp], r4, lsr #14
     dec:	83f0e8bd 	mvnshi	lr, #12386304	; 0xbd0000
     df0:	43f0e92d 	mvnsmi	lr, #737280	; 0xb4000
     df4:	af00b08f 	svcge	0x0000b08f
     df8:	60b960f8 	ldrshtvs	r6, [r9], r8
     dfc:	71fb4613 	mvnsvc	r4, r3, lsl r6
     e00:	461e466b 	ldrmi	r4, [lr], -fp, ror #12
     e04:	f8872301 			; <UNDEFINED> instruction: 0xf8872301
     e08:	23003037 	movwcs	r3, #55	; 0x37
     e0c:	3036f887 	eorscc	pc, r6, r7, lsl #17
     e10:	1e4b68b9 	mcrne	8, 2, r6, cr11, cr9, {5}
     e14:	460a61fb 			; <UNDEFINED> instruction: 0x460a61fb
     e18:	46902300 	ldrmi	r2, [r0], r0, lsl #6
     e1c:	f04f4699 			; <UNDEFINED> instruction: 0xf04f4699
     e20:	f04f0200 			; <UNDEFINED> instruction: 0xf04f0200
     e24:	ea4f0300 	b	0x13c1a2c
     e28:	ea431349 	b	0x10c5b54
     e2c:	ea4f63d8 	b	0x13d9d94
     e30:	460a1248 	strmi	r1, [sl], -r8, asr #4
     e34:	46142300 	ldrmi	r2, [r4], -r0, lsl #6
     e38:	f04f461d 			; <UNDEFINED> instruction: 0xf04f461d
     e3c:	f04f0200 			; <UNDEFINED> instruction: 0xf04f0200
     e40:	016b0300 	cmneq	fp, r0, lsl #6
     e44:	63d4ea43 	bicsvs	lr, r4, #274432	; 0x43000
     e48:	460b0162 	strmi	r0, [fp], -r2, ror #2
     e4c:	3307009b 	movwcc	r0, #28827	; 0x709b
     e50:	00db08db 	ldrsbeq	r0, [fp], #139	; 0x8b
     e54:	0d03ebad 	vstreq	d14, [r3, #-692]	; 0xfffffd4c
     e58:	3303466b 	movwcc	r4, #13931	; 0x366b
     e5c:	009b089b 	umullseq	r0, fp, fp, r8
     e60:	230061bb 	movwcs	r6, #443	; 0x1bb
     e64:	e025633b 	eor	r6, r5, fp, lsr r3
     e68:	68fa6b3b 	ldmvs	sl!, {r0, r1, r3, r4, r5, r8, r9, fp, sp, lr}^
     e6c:	781b4413 	ldmdavc	fp, {r0, r1, r4, sl, lr}
     e70:	69bb4619 	ldmibvs	fp!, {r0, r3, r4, r9, sl, lr}
     e74:	f8436b3a 			; <UNDEFINED> instruction: 0xf8436b3a
     e78:	f8971022 			; <UNDEFINED> instruction: 0xf8971022
     e7c:	79fb2037 	ldmibvc	fp!, {r0, r1, r2, r4, r5, sp}^
     e80:	b2db4013 	sbcslt	r4, fp, #19
     e84:	d00d2b00 	andle	r2, sp, r0, lsl #22
     e88:	6b3a69bb 	blvs	0xe9b57c
     e8c:	3022f853 	eorcc	pc, r2, r3, asr r8	; <UNPREDICTABLE>
     e90:	69bb4259 	ldmibvs	fp!, {r0, r3, r4, r6, r9, lr}
     e94:	f8436b3a 			; <UNDEFINED> instruction: 0xf8436b3a
     e98:	f8971022 			; <UNDEFINED> instruction: 0xf8971022
     e9c:	33013036 	movwcc	r3, #4150	; 0x1036
     ea0:	3036f887 	eorscc	pc, r6, r7, lsl #17
     ea4:	3037f897 	mlascc	r7, r7, r8, pc	; <UNPREDICTABLE>
     ea8:	f887005b 			; <UNDEFINED> instruction: 0xf887005b
     eac:	6b3b3037 	blvs	0xeccf90
     eb0:	633b3301 	teqvs	fp, #67108864	; 0x4000000
     eb4:	68bb6b3a 	ldmvs	fp!, {r1, r3, r4, r5, r8, r9, fp, sp, lr}
     eb8:	dbd5429a 	blle	0xff551928
     ebc:	62bb2301 	adcsvs	r2, fp, #67108864	; 0x4000000
     ec0:	69bbe027 	ldmibvs	fp!, {r0, r1, r2, r5, sp, lr, pc}
     ec4:	f8536aba 			; <UNDEFINED> instruction: 0xf8536aba
     ec8:	617b3022 	cmnvs	fp, r2, lsr #32
     ecc:	3b016abb 	blcc	0x5b9c0
     ed0:	e00b62fb 	strd	r6, [fp], -fp
     ed4:	1c5a6afb 	mrrcne	10, 15, r6, sl, cr11
     ed8:	6af969bb 	bvs	0xffe5b5cc
     edc:	1021f853 	eorne	pc, r1, r3, asr r8	; <UNPREDICTABLE>
     ee0:	f84369bb 			; <UNDEFINED> instruction: 0xf84369bb
     ee4:	6afb1022 	bvs	0xffec4f74
     ee8:	62fb3b01 	rscsvs	r3, fp, #1024	; 0x400
     eec:	2b006afb 	blcs	0x1bae0
     ef0:	69bbdb06 	ldmibvs	fp!, {r1, r2, r8, r9, fp, ip, lr, pc}
     ef4:	f8536afa 			; <UNDEFINED> instruction: 0xf8536afa
     ef8:	697a3022 	ldmdbvs	sl!, {r1, r5, ip, sp}^
     efc:	dbe9429a 	blle	0xffa5196c
     f00:	1c5a6afb 	mrrcne	10, 15, r6, sl, cr11
     f04:	697969bb 	ldmdbvs	r9!, {r0, r1, r3, r4, r5, r7, r8, fp, sp, lr}^
     f08:	1022f843 	eorne	pc, r2, r3, asr #16
     f0c:	33016abb 	movwcc	r6, #6843	; 0x1abb
     f10:	6aba62bb 	bvs	0xfee99a04
     f14:	429a68bb 	addsmi	r6, sl, #12255232	; 0xbb0000
     f18:	2300dbd3 	movwcs	sp, #3027	; 0xbd3
     f1c:	e01a627b 	ands	r6, sl, fp, ror r2
     f20:	6a7a69bb 	bvs	0x1e9b614
     f24:	3022f853 	eorcc	pc, r2, r3, asr r8	; <UNPREDICTABLE>
     f28:	da082b00 	ble	0x20bb30
     f2c:	6a7a69bb 	bvs	0x1e9b620
     f30:	3022f853 	eorcc	pc, r2, r3, asr r8	; <UNPREDICTABLE>
     f34:	69bb4259 	ldmibvs	fp!, {r0, r3, r4, r6, r9, lr}
     f38:	f8436a7a 			; <UNDEFINED> instruction: 0xf8436a7a
     f3c:	69bb1022 	ldmibvs	fp!, {r1, r5, ip}
     f40:	f8536a7a 			; <UNDEFINED> instruction: 0xf8536a7a
     f44:	6a7b1022 	bvs	0x1ec4fd4
     f48:	441368fa 	ldrmi	r6, [r3], #-2298	; 0xfffff706
     f4c:	701ab2ca 	andsvc	fp, sl, sl, asr #5
     f50:	33016a7b 	movwcc	r6, #6779	; 0x1a7b
     f54:	6a7a627b 	bvs	0x1e99948
     f58:	429a68bb 	addsmi	r6, sl, #12255232	; 0xbb0000
     f5c:	2301dbe0 	movwcs	sp, #7136	; 0x1be0
     f60:	3037f887 	eorscc	pc, r7, r7, lsl #17
     f64:	f7ff207b 			; <UNDEFINED> instruction: 0xf7ff207b
     f68:	2300e946 	movwcs	lr, #2374	; 0x946
     f6c:	e025623b 	eor	r6, r5, fp, lsr r2
     f70:	3036f897 	mlascc	r6, r7, r8, pc	; <UNPREDICTABLE>
     f74:	d0072b00 	andle	r2, r7, r0, lsl #22
     f78:	f7ff202d 			; <UNDEFINED> instruction: 0xf7ff202d
     f7c:	f897e93c 			; <UNDEFINED> instruction: 0xf897e93c
     f80:	3b013036 	blcc	0x4d060
     f84:	3036f887 	eorscc	pc, r6, r7, lsl #17
     f88:	3037f897 	mlascc	r7, r7, r8, pc	; <UNPREDICTABLE>
     f8c:	f887005b 			; <UNDEFINED> instruction: 0xf887005b
     f90:	6a3b3037 	bvs	0xecd074
     f94:	441368fa 	ldrmi	r6, [r3], #-2298	; 0xfffff706
     f98:	4618781b 			; <UNDEFINED> instruction: 0x4618781b
     f9c:	fea6f7ff 	mcr2	7, 5, pc, cr6, cr15, {7}	; <UNPREDICTABLE>
     fa0:	3b0168bb 	blcc	0x5b294
     fa4:	429a6a3a 	addsmi	r6, sl, #237568	; 0x3a000
     fa8:	202cd005 	eorcs	sp, ip, r5
     fac:	e922f7ff 	stmdb	r2!, {r0, r1, r2, r3, r4, r5, r6, r7, r8, r9, sl, ip, sp, lr, pc}
     fb0:	f7ff2020 			; <UNDEFINED> instruction: 0xf7ff2020
     fb4:	6a3be920 	bvs	0xefb43c
     fb8:	623b3301 	eorsvs	r3, fp, #67108864	; 0x4000000
     fbc:	68bb6a3a 	ldmvs	fp!, {r1, r3, r4, r5, r9, fp, sp, lr}
     fc0:	dbd5429a 	blle	0xff551a30
     fc4:	f7ff207d 			; <UNDEFINED> instruction: 0xf7ff207d
     fc8:	2300e916 	movwcs	lr, #2326	; 0x916
     fcc:	461846b5 			; <UNDEFINED> instruction: 0x461846b5
     fd0:	46bd373c 			; <UNDEFINED> instruction: 0x46bd373c
     fd4:	83f0e8bd 	mvnshi	lr, #12386304	; 0xbd0000
	...
     fe0:	6c6c6548 	cfstr64vs	mvdx6, [ip], #-288	; 0xfffffee0
     fe4:	6f77206f 	svcvs	0x0077206f
     fe8:	21646c72 	smccs	18114	; 0x46c2
     fec:	0d0a2121 	stfeqs	f2, [sl, #-132]	; 0xffffff7c
     ff0:	52490000 	subpl	r0, r9, #0
     ff4:	6f4d2051 	svcvs	0x004d2051
     ff8:	0a216564 	beq	0x85a590
     ffc:	4946000d 	stmdbmi	r6, {r0, r2, r3}^
    1000:	6f4d2051 	svcvs	0x004d2051
    1004:	0a216564 	beq	0x85a59c
    1008:	7250000d 	subsvc	r0, r0, #13
    100c:	74656665 	strbtvc	r6, [r5], #-1637	; 0xfffff99b
    1010:	41206863 			; <UNDEFINED> instruction: 0x41206863
    1014:	74726f62 	ldrbtvc	r6, [r2], #-3938	; 0xfffff09e
    1018:	000d0a21 	andeq	r0, sp, r1, lsr #20
    101c:	61746144 	cmnvs	r4, r4, asr #2
    1020:	6f624120 	svcvs	0x00624120
    1024:	0a217472 	beq	0x85e1f4
    1028:	6e55000d 	cdpvs	0, 5, cr0, cr5, cr13, {0}
    102c:	69666564 	stmdbvs	r6!, {r2, r5, r6, r8, sl, sp, lr}^
    1030:	2064656e 	rsbcs	r6, r4, lr, ror #10
    1034:	65637845 	strbvs	r7, [r3, #-2117]!	; 0xfffff7bb
    1038:	6f697470 	svcvs	0x00697470
    103c:	0d0a216e 	stfeqs	f2, [sl, #-440]	; 0xfffffe48
    1040:	666f5300 	strbtvs	r5, [pc], -r0, lsl #6
    1044:	72617774 	rsbvc	r7, r1, #116, 14	; 0x1d00000
    1048:	6e492065 	cdpvs	0, 4, cr2, cr9, cr5, {3}
    104c:	72726574 	rsbsvc	r6, r2, #116, 10	; 0x1d000000
    1050:	20747075 	rsbscs	r7, r4, r5, ror r0
    1054:	626d754e 	rsbvs	r7, sp, #327155712	; 0x13800000
    1058:	203a7265 	eorscs	r7, sl, r5, ror #4
    105c:	30000d0a 	andcc	r0, r0, sl, lsl #26
    1060:	34333231 	ldrtcc	r3, [r3], #-561	; 0xfffffdcf
    1064:	38373635 	ldmdacc	r7!, {r0, r2, r4, r5, r9, sl, ip, sp}
    1068:	43424139 	movtmi	r4, #8505	; 0x2139
    106c:	00464544 	subeq	r4, r6, r4, asr #10
    1070:	2d2d2d2d 	stccs	13, cr2, [sp, #-180]!	; 0xffffff4c
    1074:	2d2d2d2d 	stccs	13, cr2, [sp, #-180]!	; 0xffffff4c
    1078:	2d2d2d2d 	stccs	13, cr2, [sp, #-180]!	; 0xffffff4c
    107c:	2d2d2d2d 	stccs	13, cr2, [sp, #-180]!	; 0xffffff4c
    1080:	2d2d2d2d 	stccs	13, cr2, [sp, #-180]!	; 0xffffff4c
    1084:	2d2d2d2d 	stccs	13, cr2, [sp, #-180]!	; 0xffffff4c
    1088:	000d0a2d 	andeq	r0, sp, sp, lsr #20
    108c:	0a007830 	beq	0x1f154
    1090:	2020000d 	eorcs	r0, r0, sp
    1094:	0020203a 	eoreq	r2, r0, sl, lsr r0
